<?xml version="1.0" encoding="UTF-8"?>
<testsuite xmlns:xsi="http://www.w3.org/2001/XMLSchema-instance" xsi:noNamespaceSchemaLocation="https://maven.apache.org/surefire/maven-surefire-plugin/xsd/surefire-test-report-3.0.xsd" version="3.0" name="TestSuite" time="56.443" tests="1" errors="0" skipped="0" failures="0">
  <properties>
[...]
</properties>
  <testcase name="runScenario[&quot;Log in to page with valid credentials&quot;, &quot;Login Page Functionnality&quot;](1)" classname="runner.Runner" time="53.49">
    <system-out><![CDATA[22:26:33.327 [main] DEBUG org.testng.TestNG -- suiteXmlPath: "C:\Users\ganah\IdeaProjects\Cucumber_Project_03_28_2023_job\src\test\resources\test.xml"

@Test
Scenario: Log in to page with valid credentials # src/test/java/features/login.feature:5
Connection to POSTGRES DB SUCCESSFULL
column name : auth-autolazare-558fb
Connection to POSTGRES DB SUCCESSFULL
column name : f8d0a4b4-e059-4b39-a9eb-366965b887b1
Using Sauce Labs
22:26:36.270 [main] DEBUG io.netty.util.internal.logging.InternalLoggerFactory -- Using SLF4J as the default logging framework
22:26:36.285 [main] DEBUG io.netty.util.ResourceLeakDetector -- -Dio.netty.leakDetection.level: simple
22:26:36.285 [main] DEBUG io.netty.util.ResourceLeakDetector -- -Dio.netty.leakDetection.targetRecords: 4
22:26:36.290 [main] DEBUG io.netty.util.ResourceLeakDetectorFactory -- Loaded default ResourceLeakDetector: io.netty.util.ResourceLeakDetector@3ad4a7d6
22:26:36.313 [main] DEBUG io.netty.util.internal.PlatformDependent0 -- -Dio.netty.noUnsafe: false
22:26:36.313 [main] DEBUG io.netty.util.internal.PlatformDependent0 -- Java version: 11
22:26:36.317 [main] DEBUG io.netty.util.internal.PlatformDependent0 -- sun.misc.Unsafe.theUnsafe: available
22:26:36.318 [main] DEBUG io.netty.util.internal.PlatformDependent0 -- sun.misc.Unsafe.copyMemory: available
22:26:36.319 [main] DEBUG io.netty.util.internal.PlatformDependent0 -- sun.misc.Unsafe.storeFence: available
22:26:36.319 [main] DEBUG io.netty.util.internal.PlatformDependent0 -- java.nio.Buffer.address: available
22:26:36.319 [main] DEBUG io.netty.util.internal.PlatformDependent0 -- direct buffer constructor: unavailable: Reflective setAccessible(true) disabled
22:26:36.319 [main] DEBUG io.netty.util.internal.PlatformDependent0 -- java.nio.Bits.unaligned: available, true
22:26:36.319 [main] DEBUG io.netty.util.internal.PlatformDependent0 -- jdk.internal.misc.Unsafe.allocateUninitializedArray(int): unavailable: class io.netty.util.internal.PlatformDependent0$7 cannot access class jdk.internal.misc.Unsafe (in module java.base) because module java.base does not export jdk.internal.misc to unnamed module @71984c3
22:26:36.319 [main] DEBUG io.netty.util.internal.PlatformDependent0 -- java.nio.DirectByteBuffer.<init>(long, int): unavailable
22:26:36.319 [main] DEBUG io.netty.util.internal.PlatformDependent -- sun.misc.Unsafe: available
22:26:36.319 [main] DEBUG io.netty.util.internal.PlatformDependent -- maxDirectMemory: 2090860544 bytes (maybe)
22:26:36.319 [main] DEBUG io.netty.util.internal.PlatformDependent -- -Dio.netty.tmpdir: C:\Users\ganah\AppData\Local\Temp (java.io.tmpdir)
22:26:36.319 [main] DEBUG io.netty.util.internal.PlatformDependent -- -Dio.netty.bitMode: 64 (sun.arch.data.model)
22:26:36.319 [main] DEBUG io.netty.util.internal.PlatformDependent -- Platform: Windows
22:26:36.319 [main] DEBUG io.netty.util.internal.PlatformDependent -- -Dio.netty.maxDirectMemory: -1 bytes
22:26:36.319 [main] DEBUG io.netty.util.internal.PlatformDependent -- -Dio.netty.uninitializedArrayAllocationThreshold: -1
22:26:36.319 [main] DEBUG io.netty.util.internal.CleanerJava9 -- java.nio.ByteBuffer.cleaner(): available
22:26:36.319 [main] DEBUG io.netty.util.internal.PlatformDependent -- -Dio.netty.noPreferDirect: false
22:26:36.319 [main] DEBUG io.netty.util.internal.PlatformDependent -- org.jctools-core.MpscChunkedArrayQueue: available
22:26:36.351 [main] DEBUG io.netty.util.internal.InternalThreadLocalMap -- -Dio.netty.threadLocalMap.stringBuilder.initialSize: 1024
22:26:36.351 [main] DEBUG io.netty.util.internal.InternalThreadLocalMap -- -Dio.netty.threadLocalMap.stringBuilder.maxSize: 4096
22:26:36.696 [main] DEBUG io.netty.handler.ssl.JdkSslContext -- Default protocols (JDK): [TLSv1.3, TLSv1.2] 
22:26:36.696 [main] DEBUG io.netty.handler.ssl.JdkSslContext -- Default cipher suites (JDK): [TLS_ECDHE_ECDSA_WITH_AES_256_GCM_SHA384, TLS_ECDHE_ECDSA_WITH_AES_128_GCM_SHA256, TLS_ECDHE_RSA_WITH_AES_128_GCM_SHA256, TLS_ECDHE_RSA_WITH_AES_256_GCM_SHA384, TLS_ECDHE_RSA_WITH_AES_128_CBC_SHA, TLS_ECDHE_RSA_WITH_AES_256_CBC_SHA, TLS_RSA_WITH_AES_128_GCM_SHA256, TLS_RSA_WITH_AES_128_CBC_SHA, TLS_RSA_WITH_AES_256_CBC_SHA, TLS_AES_128_GCM_SHA256, TLS_AES_256_GCM_SHA384]
22:26:36.723 [main] DEBUG io.netty.util.concurrent.GlobalEventExecutor -- -Dio.netty.globalEventExecutor.quietPeriodSeconds: 1
22:26:36.752 [main] DEBUG io.netty.channel.MultithreadEventLoopGroup -- -Dio.netty.eventLoopThreads: 16
22:26:36.772 [main] DEBUG io.netty.channel.nio.NioEventLoop -- -Dio.netty.noKeySetOptimization: false
22:26:36.772 [main] DEBUG io.netty.channel.nio.NioEventLoop -- -Dio.netty.selectorAutoRebuildThreshold: 512
22:26:36.849 [main] DEBUG io.netty.buffer.PooledByteBufAllocator -- -Dio.netty.allocator.numHeapArenas: 16
22:26:36.850 [main] DEBUG io.netty.buffer.PooledByteBufAllocator -- -Dio.netty.allocator.numDirectArenas: 16
22:26:36.850 [main] DEBUG io.netty.buffer.PooledByteBufAllocator -- -Dio.netty.allocator.pageSize: 8192
22:26:36.850 [main] DEBUG io.netty.buffer.PooledByteBufAllocator -- -Dio.netty.allocator.maxOrder: 9
22:26:36.850 [main] DEBUG io.netty.buffer.PooledByteBufAllocator -- -Dio.netty.allocator.chunkSize: 4194304
22:26:36.850 [main] DEBUG io.netty.buffer.PooledByteBufAllocator -- -Dio.netty.allocator.smallCacheSize: 256
22:26:36.850 [main] DEBUG io.netty.buffer.PooledByteBufAllocator -- -Dio.netty.allocator.normalCacheSize: 64
22:26:36.850 [main] DEBUG io.netty.buffer.PooledByteBufAllocator -- -Dio.netty.allocator.maxCachedBufferCapacity: 32768
22:26:36.850 [main] DEBUG io.netty.buffer.PooledByteBufAllocator -- -Dio.netty.allocator.cacheTrimInterval: 8192
22:26:36.850 [main] DEBUG io.netty.buffer.PooledByteBufAllocator -- -Dio.netty.allocator.cacheTrimIntervalMillis: 0
22:26:36.851 [main] DEBUG io.netty.buffer.PooledByteBufAllocator -- -Dio.netty.allocator.useCacheForAllThreads: false
22:26:36.851 [main] DEBUG io.netty.buffer.PooledByteBufAllocator -- -Dio.netty.allocator.maxCachedByteBuffersPerChunk: 1023
22:26:36.880 [main] DEBUG io.netty.buffer.ByteBufUtil -- -Dio.netty.allocator.type: pooled
22:26:36.880 [main] DEBUG io.netty.buffer.ByteBufUtil -- -Dio.netty.threadLocalDirectBufferSize: 0
22:26:36.880 [main] DEBUG io.netty.buffer.ByteBufUtil -- -Dio.netty.maxThreadLocalCharBufferSize: 16384
22:26:37.371 [Forwarding newSession on session null to remote] DEBUG io.netty.channel.DefaultChannelId -- -Dio.netty.processId: 19760 (auto-detected)
22:26:37.371 [Forwarding newSession on session null to remote] DEBUG io.netty.util.NetUtil -- -Djava.net.preferIPv4Stack: false
22:26:37.371 [Forwarding newSession on session null to remote] DEBUG io.netty.util.NetUtil -- -Djava.net.preferIPv6Addresses: false
22:26:37.539 [Forwarding newSession on session null to remote] DEBUG io.netty.util.NetUtilInitializations -- Loopback interface: lo (Software Loopback Interface 1, 127.0.0.1)
22:26:37.539 [Forwarding newSession on session null to remote] DEBUG io.netty.util.NetUtil -- Failed to get SOMAXCONN from sysctl and file \proc\sys\net\core\somaxconn. Default: 200
22:26:37.553 [Forwarding newSession on session null to remote] DEBUG io.netty.channel.DefaultChannelId -- -Dio.netty.machineId: 68:3e:26:ff:fe:44:81:12 (auto-detected)
22:26:37.602 [AsyncHttpClient-1-2] DEBUG io.netty.buffer.AbstractByteBuf -- -Dio.netty.buffer.checkAccessible: true
22:26:37.602 [AsyncHttpClient-1-2] DEBUG io.netty.buffer.AbstractByteBuf -- -Dio.netty.buffer.checkBounds: true
22:26:37.602 [AsyncHttpClient-1-2] DEBUG io.netty.util.ResourceLeakDetectorFactory -- Loaded default ResourceLeakDetector: io.netty.util.ResourceLeakDetector@749d24a2
22:26:37.835 [AsyncHttpClient-1-2] DEBUG io.netty.util.Recycler -- -Dio.netty.recycler.maxCapacityPerThread: 4096
22:26:37.835 [AsyncHttpClient-1-2] DEBUG io.netty.util.Recycler -- -Dio.netty.recycler.ratio: 8
22:26:37.835 [AsyncHttpClient-1-2] DEBUG io.netty.util.Recycler -- -Dio.netty.recycler.chunkSize: 32
22:26:37.835 [AsyncHttpClient-1-2] DEBUG io.netty.util.Recycler -- -Dio.netty.recycler.blocking: false
22:26:37.835 [AsyncHttpClient-1-2] DEBUG io.netty.util.Recycler -- -Dio.netty.recycler.batchFastThreadLocalOnly: true
22:26:37.970 [AsyncHttpClient-1-2] DEBUG io.netty.handler.ssl.util.InsecureTrustManagerFactory -- Accepting a server certificate: CN=ondemand.us-west-1.saucelabs.com
22:26:38.119 [AsyncHttpClient-1-2] DEBUG org.asynchttpclient.netty.channel.NettyConnectListener -- Using new Channel '[id: 0x7b050763, L:/192.168.1.146:49736 - R:ondemand.us-west-1.saucelabs.com/66.85.52.224:443]' for 'POST' to '/wd/hub/session'
22:26:38.140 [AsyncHttpClient-1-2] DEBUG io.netty.handler.ssl.SslHandler -- [id: 0x7b050763, L:/192.168.1.146:49736 - R:ondemand.us-west-1.saucelabs.com/66.85.52.224:443] HANDSHAKEN: protocol:TLSv1.2 cipher suite:TLS_ECDHE_RSA_WITH_AES_128_GCM_SHA256
22:26:44.033 [AsyncHttpClient-1-2] DEBUG io.netty.handler.codec.compression.Brotli -- brotli4j not in the classpath; Brotli support will be unavailable.
22:26:44.033 [AsyncHttpClient-1-2] DEBUG org.asynchttpclient.netty.handler.HttpHandler -- 

Request DefaultHttpRequest(decodeResult: success, version: HTTP/1.1)
POST /wd/hub/session HTTP/1.1
User-Agent: selenium/4.9.0 (java windows)
traceparent: 00-cb7c0318fd33254ab31db1172924b51f-7cd5c624b13f13c4-01
Content-Length: 434
Content-Type: application/json; charset=utf-8
host: ondemand.us-west-1.saucelabs.com
authorization: Basic b2F1dGgtYXV0b2xhemFyZS01NThmYjpmOGQwYTRiNC1lMDU5LTRiMzktYTllYi0zNjY5NjViODg3YjE=
accept: */*

Response DefaultHttpResponse(decodeResult: success, version: HTTP/1.1)
HTTP/1.1 200 OK
content-length: 977
content-type: application/json;charset=UTF-8
date: Fri, 12 May 2023 02:26:38 GMT
server: monocle/0.42
x-request-id: 7462d7fc-f03e-4f95-83ac-f4ae5956b24e

22:26:44.046 [AsyncHttpClient-1-2] DEBUG org.asynchttpclient.netty.channel.ChannelManager -- Adding key: https://ondemand.us-west-1.saucelabs.com:443 for channel [id: 0x7b050763, L:/192.168.1.146:49736 - R:ondemand.us-west-1.saucelabs.com/66.85.52.224:443]
22:26:44.304 [Forwarding get on session 6e478f60247a41e29a4342741c3b2594 to remote] DEBUG org.asynchttpclient.netty.request.NettyRequestSender -- Using pooled Channel '[id: 0x7b050763, L:/192.168.1.146:49736 - R:ondemand.us-west-1.saucelabs.com/66.85.52.224:443]' for 'POST' to 'https://oauth-autolazare-558fb:f8d0a4b4-e059-4b39-a9eb-366965b887b1@ondemand.us-west-1.saucelabs.com:443/wd/hub/session/6e478f60247a41e29a4342741c3b2594/url'
22:26:44.304 [Forwarding get on session 6e478f60247a41e29a4342741c3b2594 to remote] DEBUG org.asynchttpclient.netty.request.NettyRequestSender -- Using open Channel [id: 0x7b050763, L:/192.168.1.146:49736 - R:ondemand.us-west-1.saucelabs.com/66.85.52.224:443] for POST '/wd/hub/session/6e478f60247a41e29a4342741c3b2594/url'
22:26:48.488 [AsyncHttpClient-1-2] DEBUG org.asynchttpclient.netty.handler.HttpHandler -- 

Request DefaultHttpRequest(decodeResult: success, version: HTTP/1.1)
POST /wd/hub/session/6e478f60247a41e29a4342741c3b2594/url HTTP/1.1
User-Agent: selenium/4.9.0 (java windows)
traceparent: 00-9d402f48cdf13204049ac4a4ece340af-21cc568b15dadabd-01
Content-Length: 111
Content-Type: application/json; charset=utf-8
host: ondemand.us-west-1.saucelabs.com
authorization: Basic b2F1dGgtYXV0b2xhemFyZS01NThmYjpmOGQwYTRiNC1lMDU5LTRiMzktYTllYi0zNjY5NjViODg3YjE=
accept: */*

Response DefaultHttpResponse(decodeResult: success, version: HTTP/1.1)
HTTP/1.1 200 OK
content-length: 15
content-type: application/json;charset=UTF-8
date: Fri, 12 May 2023 02:26:44 GMT
server: monocle/0.42
x-request-id: 5127bd9c-55c5-40f3-9afb-d8d315e40eab

22:26:48.488 [AsyncHttpClient-1-2] DEBUG org.asynchttpclient.netty.channel.ChannelManager -- Adding key: https://ondemand.us-west-1.saucelabs.com:443 for channel [id: 0x7b050763, L:/192.168.1.146:49736 - R:ondemand.us-west-1.saucelabs.com/66.85.52.224:443]
22:26:48.499 [Forwarding getTitle on session 6e478f60247a41e29a4342741c3b2594 to remote] DEBUG org.asynchttpclient.netty.request.NettyRequestSender -- Using pooled Channel '[id: 0x7b050763, L:/192.168.1.146:49736 - R:ondemand.us-west-1.saucelabs.com/66.85.52.224:443]' for 'GET' to 'https://oauth-autolazare-558fb:f8d0a4b4-e059-4b39-a9eb-366965b887b1@ondemand.us-west-1.saucelabs.com:443/wd/hub/session/6e478f60247a41e29a4342741c3b2594/title'
22:26:48.499 [Forwarding getTitle on session 6e478f60247a41e29a4342741c3b2594 to remote] DEBUG org.asynchttpclient.netty.request.NettyRequestSender -- Using open Channel [id: 0x7b050763, L:/192.168.1.146:49736 - R:ondemand.us-west-1.saucelabs.com/66.85.52.224:443] for GET '/wd/hub/session/6e478f60247a41e29a4342741c3b2594/title'
22:26:48.665 [AsyncHttpClient-1-2] DEBUG org.asynchttpclient.netty.handler.HttpHandler -- 

Request DefaultFullHttpRequest(decodeResult: success, version: HTTP/1.1, content: EmptyByteBufBE)
GET /wd/hub/session/6e478f60247a41e29a4342741c3b2594/title HTTP/1.1
User-Agent: selenium/4.9.0 (java windows)
Cache-Control: no-cache
traceparent: 00-b8424dfa3ecc9751387141b5dff74adc-e24a9a14da472a0e-01
Content-Type: application/json; charset=utf-8
host: ondemand.us-west-1.saucelabs.com
authorization: Basic b2F1dGgtYXV0b2xhemFyZS01NThmYjpmOGQwYTRiNC1lMDU5LTRiMzktYTllYi0zNjY5NjViODg3YjE=
accept: */*

Response DefaultHttpResponse(decodeResult: success, version: HTTP/1.1)
HTTP/1.1 200 OK
content-length: 57
content-type: application/json;charset=UTF-8
date: Fri, 12 May 2023 02:26:48 GMT
server: monocle/0.42
x-request-id: 85c2c33e-10cf-4282-96ca-cf7dd0bda8d4

22:26:48.665 [AsyncHttpClient-1-2] DEBUG org.asynchttpclient.netty.channel.ChannelManager -- Adding key: https://ondemand.us-west-1.saucelabs.com:443 for channel [id: 0x7b050763, L:/192.168.1.146:49736 - R:ondemand.us-west-1.saucelabs.com/66.85.52.224:443]
We Are in WEbSite :   SoftAssert in TestNG example | Selenium Easy
22:26:48.746 [AsyncHttpClient-1-1] DEBUG org.asynchttpclient.netty.channel.DefaultChannelPool -- Entry count for : https://ondemand.us-west-1.saucelabs.com:443 : 1
22:26:48.781 [Forwarding setTimeout on session 6e478f60247a41e29a4342741c3b2594 to remote] DEBUG org.asynchttpclient.netty.request.NettyRequestSender -- Using pooled Channel '[id: 0x7b050763, L:/192.168.1.146:49736 - R:ondemand.us-west-1.saucelabs.com/66.85.52.224:443]' for 'POST' to 'https://oauth-autolazare-558fb:f8d0a4b4-e059-4b39-a9eb-366965b887b1@ondemand.us-west-1.saucelabs.com:443/wd/hub/session/6e478f60247a41e29a4342741c3b2594/timeouts'
22:26:48.796 [Forwarding setTimeout on session 6e478f60247a41e29a4342741c3b2594 to remote] DEBUG org.asynchttpclient.netty.request.NettyRequestSender -- Using open Channel [id: 0x7b050763, L:/192.168.1.146:49736 - R:ondemand.us-west-1.saucelabs.com/66.85.52.224:443] for POST '/wd/hub/session/6e478f60247a41e29a4342741c3b2594/timeouts'
22:26:48.915 [AsyncHttpClient-1-2] DEBUG org.asynchttpclient.netty.handler.HttpHandler -- 

Request DefaultHttpRequest(decodeResult: success, version: HTTP/1.1)
POST /wd/hub/session/6e478f60247a41e29a4342741c3b2594/timeouts HTTP/1.1
User-Agent: selenium/4.9.0 (java windows)
traceparent: 00-73f0d411b7ca418dec0b8874390edcb1-00d91628429fcdb5-01
Content-Length: 21
Content-Type: application/json; charset=utf-8
host: ondemand.us-west-1.saucelabs.com
authorization: Basic b2F1dGgtYXV0b2xhemFyZS01NThmYjpmOGQwYTRiNC1lMDU5LTRiMzktYTllYi0zNjY5NjViODg3YjE=
accept: */*

Response DefaultHttpResponse(decodeResult: success, version: HTTP/1.1)
HTTP/1.1 200 OK
content-length: 15
content-type: application/json;charset=UTF-8
date: Fri, 12 May 2023 02:26:48 GMT
server: monocle/0.42
x-request-id: 4e807330-b71a-47b4-a486-6126edca98a1

22:26:48.915 [AsyncHttpClient-1-2] DEBUG org.asynchttpclient.netty.channel.ChannelManager -- Adding key: https://ondemand.us-west-1.saucelabs.com:443 for channel [id: 0x7b050763, L:/192.168.1.146:49736 - R:ondemand.us-west-1.saucelabs.com/66.85.52.224:443]
22:26:49.048 [Forwarding executeScript on session 6e478f60247a41e29a4342741c3b2594 to remote] DEBUG org.asynchttpclient.netty.request.NettyRequestSender -- Using pooled Channel '[id: 0x7b050763, L:/192.168.1.146:49736 - R:ondemand.us-west-1.saucelabs.com/66.85.52.224:443]' for 'POST' to 'https://oauth-autolazare-558fb:f8d0a4b4-e059-4b39-a9eb-366965b887b1@ondemand.us-west-1.saucelabs.com:443/wd/hub/session/6e478f60247a41e29a4342741c3b2594/execute/sync'
22:26:49.048 [Forwarding executeScript on session 6e478f60247a41e29a4342741c3b2594 to remote] DEBUG org.asynchttpclient.netty.request.NettyRequestSender -- Using open Channel [id: 0x7b050763, L:/192.168.1.146:49736 - R:ondemand.us-west-1.saucelabs.com/66.85.52.224:443] for POST '/wd/hub/session/6e478f60247a41e29a4342741c3b2594/execute/sync'
22:26:49.713 [AsyncHttpClient-1-2] DEBUG org.asynchttpclient.netty.handler.HttpHandler -- 

Request DefaultHttpRequest(decodeResult: success, version: HTTP/1.1)
POST /wd/hub/session/6e478f60247a41e29a4342741c3b2594/execute/sync HTTP/1.1
User-Agent: selenium/4.9.0 (java windows)
traceparent: 00-0d45b9f692b367b7b9241018cdeb2f27-c3ab09f18bb248bb-01
Content-Length: 323605
Content-Type: application/json; charset=utf-8
host: ondemand.us-west-1.saucelabs.com
authorization: Basic b2F1dGgtYXV0b2xhemFyZS01NThmYjpmOGQwYTRiNC1lMDU5LTRiMzktYTllYi0zNjY5NjViODg3YjE=
accept: */*

Response DefaultHttpResponse(decodeResult: success, version: HTTP/1.1)
HTTP/1.1 200 OK
content-length: 15
content-type: application/json;charset=UTF-8
date: Fri, 12 May 2023 02:26:49 GMT
server: monocle/0.42
x-request-id: aaaf7424-437c-4cb9-b0ff-a4cb0037d5fe

22:26:49.713 [AsyncHttpClient-1-2] DEBUG org.asynchttpclient.netty.channel.ChannelManager -- Adding key: https://ondemand.us-west-1.saucelabs.com:443 for channel [id: 0x7b050763, L:/192.168.1.146:49736 - R:ondemand.us-west-1.saucelabs.com/66.85.52.224:443]
22:26:49.730 [Forwarding executeScript on session 6e478f60247a41e29a4342741c3b2594 to remote] DEBUG org.asynchttpclient.netty.request.NettyRequestSender -- Using pooled Channel '[id: 0x7b050763, L:/192.168.1.146:49736 - R:ondemand.us-west-1.saucelabs.com/66.85.52.224:443]' for 'POST' to 'https://oauth-autolazare-558fb:f8d0a4b4-e059-4b39-a9eb-366965b887b1@ondemand.us-west-1.saucelabs.com:443/wd/hub/session/6e478f60247a41e29a4342741c3b2594/execute/sync'
22:26:49.730 [Forwarding executeScript on session 6e478f60247a41e29a4342741c3b2594 to remote] DEBUG org.asynchttpclient.netty.request.NettyRequestSender -- Using open Channel [id: 0x7b050763, L:/192.168.1.146:49736 - R:ondemand.us-west-1.saucelabs.com/66.85.52.224:443] for POST '/wd/hub/session/6e478f60247a41e29a4342741c3b2594/execute/sync'
22:26:49.863 [AsyncHttpClient-1-2] DEBUG org.asynchttpclient.netty.handler.HttpHandler -- 

Request DefaultHttpRequest(decodeResult: success, version: HTTP/1.1)
POST /wd/hub/session/6e478f60247a41e29a4342741c3b2594/execute/sync HTTP/1.1
User-Agent: selenium/4.9.0 (java windows)
traceparent: 00-676c6dad228c6ba90311037afd396a4e-415b6ceaa6a8834d-01
Content-Length: 85
Content-Type: application/json; charset=utf-8
host: ondemand.us-west-1.saucelabs.com
authorization: Basic b2F1dGgtYXV0b2xhemFyZS01NThmYjpmOGQwYTRiNC1lMDU5LTRiMzktYTllYi0zNjY5NjViODg3YjE=
accept: */*

Response DefaultHttpResponse(decodeResult: success, version: HTTP/1.1)
HTTP/1.1 200 OK
content-length: 16
content-type: application/json;charset=UTF-8
date: Fri, 12 May 2023 02:26:49 GMT
server: monocle/0.42
x-request-id: ba1a3d17-3bf8-4041-8fde-5636735e8fc5

22:26:49.863 [AsyncHttpClient-1-2] DEBUG org.asynchttpclient.netty.channel.ChannelManager -- Adding key: https://ondemand.us-west-1.saucelabs.com:443 for channel [id: 0x7b050763, L:/192.168.1.146:49736 - R:ondemand.us-west-1.saucelabs.com/66.85.52.224:443]
22:26:49.896 [Forwarding switchToFrame on session 6e478f60247a41e29a4342741c3b2594 to remote] DEBUG org.asynchttpclient.netty.request.NettyRequestSender -- Using pooled Channel '[id: 0x7b050763, L:/192.168.1.146:49736 - R:ondemand.us-west-1.saucelabs.com/66.85.52.224:443]' for 'POST' to 'https://oauth-autolazare-558fb:f8d0a4b4-e059-4b39-a9eb-366965b887b1@ondemand.us-west-1.saucelabs.com:443/wd/hub/session/6e478f60247a41e29a4342741c3b2594/frame'
22:26:49.896 [Forwarding switchToFrame on session 6e478f60247a41e29a4342741c3b2594 to remote] DEBUG org.asynchttpclient.netty.request.NettyRequestSender -- Using open Channel [id: 0x7b050763, L:/192.168.1.146:49736 - R:ondemand.us-west-1.saucelabs.com/66.85.52.224:443] for POST '/wd/hub/session/6e478f60247a41e29a4342741c3b2594/frame'
22:26:50.131 [AsyncHttpClient-1-2] DEBUG org.asynchttpclient.netty.handler.HttpHandler -- 

Request DefaultHttpRequest(decodeResult: success, version: HTTP/1.1)
POST /wd/hub/session/6e478f60247a41e29a4342741c3b2594/frame HTTP/1.1
User-Agent: selenium/4.9.0 (java windows)
traceparent: 00-644711d2fd6f2293bffdacda8d88e86e-4f204de179d27416-01
Content-Length: 16
Content-Type: application/json; charset=utf-8
host: ondemand.us-west-1.saucelabs.com
authorization: Basic b2F1dGgtYXV0b2xhemFyZS01NThmYjpmOGQwYTRiNC1lMDU5LTRiMzktYTllYi0zNjY5NjViODg3YjE=
accept: */*

Response DefaultHttpResponse(decodeResult: success, version: HTTP/1.1)
HTTP/1.1 200 OK
content-length: 15
content-type: application/json;charset=UTF-8
date: Fri, 12 May 2023 02:26:50 GMT
server: monocle/0.42
x-request-id: 77b37f0c-8d23-4f65-8f03-4b1724cfdae5

22:26:50.131 [AsyncHttpClient-1-2] DEBUG org.asynchttpclient.netty.channel.ChannelManager -- Adding key: https://ondemand.us-west-1.saucelabs.com:443 for channel [id: 0x7b050763, L:/192.168.1.146:49736 - R:ondemand.us-west-1.saucelabs.com/66.85.52.224:443]
22:26:50.147 [Forwarding executeScript on session 6e478f60247a41e29a4342741c3b2594 to remote] DEBUG org.asynchttpclient.netty.request.NettyRequestSender -- Using pooled Channel '[id: 0x7b050763, L:/192.168.1.146:49736 - R:ondemand.us-west-1.saucelabs.com/66.85.52.224:443]' for 'POST' to 'https://oauth-autolazare-558fb:f8d0a4b4-e059-4b39-a9eb-366965b887b1@ondemand.us-west-1.saucelabs.com:443/wd/hub/session/6e478f60247a41e29a4342741c3b2594/execute/sync'
22:26:50.147 [Forwarding executeScript on session 6e478f60247a41e29a4342741c3b2594 to remote] DEBUG org.asynchttpclient.netty.request.NettyRequestSender -- Using open Channel [id: 0x7b050763, L:/192.168.1.146:49736 - R:ondemand.us-west-1.saucelabs.com/66.85.52.224:443] for POST '/wd/hub/session/6e478f60247a41e29a4342741c3b2594/execute/sync'
22:26:51.362 [AsyncHttpClient-1-2] DEBUG org.asynchttpclient.netty.handler.HttpHandler -- 

Request DefaultHttpRequest(decodeResult: success, version: HTTP/1.1)
POST /wd/hub/session/6e478f60247a41e29a4342741c3b2594/execute/sync HTTP/1.1
User-Agent: selenium/4.9.0 (java windows)
traceparent: 00-c0e2437fe8c4a4f83f0fdd8f45bc71ed-b1a9b638f27da608-01
Content-Length: 323605
Content-Type: application/json; charset=utf-8
host: ondemand.us-west-1.saucelabs.com
authorization: Basic b2F1dGgtYXV0b2xhemFyZS01NThmYjpmOGQwYTRiNC1lMDU5LTRiMzktYTllYi0zNjY5NjViODg3YjE=
accept: */*

Response DefaultHttpResponse(decodeResult: success, version: HTTP/1.1)
HTTP/1.1 200 OK
content-length: 15
content-type: application/json;charset=UTF-8
date: Fri, 12 May 2023 02:26:51 GMT
server: monocle/0.42
x-request-id: 91a2e59f-54f9-42aa-9cd7-538039c09754

22:26:51.363 [AsyncHttpClient-1-2] DEBUG org.asynchttpclient.netty.channel.ChannelManager -- Adding key: https://ondemand.us-west-1.saucelabs.com:443 for channel [id: 0x7b050763, L:/192.168.1.146:49736 - R:ondemand.us-west-1.saucelabs.com/66.85.52.224:443]
22:26:51.370 [Forwarding findElements on session 6e478f60247a41e29a4342741c3b2594 to remote] DEBUG org.asynchttpclient.netty.request.NettyRequestSender -- Using pooled Channel '[id: 0x7b050763, L:/192.168.1.146:49736 - R:ondemand.us-west-1.saucelabs.com/66.85.52.224:443]' for 'POST' to 'https://oauth-autolazare-558fb:f8d0a4b4-e059-4b39-a9eb-366965b887b1@ondemand.us-west-1.saucelabs.com:443/wd/hub/session/6e478f60247a41e29a4342741c3b2594/elements'
22:26:51.371 [Forwarding findElements on session 6e478f60247a41e29a4342741c3b2594 to remote] DEBUG org.asynchttpclient.netty.request.NettyRequestSender -- Using open Channel [id: 0x7b050763, L:/192.168.1.146:49736 - R:ondemand.us-west-1.saucelabs.com/66.85.52.224:443] for POST '/wd/hub/session/6e478f60247a41e29a4342741c3b2594/elements'
22:26:51.515 [AsyncHttpClient-1-2] DEBUG org.asynchttpclient.netty.handler.HttpHandler -- 

Request DefaultHttpRequest(decodeResult: success, version: HTTP/1.1)
POST /wd/hub/session/6e478f60247a41e29a4342741c3b2594/elements HTTP/1.1
User-Agent: selenium/4.9.0 (java windows)
traceparent: 00-b309f51ab1dda1e0aa1342e21ff7d8e2-f5778fbf1d66be58-01
Content-Length: 98
Content-Type: application/json; charset=utf-8
host: ondemand.us-west-1.saucelabs.com
authorization: Basic b2F1dGgtYXV0b2xhemFyZS01NThmYjpmOGQwYTRiNC1lMDU5LTRiMzktYTllYi0zNjY5NjViODg3YjE=
accept: */*

Response DefaultHttpResponse(decodeResult: success, version: HTTP/1.1)
HTTP/1.1 200 OK
content-length: 891
content-type: application/json;charset=UTF-8
date: Fri, 12 May 2023 02:26:51 GMT
server: monocle/0.42
x-request-id: 963ab4e9-b074-4a39-a96a-135c82e5a1f8

22:26:51.515 [AsyncHttpClient-1-2] DEBUG org.asynchttpclient.netty.channel.ChannelManager -- Adding key: https://ondemand.us-west-1.saucelabs.com:443 for channel [id: 0x7b050763, L:/192.168.1.146:49736 - R:ondemand.us-west-1.saucelabs.com/66.85.52.224:443]
22:26:51.531 [Forwarding switchToFrame on session 6e478f60247a41e29a4342741c3b2594 to remote] DEBUG org.asynchttpclient.netty.request.NettyRequestSender -- Using pooled Channel '[id: 0x7b050763, L:/192.168.1.146:49736 - R:ondemand.us-west-1.saucelabs.com/66.85.52.224:443]' for 'POST' to 'https://oauth-autolazare-558fb:f8d0a4b4-e059-4b39-a9eb-366965b887b1@ondemand.us-west-1.saucelabs.com:443/wd/hub/session/6e478f60247a41e29a4342741c3b2594/frame'
22:26:51.531 [Forwarding switchToFrame on session 6e478f60247a41e29a4342741c3b2594 to remote] DEBUG org.asynchttpclient.netty.request.NettyRequestSender -- Using open Channel [id: 0x7b050763, L:/192.168.1.146:49736 - R:ondemand.us-west-1.saucelabs.com/66.85.52.224:443] for POST '/wd/hub/session/6e478f60247a41e29a4342741c3b2594/frame'
22:26:51.684 [AsyncHttpClient-1-2] DEBUG org.asynchttpclient.netty.handler.HttpHandler -- 

Request DefaultHttpRequest(decodeResult: success, version: HTTP/1.1)
POST /wd/hub/session/6e478f60247a41e29a4342741c3b2594/frame HTTP/1.1
User-Agent: selenium/4.9.0 (java windows)
traceparent: 00-4d860cf945a15ecf9c79bfd1eb8fba0f-ca0e0b8b513f2208-01
Content-Length: 106
Content-Type: application/json; charset=utf-8
host: ondemand.us-west-1.saucelabs.com
authorization: Basic b2F1dGgtYXV0b2xhemFyZS01NThmYjpmOGQwYTRiNC1lMDU5LTRiMzktYTllYi0zNjY5NjViODg3YjE=
accept: */*

Response DefaultHttpResponse(decodeResult: success, version: HTTP/1.1)
HTTP/1.1 200 OK
content-length: 15
content-type: application/json;charset=UTF-8
date: Fri, 12 May 2023 02:26:51 GMT
server: monocle/0.42
x-request-id: b4823f3e-42c9-4f5f-9201-6f79decdfcfe

22:26:51.684 [AsyncHttpClient-1-2] DEBUG org.asynchttpclient.netty.channel.ChannelManager -- Adding key: https://ondemand.us-west-1.saucelabs.com:443 for channel [id: 0x7b050763, L:/192.168.1.146:49736 - R:ondemand.us-west-1.saucelabs.com/66.85.52.224:443]
22:26:51.718 [Forwarding executeScript on session 6e478f60247a41e29a4342741c3b2594 to remote] DEBUG org.asynchttpclient.netty.request.NettyRequestSender -- Using pooled Channel '[id: 0x7b050763, L:/192.168.1.146:49736 - R:ondemand.us-west-1.saucelabs.com/66.85.52.224:443]' for 'POST' to 'https://oauth-autolazare-558fb:f8d0a4b4-e059-4b39-a9eb-366965b887b1@ondemand.us-west-1.saucelabs.com:443/wd/hub/session/6e478f60247a41e29a4342741c3b2594/execute/sync'
22:26:51.718 [Forwarding executeScript on session 6e478f60247a41e29a4342741c3b2594 to remote] DEBUG org.asynchttpclient.netty.request.NettyRequestSender -- Using open Channel [id: 0x7b050763, L:/192.168.1.146:49736 - R:ondemand.us-west-1.saucelabs.com/66.85.52.224:443] for POST '/wd/hub/session/6e478f60247a41e29a4342741c3b2594/execute/sync'
22:26:52.329 [AsyncHttpClient-1-2] DEBUG org.asynchttpclient.netty.handler.HttpHandler -- 

Request DefaultHttpRequest(decodeResult: success, version: HTTP/1.1)
POST /wd/hub/session/6e478f60247a41e29a4342741c3b2594/execute/sync HTTP/1.1
User-Agent: selenium/4.9.0 (java windows)
traceparent: 00-a8bc364c8546d5c293fc3efa4c5bdc89-5a7467dce30d59f6-01
Content-Length: 323605
Content-Type: application/json; charset=utf-8
host: ondemand.us-west-1.saucelabs.com
authorization: Basic b2F1dGgtYXV0b2xhemFyZS01NThmYjpmOGQwYTRiNC1lMDU5LTRiMzktYTllYi0zNjY5NjViODg3YjE=
accept: */*

Response DefaultHttpResponse(decodeResult: success, version: HTTP/1.1)
HTTP/1.1 200 OK
content-length: 15
content-type: application/json;charset=UTF-8
date: Fri, 12 May 2023 02:26:52 GMT
server: monocle/0.42
x-request-id: aabfb1f5-de9b-49f2-8c8e-a3b6858bdb9d

22:26:52.329 [AsyncHttpClient-1-2] DEBUG org.asynchttpclient.netty.channel.ChannelManager -- Adding key: https://ondemand.us-west-1.saucelabs.com:443 for channel [id: 0x7b050763, L:/192.168.1.146:49736 - R:ondemand.us-west-1.saucelabs.com/66.85.52.224:443]
22:26:52.334 [Forwarding findElements on session 6e478f60247a41e29a4342741c3b2594 to remote] DEBUG org.asynchttpclient.netty.request.NettyRequestSender -- Using pooled Channel '[id: 0x7b050763, L:/192.168.1.146:49736 - R:ondemand.us-west-1.saucelabs.com/66.85.52.224:443]' for 'POST' to 'https://oauth-autolazare-558fb:f8d0a4b4-e059-4b39-a9eb-366965b887b1@ondemand.us-west-1.saucelabs.com:443/wd/hub/session/6e478f60247a41e29a4342741c3b2594/elements'
22:26:52.334 [Forwarding findElements on session 6e478f60247a41e29a4342741c3b2594 to remote] DEBUG org.asynchttpclient.netty.request.NettyRequestSender -- Using open Channel [id: 0x7b050763, L:/192.168.1.146:49736 - R:ondemand.us-west-1.saucelabs.com/66.85.52.224:443] for POST '/wd/hub/session/6e478f60247a41e29a4342741c3b2594/elements'
22:26:52.462 [AsyncHttpClient-1-2] DEBUG org.asynchttpclient.netty.handler.HttpHandler -- 

Request DefaultHttpRequest(decodeResult: success, version: HTTP/1.1)
POST /wd/hub/session/6e478f60247a41e29a4342741c3b2594/elements HTTP/1.1
User-Agent: selenium/4.9.0 (java windows)
traceparent: 00-2be96698d8d7b83d3c46472c73b17d79-e138cc497664483f-01
Content-Length: 98
Content-Type: application/json; charset=utf-8
host: ondemand.us-west-1.saucelabs.com
authorization: Basic b2F1dGgtYXV0b2xhemFyZS01NThmYjpmOGQwYTRiNC1lMDU5LTRiMzktYTllYi0zNjY5NjViODg3YjE=
accept: */*

Response DefaultHttpResponse(decodeResult: success, version: HTTP/1.1)
HTTP/1.1 200 OK
content-length: 99
content-type: application/json;charset=UTF-8
date: Fri, 12 May 2023 02:26:52 GMT
server: monocle/0.42
x-request-id: 0241bd85-5a15-49f9-a244-1bd2199c1562

22:26:52.462 [AsyncHttpClient-1-2] DEBUG org.asynchttpclient.netty.channel.ChannelManager -- Adding key: https://ondemand.us-west-1.saucelabs.com:443 for channel [id: 0x7b050763, L:/192.168.1.146:49736 - R:ondemand.us-west-1.saucelabs.com/66.85.52.224:443]
22:26:52.462 [Forwarding switchToFrame on session 6e478f60247a41e29a4342741c3b2594 to remote] DEBUG org.asynchttpclient.netty.request.NettyRequestSender -- Using pooled Channel '[id: 0x7b050763, L:/192.168.1.146:49736 - R:ondemand.us-west-1.saucelabs.com/66.85.52.224:443]' for 'POST' to 'https://oauth-autolazare-558fb:f8d0a4b4-e059-4b39-a9eb-366965b887b1@ondemand.us-west-1.saucelabs.com:443/wd/hub/session/6e478f60247a41e29a4342741c3b2594/frame'
22:26:52.462 [Forwarding switchToFrame on session 6e478f60247a41e29a4342741c3b2594 to remote] DEBUG org.asynchttpclient.netty.request.NettyRequestSender -- Using open Channel [id: 0x7b050763, L:/192.168.1.146:49736 - R:ondemand.us-west-1.saucelabs.com/66.85.52.224:443] for POST '/wd/hub/session/6e478f60247a41e29a4342741c3b2594/frame'
22:26:52.628 [AsyncHttpClient-1-2] DEBUG org.asynchttpclient.netty.handler.HttpHandler -- 

Request DefaultHttpRequest(decodeResult: success, version: HTTP/1.1)
POST /wd/hub/session/6e478f60247a41e29a4342741c3b2594/frame HTTP/1.1
User-Agent: selenium/4.9.0 (java windows)
traceparent: 00-5f99c5d290c13f298d73ef4c0e217773-5d03c0ca059dd909-01
Content-Length: 106
Content-Type: application/json; charset=utf-8
host: ondemand.us-west-1.saucelabs.com
authorization: Basic b2F1dGgtYXV0b2xhemFyZS01NThmYjpmOGQwYTRiNC1lMDU5LTRiMzktYTllYi0zNjY5NjViODg3YjE=
accept: */*

Response DefaultHttpResponse(decodeResult: success, version: HTTP/1.1)
HTTP/1.1 200 OK
content-length: 15
content-type: application/json;charset=UTF-8
date: Fri, 12 May 2023 02:26:52 GMT
server: monocle/0.42
x-request-id: dd8ee5fb-da73-483f-917e-fec3e844fcfb

22:26:52.629 [AsyncHttpClient-1-2] DEBUG org.asynchttpclient.netty.channel.ChannelManager -- Adding key: https://ondemand.us-west-1.saucelabs.com:443 for channel [id: 0x7b050763, L:/192.168.1.146:49736 - R:ondemand.us-west-1.saucelabs.com/66.85.52.224:443]
22:26:52.638 [Forwarding executeScript on session 6e478f60247a41e29a4342741c3b2594 to remote] DEBUG org.asynchttpclient.netty.request.NettyRequestSender -- Using pooled Channel '[id: 0x7b050763, L:/192.168.1.146:49736 - R:ondemand.us-west-1.saucelabs.com/66.85.52.224:443]' for 'POST' to 'https://oauth-autolazare-558fb:f8d0a4b4-e059-4b39-a9eb-366965b887b1@ondemand.us-west-1.saucelabs.com:443/wd/hub/session/6e478f60247a41e29a4342741c3b2594/execute/sync'
22:26:52.638 [Forwarding executeScript on session 6e478f60247a41e29a4342741c3b2594 to remote] DEBUG org.asynchttpclient.netty.request.NettyRequestSender -- Using open Channel [id: 0x7b050763, L:/192.168.1.146:49736 - R:ondemand.us-west-1.saucelabs.com/66.85.52.224:443] for POST '/wd/hub/session/6e478f60247a41e29a4342741c3b2594/execute/sync'
22:26:53.504 [AsyncHttpClient-1-2] DEBUG org.asynchttpclient.netty.handler.HttpHandler -- 

Request DefaultHttpRequest(decodeResult: success, version: HTTP/1.1)
POST /wd/hub/session/6e478f60247a41e29a4342741c3b2594/execute/sync HTTP/1.1
User-Agent: selenium/4.9.0 (java windows)
traceparent: 00-2e446126931f71cdea5868dc6f68bfd0-80a6b931a65f02f9-01
Content-Length: 323605
Content-Type: application/json; charset=utf-8
host: ondemand.us-west-1.saucelabs.com
authorization: Basic b2F1dGgtYXV0b2xhemFyZS01NThmYjpmOGQwYTRiNC1lMDU5LTRiMzktYTllYi0zNjY5NjViODg3YjE=
accept: */*

Response DefaultHttpResponse(decodeResult: success, version: HTTP/1.1)
HTTP/1.1 200 OK
content-length: 15
content-type: application/json;charset=UTF-8
date: Fri, 12 May 2023 02:26:53 GMT
server: monocle/0.42
x-request-id: ae954fbc-5882-47d5-ad76-a03f636656be

22:26:53.504 [AsyncHttpClient-1-2] DEBUG org.asynchttpclient.netty.channel.ChannelManager -- Adding key: https://ondemand.us-west-1.saucelabs.com:443 for channel [id: 0x7b050763, L:/192.168.1.146:49736 - R:ondemand.us-west-1.saucelabs.com/66.85.52.224:443]
22:26:53.508 [Forwarding findElements on session 6e478f60247a41e29a4342741c3b2594 to remote] DEBUG org.asynchttpclient.netty.request.NettyRequestSender -- Using pooled Channel '[id: 0x7b050763, L:/192.168.1.146:49736 - R:ondemand.us-west-1.saucelabs.com/66.85.52.224:443]' for 'POST' to 'https://oauth-autolazare-558fb:f8d0a4b4-e059-4b39-a9eb-366965b887b1@ondemand.us-west-1.saucelabs.com:443/wd/hub/session/6e478f60247a41e29a4342741c3b2594/elements'
22:26:53.509 [Forwarding findElements on session 6e478f60247a41e29a4342741c3b2594 to remote] DEBUG org.asynchttpclient.netty.request.NettyRequestSender -- Using open Channel [id: 0x7b050763, L:/192.168.1.146:49736 - R:ondemand.us-west-1.saucelabs.com/66.85.52.224:443] for POST '/wd/hub/session/6e478f60247a41e29a4342741c3b2594/elements'
22:26:53.644 [AsyncHttpClient-1-2] DEBUG org.asynchttpclient.netty.handler.HttpHandler -- 

Request DefaultHttpRequest(decodeResult: success, version: HTTP/1.1)
POST /wd/hub/session/6e478f60247a41e29a4342741c3b2594/elements HTTP/1.1
User-Agent: selenium/4.9.0 (java windows)
traceparent: 00-b6da75846abaa2aa16a21c494ebfca07-dbf9ff06422e87bb-01
Content-Length: 98
Content-Type: application/json; charset=utf-8
host: ondemand.us-west-1.saucelabs.com
authorization: Basic b2F1dGgtYXV0b2xhemFyZS01NThmYjpmOGQwYTRiNC1lMDU5LTRiMzktYTllYi0zNjY5NjViODg3YjE=
accept: */*

Response DefaultHttpResponse(decodeResult: success, version: HTTP/1.1)
HTTP/1.1 200 OK
content-length: 13
content-type: application/json;charset=UTF-8
date: Fri, 12 May 2023 02:26:53 GMT
server: monocle/0.42
x-request-id: 4e49f2b5-ff01-462a-a88b-41f731d986c3

22:26:53.645 [AsyncHttpClient-1-2] DEBUG org.asynchttpclient.netty.channel.ChannelManager -- Adding key: https://ondemand.us-west-1.saucelabs.com:443 for channel [id: 0x7b050763, L:/192.168.1.146:49736 - R:ondemand.us-west-1.saucelabs.com/66.85.52.224:443]
22:26:53.648 [Forwarding switchToParentFrame on session 6e478f60247a41e29a4342741c3b2594 to remote] DEBUG org.asynchttpclient.netty.request.NettyRequestSender -- Using pooled Channel '[id: 0x7b050763, L:/192.168.1.146:49736 - R:ondemand.us-west-1.saucelabs.com/66.85.52.224:443]' for 'POST' to 'https://oauth-autolazare-558fb:f8d0a4b4-e059-4b39-a9eb-366965b887b1@ondemand.us-west-1.saucelabs.com:443/wd/hub/session/6e478f60247a41e29a4342741c3b2594/frame/parent'
22:26:53.648 [Forwarding switchToParentFrame on session 6e478f60247a41e29a4342741c3b2594 to remote] DEBUG org.asynchttpclient.netty.request.NettyRequestSender -- Using open Channel [id: 0x7b050763, L:/192.168.1.146:49736 - R:ondemand.us-west-1.saucelabs.com/66.85.52.224:443] for POST '/wd/hub/session/6e478f60247a41e29a4342741c3b2594/frame/parent'
22:26:53.797 [AsyncHttpClient-1-2] DEBUG org.asynchttpclient.netty.handler.HttpHandler -- 

Request DefaultHttpRequest(decodeResult: success, version: HTTP/1.1)
POST /wd/hub/session/6e478f60247a41e29a4342741c3b2594/frame/parent HTTP/1.1
User-Agent: selenium/4.9.0 (java windows)
traceparent: 00-a2c296a6310c1dd72c561e8453a14e9d-9af0fafd66c82fd4-01
Content-Length: 3
Content-Type: application/json; charset=utf-8
host: ondemand.us-west-1.saucelabs.com
authorization: Basic b2F1dGgtYXV0b2xhemFyZS01NThmYjpmOGQwYTRiNC1lMDU5LTRiMzktYTllYi0zNjY5NjViODg3YjE=
accept: */*

Response DefaultHttpResponse(decodeResult: success, version: HTTP/1.1)
HTTP/1.1 200 OK
content-length: 15
content-type: application/json;charset=UTF-8
date: Fri, 12 May 2023 02:26:53 GMT
server: monocle/0.42
x-request-id: 8c4c6f54-a107-4538-92fd-198021fef5da

22:26:53.798 [AsyncHttpClient-1-2] DEBUG org.asynchttpclient.netty.channel.ChannelManager -- Adding key: https://ondemand.us-west-1.saucelabs.com:443 for channel [id: 0x7b050763, L:/192.168.1.146:49736 - R:ondemand.us-west-1.saucelabs.com/66.85.52.224:443]
22:26:53.800 [Forwarding switchToParentFrame on session 6e478f60247a41e29a4342741c3b2594 to remote] DEBUG org.asynchttpclient.netty.request.NettyRequestSender -- Using pooled Channel '[id: 0x7b050763, L:/192.168.1.146:49736 - R:ondemand.us-west-1.saucelabs.com/66.85.52.224:443]' for 'POST' to 'https://oauth-autolazare-558fb:f8d0a4b4-e059-4b39-a9eb-366965b887b1@ondemand.us-west-1.saucelabs.com:443/wd/hub/session/6e478f60247a41e29a4342741c3b2594/frame/parent'
22:26:53.800 [Forwarding switchToParentFrame on session 6e478f60247a41e29a4342741c3b2594 to remote] DEBUG org.asynchttpclient.netty.request.NettyRequestSender -- Using open Channel [id: 0x7b050763, L:/192.168.1.146:49736 - R:ondemand.us-west-1.saucelabs.com/66.85.52.224:443] for POST '/wd/hub/session/6e478f60247a41e29a4342741c3b2594/frame/parent'
22:26:53.921 [AsyncHttpClient-1-2] DEBUG org.asynchttpclient.netty.handler.HttpHandler -- 

Request DefaultHttpRequest(decodeResult: success, version: HTTP/1.1)
POST /wd/hub/session/6e478f60247a41e29a4342741c3b2594/frame/parent HTTP/1.1
User-Agent: selenium/4.9.0 (java windows)
traceparent: 00-4b887953dc277fd899d45d5e1cf63eba-b78cda05684dc4c8-01
Content-Length: 3
Content-Type: application/json; charset=utf-8
host: ondemand.us-west-1.saucelabs.com
authorization: Basic b2F1dGgtYXV0b2xhemFyZS01NThmYjpmOGQwYTRiNC1lMDU5LTRiMzktYTllYi0zNjY5NjViODg3YjE=
accept: */*

Response DefaultHttpResponse(decodeResult: success, version: HTTP/1.1)
HTTP/1.1 200 OK
content-length: 15
content-type: application/json;charset=UTF-8
date: Fri, 12 May 2023 02:26:53 GMT
server: monocle/0.42
x-request-id: bc6d10f4-98ab-49d1-bacd-07e72bdc0074

22:26:53.922 [AsyncHttpClient-1-2] DEBUG org.asynchttpclient.netty.channel.ChannelManager -- Adding key: https://ondemand.us-west-1.saucelabs.com:443 for channel [id: 0x7b050763, L:/192.168.1.146:49736 - R:ondemand.us-west-1.saucelabs.com/66.85.52.224:443]
22:26:53.925 [Forwarding switchToFrame on session 6e478f60247a41e29a4342741c3b2594 to remote] DEBUG org.asynchttpclient.netty.request.NettyRequestSender -- Using pooled Channel '[id: 0x7b050763, L:/192.168.1.146:49736 - R:ondemand.us-west-1.saucelabs.com/66.85.52.224:443]' for 'POST' to 'https://oauth-autolazare-558fb:f8d0a4b4-e059-4b39-a9eb-366965b887b1@ondemand.us-west-1.saucelabs.com:443/wd/hub/session/6e478f60247a41e29a4342741c3b2594/frame'
22:26:53.925 [Forwarding switchToFrame on session 6e478f60247a41e29a4342741c3b2594 to remote] DEBUG org.asynchttpclient.netty.request.NettyRequestSender -- Using open Channel [id: 0x7b050763, L:/192.168.1.146:49736 - R:ondemand.us-west-1.saucelabs.com/66.85.52.224:443] for POST '/wd/hub/session/6e478f60247a41e29a4342741c3b2594/frame'
22:26:54.066 [AsyncHttpClient-1-2] DEBUG org.asynchttpclient.netty.handler.HttpHandler -- 

Request DefaultHttpRequest(decodeResult: success, version: HTTP/1.1)
POST /wd/hub/session/6e478f60247a41e29a4342741c3b2594/frame HTTP/1.1
User-Agent: selenium/4.9.0 (java windows)
traceparent: 00-541fd81256bddcdc52094e6862643ae5-857d457094cc4f79-01
Content-Length: 106
Content-Type: application/json; charset=utf-8
host: ondemand.us-west-1.saucelabs.com
authorization: Basic b2F1dGgtYXV0b2xhemFyZS01NThmYjpmOGQwYTRiNC1lMDU5LTRiMzktYTllYi0zNjY5NjViODg3YjE=
accept: */*

Response DefaultHttpResponse(decodeResult: success, version: HTTP/1.1)
HTTP/1.1 200 OK
content-length: 15
content-type: application/json;charset=UTF-8
date: Fri, 12 May 2023 02:26:54 GMT
server: monocle/0.42
x-request-id: 2de58473-fa05-41b4-a88e-af96a1c2df06

22:26:54.067 [AsyncHttpClient-1-2] DEBUG org.asynchttpclient.netty.channel.ChannelManager -- Adding key: https://ondemand.us-west-1.saucelabs.com:443 for channel [id: 0x7b050763, L:/192.168.1.146:49736 - R:ondemand.us-west-1.saucelabs.com/66.85.52.224:443]
22:26:54.084 [Forwarding executeScript on session 6e478f60247a41e29a4342741c3b2594 to remote] DEBUG org.asynchttpclient.netty.request.NettyRequestSender -- Using pooled Channel '[id: 0x7b050763, L:/192.168.1.146:49736 - R:ondemand.us-west-1.saucelabs.com/66.85.52.224:443]' for 'POST' to 'https://oauth-autolazare-558fb:f8d0a4b4-e059-4b39-a9eb-366965b887b1@ondemand.us-west-1.saucelabs.com:443/wd/hub/session/6e478f60247a41e29a4342741c3b2594/execute/sync'
22:26:54.084 [Forwarding executeScript on session 6e478f60247a41e29a4342741c3b2594 to remote] DEBUG org.asynchttpclient.netty.request.NettyRequestSender -- Using open Channel [id: 0x7b050763, L:/192.168.1.146:49736 - R:ondemand.us-west-1.saucelabs.com/66.85.52.224:443] for POST '/wd/hub/session/6e478f60247a41e29a4342741c3b2594/execute/sync'
22:26:54.627 [AsyncHttpClient-1-2] DEBUG org.asynchttpclient.netty.handler.HttpHandler -- 

Request DefaultHttpRequest(decodeResult: success, version: HTTP/1.1)
POST /wd/hub/session/6e478f60247a41e29a4342741c3b2594/execute/sync HTTP/1.1
User-Agent: selenium/4.9.0 (java windows)
traceparent: 00-5d792ac0fd3cf38351fb620726ff8d4f-9f94d612c24a1097-01
Content-Length: 323605
Content-Type: application/json; charset=utf-8
host: ondemand.us-west-1.saucelabs.com
authorization: Basic b2F1dGgtYXV0b2xhemFyZS01NThmYjpmOGQwYTRiNC1lMDU5LTRiMzktYTllYi0zNjY5NjViODg3YjE=
accept: */*

Response DefaultHttpResponse(decodeResult: success, version: HTTP/1.1)
HTTP/1.1 200 OK
content-length: 15
content-type: application/json;charset=UTF-8
date: Fri, 12 May 2023 02:26:54 GMT
server: monocle/0.42
x-request-id: 93ce095f-469f-453c-bc8d-c0e481401a3f

22:26:54.629 [AsyncHttpClient-1-2] DEBUG org.asynchttpclient.netty.channel.ChannelManager -- Adding key: https://ondemand.us-west-1.saucelabs.com:443 for channel [id: 0x7b050763, L:/192.168.1.146:49736 - R:ondemand.us-west-1.saucelabs.com/66.85.52.224:443]
22:26:54.634 [Forwarding findElements on session 6e478f60247a41e29a4342741c3b2594 to remote] DEBUG org.asynchttpclient.netty.request.NettyRequestSender -- Using pooled Channel '[id: 0x7b050763, L:/192.168.1.146:49736 - R:ondemand.us-west-1.saucelabs.com/66.85.52.224:443]' for 'POST' to 'https://oauth-autolazare-558fb:f8d0a4b4-e059-4b39-a9eb-366965b887b1@ondemand.us-west-1.saucelabs.com:443/wd/hub/session/6e478f60247a41e29a4342741c3b2594/elements'
22:26:54.634 [Forwarding findElements on session 6e478f60247a41e29a4342741c3b2594 to remote] DEBUG org.asynchttpclient.netty.request.NettyRequestSender -- Using open Channel [id: 0x7b050763, L:/192.168.1.146:49736 - R:ondemand.us-west-1.saucelabs.com/66.85.52.224:443] for POST '/wd/hub/session/6e478f60247a41e29a4342741c3b2594/elements'
22:26:54.784 [AsyncHttpClient-1-2] DEBUG org.asynchttpclient.netty.handler.HttpHandler -- 

Request DefaultHttpRequest(decodeResult: success, version: HTTP/1.1)
POST /wd/hub/session/6e478f60247a41e29a4342741c3b2594/elements HTTP/1.1
User-Agent: selenium/4.9.0 (java windows)
traceparent: 00-3b564ba5547b7f78c5a76f26d99c26c2-f50a42b5086892f6-01
Content-Length: 98
Content-Type: application/json; charset=utf-8
host: ondemand.us-west-1.saucelabs.com
authorization: Basic b2F1dGgtYXV0b2xhemFyZS01NThmYjpmOGQwYTRiNC1lMDU5LTRiMzktYTllYi0zNjY5NjViODg3YjE=
accept: */*

Response DefaultHttpResponse(decodeResult: success, version: HTTP/1.1)
HTTP/1.1 200 OK
content-length: 187
content-type: application/json;charset=UTF-8
date: Fri, 12 May 2023 02:26:54 GMT
server: monocle/0.42
x-request-id: 2b945ed8-314a-4d05-a43c-c978ba62407b

22:26:54.784 [AsyncHttpClient-1-2] DEBUG org.asynchttpclient.netty.channel.ChannelManager -- Adding key: https://ondemand.us-west-1.saucelabs.com:443 for channel [id: 0x7b050763, L:/192.168.1.146:49736 - R:ondemand.us-west-1.saucelabs.com/66.85.52.224:443]
22:26:54.784 [Forwarding switchToFrame on session 6e478f60247a41e29a4342741c3b2594 to remote] DEBUG org.asynchttpclient.netty.request.NettyRequestSender -- Using pooled Channel '[id: 0x7b050763, L:/192.168.1.146:49736 - R:ondemand.us-west-1.saucelabs.com/66.85.52.224:443]' for 'POST' to 'https://oauth-autolazare-558fb:f8d0a4b4-e059-4b39-a9eb-366965b887b1@ondemand.us-west-1.saucelabs.com:443/wd/hub/session/6e478f60247a41e29a4342741c3b2594/frame'
22:26:54.784 [Forwarding switchToFrame on session 6e478f60247a41e29a4342741c3b2594 to remote] DEBUG org.asynchttpclient.netty.request.NettyRequestSender -- Using open Channel [id: 0x7b050763, L:/192.168.1.146:49736 - R:ondemand.us-west-1.saucelabs.com/66.85.52.224:443] for POST '/wd/hub/session/6e478f60247a41e29a4342741c3b2594/frame'
22:26:54.928 [AsyncHttpClient-1-2] DEBUG org.asynchttpclient.netty.handler.HttpHandler -- 

Request DefaultHttpRequest(decodeResult: success, version: HTTP/1.1)
POST /wd/hub/session/6e478f60247a41e29a4342741c3b2594/frame HTTP/1.1
User-Agent: selenium/4.9.0 (java windows)
traceparent: 00-aafc38276f52af9864a0e87efdb9083d-6dd07432bfc94605-01
Content-Length: 106
Content-Type: application/json; charset=utf-8
host: ondemand.us-west-1.saucelabs.com
authorization: Basic b2F1dGgtYXV0b2xhemFyZS01NThmYjpmOGQwYTRiNC1lMDU5LTRiMzktYTllYi0zNjY5NjViODg3YjE=
accept: */*

Response DefaultHttpResponse(decodeResult: success, version: HTTP/1.1)
HTTP/1.1 200 OK
content-length: 15
content-type: application/json;charset=UTF-8
date: Fri, 12 May 2023 02:26:54 GMT
server: monocle/0.42
x-request-id: 26cbe157-f772-482c-a7d0-45965d857cda

22:26:54.928 [AsyncHttpClient-1-2] DEBUG org.asynchttpclient.netty.channel.ChannelManager -- Adding key: https://ondemand.us-west-1.saucelabs.com:443 for channel [id: 0x7b050763, L:/192.168.1.146:49736 - R:ondemand.us-west-1.saucelabs.com/66.85.52.224:443]
22:26:54.954 [Forwarding executeScript on session 6e478f60247a41e29a4342741c3b2594 to remote] DEBUG org.asynchttpclient.netty.request.NettyRequestSender -- Using pooled Channel '[id: 0x7b050763, L:/192.168.1.146:49736 - R:ondemand.us-west-1.saucelabs.com/66.85.52.224:443]' for 'POST' to 'https://oauth-autolazare-558fb:f8d0a4b4-e059-4b39-a9eb-366965b887b1@ondemand.us-west-1.saucelabs.com:443/wd/hub/session/6e478f60247a41e29a4342741c3b2594/execute/sync'
22:26:54.955 [Forwarding executeScript on session 6e478f60247a41e29a4342741c3b2594 to remote] DEBUG org.asynchttpclient.netty.request.NettyRequestSender -- Using open Channel [id: 0x7b050763, L:/192.168.1.146:49736 - R:ondemand.us-west-1.saucelabs.com/66.85.52.224:443] for POST '/wd/hub/session/6e478f60247a41e29a4342741c3b2594/execute/sync'
22:26:55.536 [AsyncHttpClient-1-2] DEBUG org.asynchttpclient.netty.handler.HttpHandler -- 

Request DefaultHttpRequest(decodeResult: success, version: HTTP/1.1)
POST /wd/hub/session/6e478f60247a41e29a4342741c3b2594/execute/sync HTTP/1.1
User-Agent: selenium/4.9.0 (java windows)
traceparent: 00-0df0ff653b07992290777207c8d0dba1-9d0fb8f038ec5a56-01
Content-Length: 323605
Content-Type: application/json; charset=utf-8
host: ondemand.us-west-1.saucelabs.com
authorization: Basic b2F1dGgtYXV0b2xhemFyZS01NThmYjpmOGQwYTRiNC1lMDU5LTRiMzktYTllYi0zNjY5NjViODg3YjE=
accept: */*

Response DefaultHttpResponse(decodeResult: success, version: HTTP/1.1)
HTTP/1.1 200 OK
content-length: 15
content-type: application/json;charset=UTF-8
date: Fri, 12 May 2023 02:26:55 GMT
server: monocle/0.42
x-request-id: 326c683e-9b69-47f7-95f9-00ecbdd5b123

22:26:55.536 [AsyncHttpClient-1-2] DEBUG org.asynchttpclient.netty.channel.ChannelManager -- Adding key: https://ondemand.us-west-1.saucelabs.com:443 for channel [id: 0x7b050763, L:/192.168.1.146:49736 - R:ondemand.us-west-1.saucelabs.com/66.85.52.224:443]
22:26:55.544 [Forwarding findElements on session 6e478f60247a41e29a4342741c3b2594 to remote] DEBUG org.asynchttpclient.netty.request.NettyRequestSender -- Using pooled Channel '[id: 0x7b050763, L:/192.168.1.146:49736 - R:ondemand.us-west-1.saucelabs.com/66.85.52.224:443]' for 'POST' to 'https://oauth-autolazare-558fb:f8d0a4b4-e059-4b39-a9eb-366965b887b1@ondemand.us-west-1.saucelabs.com:443/wd/hub/session/6e478f60247a41e29a4342741c3b2594/elements'
22:26:55.544 [Forwarding findElements on session 6e478f60247a41e29a4342741c3b2594 to remote] DEBUG org.asynchttpclient.netty.request.NettyRequestSender -- Using open Channel [id: 0x7b050763, L:/192.168.1.146:49736 - R:ondemand.us-west-1.saucelabs.com/66.85.52.224:443] for POST '/wd/hub/session/6e478f60247a41e29a4342741c3b2594/elements'
22:26:55.712 [AsyncHttpClient-1-2] DEBUG org.asynchttpclient.netty.handler.HttpHandler -- 

Request DefaultHttpRequest(decodeResult: success, version: HTTP/1.1)
POST /wd/hub/session/6e478f60247a41e29a4342741c3b2594/elements HTTP/1.1
User-Agent: selenium/4.9.0 (java windows)
traceparent: 00-116dd49cbcb4c583aab2badc14eaf2ce-952c014dd2b437a0-01
Content-Length: 98
Content-Type: application/json; charset=utf-8
host: ondemand.us-west-1.saucelabs.com
authorization: Basic b2F1dGgtYXV0b2xhemFyZS01NThmYjpmOGQwYTRiNC1lMDU5LTRiMzktYTllYi0zNjY5NjViODg3YjE=
accept: */*

Response DefaultHttpResponse(decodeResult: success, version: HTTP/1.1)
HTTP/1.1 200 OK
content-length: 13
content-type: application/json;charset=UTF-8
date: Fri, 12 May 2023 02:26:55 GMT
server: monocle/0.42
x-request-id: 9ed9d202-7f15-42f3-91bc-1b7c5387a906

22:26:55.713 [AsyncHttpClient-1-2] DEBUG org.asynchttpclient.netty.channel.ChannelManager -- Adding key: https://ondemand.us-west-1.saucelabs.com:443 for channel [id: 0x7b050763, L:/192.168.1.146:49736 - R:ondemand.us-west-1.saucelabs.com/66.85.52.224:443]
22:26:55.731 [Forwarding switchToParentFrame on session 6e478f60247a41e29a4342741c3b2594 to remote] DEBUG org.asynchttpclient.netty.request.NettyRequestSender -- Using pooled Channel '[id: 0x7b050763, L:/192.168.1.146:49736 - R:ondemand.us-west-1.saucelabs.com/66.85.52.224:443]' for 'POST' to 'https://oauth-autolazare-558fb:f8d0a4b4-e059-4b39-a9eb-366965b887b1@ondemand.us-west-1.saucelabs.com:443/wd/hub/session/6e478f60247a41e29a4342741c3b2594/frame/parent'
22:26:55.732 [Forwarding switchToParentFrame on session 6e478f60247a41e29a4342741c3b2594 to remote] DEBUG org.asynchttpclient.netty.request.NettyRequestSender -- Using open Channel [id: 0x7b050763, L:/192.168.1.146:49736 - R:ondemand.us-west-1.saucelabs.com/66.85.52.224:443] for POST '/wd/hub/session/6e478f60247a41e29a4342741c3b2594/frame/parent'
22:26:55.882 [AsyncHttpClient-1-2] DEBUG org.asynchttpclient.netty.handler.HttpHandler -- 

Request DefaultHttpRequest(decodeResult: success, version: HTTP/1.1)
POST /wd/hub/session/6e478f60247a41e29a4342741c3b2594/frame/parent HTTP/1.1
User-Agent: selenium/4.9.0 (java windows)
traceparent: 00-9e09965ddc3491f956bb6f5d6fbf2992-00f54f82a2833406-01
Content-Length: 3
Content-Type: application/json; charset=utf-8
host: ondemand.us-west-1.saucelabs.com
authorization: Basic b2F1dGgtYXV0b2xhemFyZS01NThmYjpmOGQwYTRiNC1lMDU5LTRiMzktYTllYi0zNjY5NjViODg3YjE=
accept: */*

Response DefaultHttpResponse(decodeResult: success, version: HTTP/1.1)
HTTP/1.1 200 OK
content-length: 15
content-type: application/json;charset=UTF-8
date: Fri, 12 May 2023 02:26:55 GMT
server: monocle/0.42
x-request-id: 337923c3-f265-43e3-8d9b-e5a8daa3d30c

22:26:55.882 [AsyncHttpClient-1-2] DEBUG org.asynchttpclient.netty.channel.ChannelManager -- Adding key: https://ondemand.us-west-1.saucelabs.com:443 for channel [id: 0x7b050763, L:/192.168.1.146:49736 - R:ondemand.us-west-1.saucelabs.com/66.85.52.224:443]
22:26:55.888 [Forwarding switchToFrame on session 6e478f60247a41e29a4342741c3b2594 to remote] DEBUG org.asynchttpclient.netty.request.NettyRequestSender -- Using pooled Channel '[id: 0x7b050763, L:/192.168.1.146:49736 - R:ondemand.us-west-1.saucelabs.com/66.85.52.224:443]' for 'POST' to 'https://oauth-autolazare-558fb:f8d0a4b4-e059-4b39-a9eb-366965b887b1@ondemand.us-west-1.saucelabs.com:443/wd/hub/session/6e478f60247a41e29a4342741c3b2594/frame'
22:26:55.889 [Forwarding switchToFrame on session 6e478f60247a41e29a4342741c3b2594 to remote] DEBUG org.asynchttpclient.netty.request.NettyRequestSender -- Using open Channel [id: 0x7b050763, L:/192.168.1.146:49736 - R:ondemand.us-west-1.saucelabs.com/66.85.52.224:443] for POST '/wd/hub/session/6e478f60247a41e29a4342741c3b2594/frame'
22:26:56.032 [AsyncHttpClient-1-2] DEBUG org.asynchttpclient.netty.handler.HttpHandler -- 

Request DefaultHttpRequest(decodeResult: success, version: HTTP/1.1)
POST /wd/hub/session/6e478f60247a41e29a4342741c3b2594/frame HTTP/1.1
User-Agent: selenium/4.9.0 (java windows)
traceparent: 00-b5aa35985f38ca304fc9d71f8ce8ef29-87b8ed9801de0cd2-01
Content-Length: 106
Content-Type: application/json; charset=utf-8
host: ondemand.us-west-1.saucelabs.com
authorization: Basic b2F1dGgtYXV0b2xhemFyZS01NThmYjpmOGQwYTRiNC1lMDU5LTRiMzktYTllYi0zNjY5NjViODg3YjE=
accept: */*

Response DefaultHttpResponse(decodeResult: success, version: HTTP/1.1)
HTTP/1.1 200 OK
content-length: 15
content-type: application/json;charset=UTF-8
date: Fri, 12 May 2023 02:26:56 GMT
server: monocle/0.42
x-request-id: f3427be6-8802-49ed-8990-446a0e72c359

22:26:56.033 [AsyncHttpClient-1-2] DEBUG org.asynchttpclient.netty.channel.ChannelManager -- Adding key: https://ondemand.us-west-1.saucelabs.com:443 for channel [id: 0x7b050763, L:/192.168.1.146:49736 - R:ondemand.us-west-1.saucelabs.com/66.85.52.224:443]
22:26:56.043 [Forwarding executeScript on session 6e478f60247a41e29a4342741c3b2594 to remote] DEBUG org.asynchttpclient.netty.request.NettyRequestSender -- Using pooled Channel '[id: 0x7b050763, L:/192.168.1.146:49736 - R:ondemand.us-west-1.saucelabs.com/66.85.52.224:443]' for 'POST' to 'https://oauth-autolazare-558fb:f8d0a4b4-e059-4b39-a9eb-366965b887b1@ondemand.us-west-1.saucelabs.com:443/wd/hub/session/6e478f60247a41e29a4342741c3b2594/execute/sync'
22:26:56.043 [Forwarding executeScript on session 6e478f60247a41e29a4342741c3b2594 to remote] DEBUG org.asynchttpclient.netty.request.NettyRequestSender -- Using open Channel [id: 0x7b050763, L:/192.168.1.146:49736 - R:ondemand.us-west-1.saucelabs.com/66.85.52.224:443] for POST '/wd/hub/session/6e478f60247a41e29a4342741c3b2594/execute/sync'
22:26:56.569 [AsyncHttpClient-1-2] DEBUG org.asynchttpclient.netty.handler.HttpHandler -- 

Request DefaultHttpRequest(decodeResult: success, version: HTTP/1.1)
POST /wd/hub/session/6e478f60247a41e29a4342741c3b2594/execute/sync HTTP/1.1
User-Agent: selenium/4.9.0 (java windows)
traceparent: 00-b8017eea6fba6f82a3d8f0fed24efad7-12e7cdcf64ff6108-01
Content-Length: 323605
Content-Type: application/json; charset=utf-8
host: ondemand.us-west-1.saucelabs.com
authorization: Basic b2F1dGgtYXV0b2xhemFyZS01NThmYjpmOGQwYTRiNC1lMDU5LTRiMzktYTllYi0zNjY5NjViODg3YjE=
accept: */*

Response DefaultHttpResponse(decodeResult: success, version: HTTP/1.1)
HTTP/1.1 200 OK
content-length: 15
content-type: application/json;charset=UTF-8
date: Fri, 12 May 2023 02:26:56 GMT
server: monocle/0.42
x-request-id: 6a8bd6f8-6d51-4644-bffe-e233c07642fb

22:26:56.570 [AsyncHttpClient-1-2] DEBUG org.asynchttpclient.netty.channel.ChannelManager -- Adding key: https://ondemand.us-west-1.saucelabs.com:443 for channel [id: 0x7b050763, L:/192.168.1.146:49736 - R:ondemand.us-west-1.saucelabs.com/66.85.52.224:443]
22:26:56.604 [Forwarding findElements on session 6e478f60247a41e29a4342741c3b2594 to remote] DEBUG org.asynchttpclient.netty.request.NettyRequestSender -- Using pooled Channel '[id: 0x7b050763, L:/192.168.1.146:49736 - R:ondemand.us-west-1.saucelabs.com/66.85.52.224:443]' for 'POST' to 'https://oauth-autolazare-558fb:f8d0a4b4-e059-4b39-a9eb-366965b887b1@ondemand.us-west-1.saucelabs.com:443/wd/hub/session/6e478f60247a41e29a4342741c3b2594/elements'
22:26:56.605 [Forwarding findElements on session 6e478f60247a41e29a4342741c3b2594 to remote] DEBUG org.asynchttpclient.netty.request.NettyRequestSender -- Using open Channel [id: 0x7b050763, L:/192.168.1.146:49736 - R:ondemand.us-west-1.saucelabs.com/66.85.52.224:443] for POST '/wd/hub/session/6e478f60247a41e29a4342741c3b2594/elements'
22:26:56.732 [AsyncHttpClient-1-2] DEBUG org.asynchttpclient.netty.handler.HttpHandler -- 

Request DefaultHttpRequest(decodeResult: success, version: HTTP/1.1)
POST /wd/hub/session/6e478f60247a41e29a4342741c3b2594/elements HTTP/1.1
User-Agent: selenium/4.9.0 (java windows)
traceparent: 00-820e7400f39813fdb680ccbc771ea397-cfc8e00472b921c5-01
Content-Length: 98
Content-Type: application/json; charset=utf-8
host: ondemand.us-west-1.saucelabs.com
authorization: Basic b2F1dGgtYXV0b2xhemFyZS01NThmYjpmOGQwYTRiNC1lMDU5LTRiMzktYTllYi0zNjY5NjViODg3YjE=
accept: */*

Response DefaultHttpResponse(decodeResult: success, version: HTTP/1.1)
HTTP/1.1 200 OK
content-length: 13
content-type: application/json;charset=UTF-8
date: Fri, 12 May 2023 02:26:56 GMT
server: monocle/0.42
x-request-id: a9edb329-eb30-48bd-915f-e1b589d38ef3

22:26:56.734 [AsyncHttpClient-1-2] DEBUG org.asynchttpclient.netty.channel.ChannelManager -- Adding key: https://ondemand.us-west-1.saucelabs.com:443 for channel [id: 0x7b050763, L:/192.168.1.146:49736 - R:ondemand.us-west-1.saucelabs.com/66.85.52.224:443]
22:26:56.736 [Forwarding switchToParentFrame on session 6e478f60247a41e29a4342741c3b2594 to remote] DEBUG org.asynchttpclient.netty.request.NettyRequestSender -- Using pooled Channel '[id: 0x7b050763, L:/192.168.1.146:49736 - R:ondemand.us-west-1.saucelabs.com/66.85.52.224:443]' for 'POST' to 'https://oauth-autolazare-558fb:f8d0a4b4-e059-4b39-a9eb-366965b887b1@ondemand.us-west-1.saucelabs.com:443/wd/hub/session/6e478f60247a41e29a4342741c3b2594/frame/parent'
22:26:56.737 [Forwarding switchToParentFrame on session 6e478f60247a41e29a4342741c3b2594 to remote] DEBUG org.asynchttpclient.netty.request.NettyRequestSender -- Using open Channel [id: 0x7b050763, L:/192.168.1.146:49736 - R:ondemand.us-west-1.saucelabs.com/66.85.52.224:443] for POST '/wd/hub/session/6e478f60247a41e29a4342741c3b2594/frame/parent'
22:26:57.046 [AsyncHttpClient-1-2] DEBUG org.asynchttpclient.netty.handler.HttpHandler -- 

Request DefaultHttpRequest(decodeResult: success, version: HTTP/1.1)
POST /wd/hub/session/6e478f60247a41e29a4342741c3b2594/frame/parent HTTP/1.1
User-Agent: selenium/4.9.0 (java windows)
traceparent: 00-72962a92c86191a0973c8b4c2a887a8c-1eb6c0285f4bdf0d-01
Content-Length: 3
Content-Type: application/json; charset=utf-8
host: ondemand.us-west-1.saucelabs.com
authorization: Basic b2F1dGgtYXV0b2xhemFyZS01NThmYjpmOGQwYTRiNC1lMDU5LTRiMzktYTllYi0zNjY5NjViODg3YjE=
accept: */*

Response DefaultHttpResponse(decodeResult: success, version: HTTP/1.1)
HTTP/1.1 200 OK
content-length: 15
content-type: application/json;charset=UTF-8
date: Fri, 12 May 2023 02:26:56 GMT
server: monocle/0.42
x-request-id: f11ef4d3-ea09-4ce4-bd5a-fdb8656bd94a

22:26:57.047 [AsyncHttpClient-1-2] DEBUG org.asynchttpclient.netty.channel.ChannelManager -- Adding key: https://ondemand.us-west-1.saucelabs.com:443 for channel [id: 0x7b050763, L:/192.168.1.146:49736 - R:ondemand.us-west-1.saucelabs.com/66.85.52.224:443]
22:26:57.049 [Forwarding switchToParentFrame on session 6e478f60247a41e29a4342741c3b2594 to remote] DEBUG org.asynchttpclient.netty.request.NettyRequestSender -- Using pooled Channel '[id: 0x7b050763, L:/192.168.1.146:49736 - R:ondemand.us-west-1.saucelabs.com/66.85.52.224:443]' for 'POST' to 'https://oauth-autolazare-558fb:f8d0a4b4-e059-4b39-a9eb-366965b887b1@ondemand.us-west-1.saucelabs.com:443/wd/hub/session/6e478f60247a41e29a4342741c3b2594/frame/parent'
22:26:57.049 [Forwarding switchToParentFrame on session 6e478f60247a41e29a4342741c3b2594 to remote] DEBUG org.asynchttpclient.netty.request.NettyRequestSender -- Using open Channel [id: 0x7b050763, L:/192.168.1.146:49736 - R:ondemand.us-west-1.saucelabs.com/66.85.52.224:443] for POST '/wd/hub/session/6e478f60247a41e29a4342741c3b2594/frame/parent'
22:26:57.172 [AsyncHttpClient-1-2] DEBUG org.asynchttpclient.netty.handler.HttpHandler -- 

Request DefaultHttpRequest(decodeResult: success, version: HTTP/1.1)
POST /wd/hub/session/6e478f60247a41e29a4342741c3b2594/frame/parent HTTP/1.1
User-Agent: selenium/4.9.0 (java windows)
traceparent: 00-3cf17c90da124b605a2de5d37cc342a5-aaed306cce9cb94a-01
Content-Length: 3
Content-Type: application/json; charset=utf-8
host: ondemand.us-west-1.saucelabs.com
authorization: Basic b2F1dGgtYXV0b2xhemFyZS01NThmYjpmOGQwYTRiNC1lMDU5LTRiMzktYTllYi0zNjY5NjViODg3YjE=
accept: */*

Response DefaultHttpResponse(decodeResult: success, version: HTTP/1.1)
HTTP/1.1 200 OK
content-length: 15
content-type: application/json;charset=UTF-8
date: Fri, 12 May 2023 02:26:57 GMT
server: monocle/0.42
x-request-id: 587c5769-77d8-4a20-938f-7e27d0753bb6

22:26:57.173 [AsyncHttpClient-1-2] DEBUG org.asynchttpclient.netty.channel.ChannelManager -- Adding key: https://ondemand.us-west-1.saucelabs.com:443 for channel [id: 0x7b050763, L:/192.168.1.146:49736 - R:ondemand.us-west-1.saucelabs.com/66.85.52.224:443]
22:26:57.177 [Forwarding switchToFrame on session 6e478f60247a41e29a4342741c3b2594 to remote] DEBUG org.asynchttpclient.netty.request.NettyRequestSender -- Using pooled Channel '[id: 0x7b050763, L:/192.168.1.146:49736 - R:ondemand.us-west-1.saucelabs.com/66.85.52.224:443]' for 'POST' to 'https://oauth-autolazare-558fb:f8d0a4b4-e059-4b39-a9eb-366965b887b1@ondemand.us-west-1.saucelabs.com:443/wd/hub/session/6e478f60247a41e29a4342741c3b2594/frame'
22:26:57.177 [Forwarding switchToFrame on session 6e478f60247a41e29a4342741c3b2594 to remote] DEBUG org.asynchttpclient.netty.request.NettyRequestSender -- Using open Channel [id: 0x7b050763, L:/192.168.1.146:49736 - R:ondemand.us-west-1.saucelabs.com/66.85.52.224:443] for POST '/wd/hub/session/6e478f60247a41e29a4342741c3b2594/frame'
22:26:57.328 [AsyncHttpClient-1-2] DEBUG org.asynchttpclient.netty.handler.HttpHandler -- 

Request DefaultHttpRequest(decodeResult: success, version: HTTP/1.1)
POST /wd/hub/session/6e478f60247a41e29a4342741c3b2594/frame HTTP/1.1
User-Agent: selenium/4.9.0 (java windows)
traceparent: 00-667fcf1d033580b1611df85f92812b41-dccbb6bcaf3eda0d-01
Content-Length: 106
Content-Type: application/json; charset=utf-8
host: ondemand.us-west-1.saucelabs.com
authorization: Basic b2F1dGgtYXV0b2xhemFyZS01NThmYjpmOGQwYTRiNC1lMDU5LTRiMzktYTllYi0zNjY5NjViODg3YjE=
accept: */*

Response DefaultHttpResponse(decodeResult: success, version: HTTP/1.1)
HTTP/1.1 200 OK
content-length: 15
content-type: application/json;charset=UTF-8
date: Fri, 12 May 2023 02:26:57 GMT
server: monocle/0.42
x-request-id: 4c6f87c4-8c05-4750-ad93-89b998418b1d

22:26:57.329 [AsyncHttpClient-1-2] DEBUG org.asynchttpclient.netty.channel.ChannelManager -- Adding key: https://ondemand.us-west-1.saucelabs.com:443 for channel [id: 0x7b050763, L:/192.168.1.146:49736 - R:ondemand.us-west-1.saucelabs.com/66.85.52.224:443]
22:26:57.346 [Forwarding executeScript on session 6e478f60247a41e29a4342741c3b2594 to remote] DEBUG org.asynchttpclient.netty.request.NettyRequestSender -- Using pooled Channel '[id: 0x7b050763, L:/192.168.1.146:49736 - R:ondemand.us-west-1.saucelabs.com/66.85.52.224:443]' for 'POST' to 'https://oauth-autolazare-558fb:f8d0a4b4-e059-4b39-a9eb-366965b887b1@ondemand.us-west-1.saucelabs.com:443/wd/hub/session/6e478f60247a41e29a4342741c3b2594/execute/sync'
22:26:57.346 [Forwarding executeScript on session 6e478f60247a41e29a4342741c3b2594 to remote] DEBUG org.asynchttpclient.netty.request.NettyRequestSender -- Using open Channel [id: 0x7b050763, L:/192.168.1.146:49736 - R:ondemand.us-west-1.saucelabs.com/66.85.52.224:443] for POST '/wd/hub/session/6e478f60247a41e29a4342741c3b2594/execute/sync'
22:26:57.868 [AsyncHttpClient-1-2] DEBUG org.asynchttpclient.netty.handler.HttpHandler -- 

Request DefaultHttpRequest(decodeResult: success, version: HTTP/1.1)
POST /wd/hub/session/6e478f60247a41e29a4342741c3b2594/execute/sync HTTP/1.1
User-Agent: selenium/4.9.0 (java windows)
traceparent: 00-12e0775530a8bd4e2da99113bc9dc74d-c1c1f775ae03ce60-01
Content-Length: 323605
Content-Type: application/json; charset=utf-8
host: ondemand.us-west-1.saucelabs.com
authorization: Basic b2F1dGgtYXV0b2xhemFyZS01NThmYjpmOGQwYTRiNC1lMDU5LTRiMzktYTllYi0zNjY5NjViODg3YjE=
accept: */*

Response DefaultHttpResponse(decodeResult: success, version: HTTP/1.1)
HTTP/1.1 200 OK
content-length: 15
content-type: application/json;charset=UTF-8
date: Fri, 12 May 2023 02:26:57 GMT
server: monocle/0.42
x-request-id: c789822b-a53e-49d8-b3eb-85df6757afc1

22:26:57.869 [AsyncHttpClient-1-2] DEBUG org.asynchttpclient.netty.channel.ChannelManager -- Adding key: https://ondemand.us-west-1.saucelabs.com:443 for channel [id: 0x7b050763, L:/192.168.1.146:49736 - R:ondemand.us-west-1.saucelabs.com/66.85.52.224:443]
22:26:57.877 [Forwarding findElements on session 6e478f60247a41e29a4342741c3b2594 to remote] DEBUG org.asynchttpclient.netty.request.NettyRequestSender -- Using pooled Channel '[id: 0x7b050763, L:/192.168.1.146:49736 - R:ondemand.us-west-1.saucelabs.com/66.85.52.224:443]' for 'POST' to 'https://oauth-autolazare-558fb:f8d0a4b4-e059-4b39-a9eb-366965b887b1@ondemand.us-west-1.saucelabs.com:443/wd/hub/session/6e478f60247a41e29a4342741c3b2594/elements'
22:26:57.877 [Forwarding findElements on session 6e478f60247a41e29a4342741c3b2594 to remote] DEBUG org.asynchttpclient.netty.request.NettyRequestSender -- Using open Channel [id: 0x7b050763, L:/192.168.1.146:49736 - R:ondemand.us-west-1.saucelabs.com/66.85.52.224:443] for POST '/wd/hub/session/6e478f60247a41e29a4342741c3b2594/elements'
22:26:58.024 [AsyncHttpClient-1-2] DEBUG org.asynchttpclient.netty.handler.HttpHandler -- 

Request DefaultHttpRequest(decodeResult: success, version: HTTP/1.1)
POST /wd/hub/session/6e478f60247a41e29a4342741c3b2594/elements HTTP/1.1
User-Agent: selenium/4.9.0 (java windows)
traceparent: 00-c2d4b8e354f0e331cff24fa259c4e9c2-02cc002687066d62-01
Content-Length: 98
Content-Type: application/json; charset=utf-8
host: ondemand.us-west-1.saucelabs.com
authorization: Basic b2F1dGgtYXV0b2xhemFyZS01NThmYjpmOGQwYTRiNC1lMDU5LTRiMzktYTllYi0zNjY5NjViODg3YjE=
accept: */*

Response DefaultHttpResponse(decodeResult: success, version: HTTP/1.1)
HTTP/1.1 200 OK
content-length: 187
content-type: application/json;charset=UTF-8
date: Fri, 12 May 2023 02:26:58 GMT
server: monocle/0.42
x-request-id: bbc3d8a8-babc-432e-86e9-aa39e1b610bd

22:26:58.025 [AsyncHttpClient-1-2] DEBUG org.asynchttpclient.netty.channel.ChannelManager -- Adding key: https://ondemand.us-west-1.saucelabs.com:443 for channel [id: 0x7b050763, L:/192.168.1.146:49736 - R:ondemand.us-west-1.saucelabs.com/66.85.52.224:443]
22:26:58.033 [Forwarding switchToFrame on session 6e478f60247a41e29a4342741c3b2594 to remote] DEBUG org.asynchttpclient.netty.request.NettyRequestSender -- Using pooled Channel '[id: 0x7b050763, L:/192.168.1.146:49736 - R:ondemand.us-west-1.saucelabs.com/66.85.52.224:443]' for 'POST' to 'https://oauth-autolazare-558fb:f8d0a4b4-e059-4b39-a9eb-366965b887b1@ondemand.us-west-1.saucelabs.com:443/wd/hub/session/6e478f60247a41e29a4342741c3b2594/frame'
22:26:58.033 [Forwarding switchToFrame on session 6e478f60247a41e29a4342741c3b2594 to remote] DEBUG org.asynchttpclient.netty.request.NettyRequestSender -- Using open Channel [id: 0x7b050763, L:/192.168.1.146:49736 - R:ondemand.us-west-1.saucelabs.com/66.85.52.224:443] for POST '/wd/hub/session/6e478f60247a41e29a4342741c3b2594/frame'
22:26:58.195 [AsyncHttpClient-1-2] DEBUG org.asynchttpclient.netty.handler.HttpHandler -- 

Request DefaultHttpRequest(decodeResult: success, version: HTTP/1.1)
POST /wd/hub/session/6e478f60247a41e29a4342741c3b2594/frame HTTP/1.1
User-Agent: selenium/4.9.0 (java windows)
traceparent: 00-b185bc996a3c41ae41b87d3d57c15887-96364dbdfd08b342-01
Content-Length: 106
Content-Type: application/json; charset=utf-8
host: ondemand.us-west-1.saucelabs.com
authorization: Basic b2F1dGgtYXV0b2xhemFyZS01NThmYjpmOGQwYTRiNC1lMDU5LTRiMzktYTllYi0zNjY5NjViODg3YjE=
accept: */*

Response DefaultHttpResponse(decodeResult: success, version: HTTP/1.1)
HTTP/1.1 200 OK
content-length: 15
content-type: application/json;charset=UTF-8
date: Fri, 12 May 2023 02:26:58 GMT
server: monocle/0.42
x-request-id: dc4bd2ca-9f39-4148-9354-41135b681ea0

22:26:58.196 [AsyncHttpClient-1-2] DEBUG org.asynchttpclient.netty.channel.ChannelManager -- Adding key: https://ondemand.us-west-1.saucelabs.com:443 for channel [id: 0x7b050763, L:/192.168.1.146:49736 - R:ondemand.us-west-1.saucelabs.com/66.85.52.224:443]
22:26:58.218 [Forwarding executeScript on session 6e478f60247a41e29a4342741c3b2594 to remote] DEBUG org.asynchttpclient.netty.request.NettyRequestSender -- Using pooled Channel '[id: 0x7b050763, L:/192.168.1.146:49736 - R:ondemand.us-west-1.saucelabs.com/66.85.52.224:443]' for 'POST' to 'https://oauth-autolazare-558fb:f8d0a4b4-e059-4b39-a9eb-366965b887b1@ondemand.us-west-1.saucelabs.com:443/wd/hub/session/6e478f60247a41e29a4342741c3b2594/execute/sync'
22:26:58.218 [Forwarding executeScript on session 6e478f60247a41e29a4342741c3b2594 to remote] DEBUG org.asynchttpclient.netty.request.NettyRequestSender -- Using open Channel [id: 0x7b050763, L:/192.168.1.146:49736 - R:ondemand.us-west-1.saucelabs.com/66.85.52.224:443] for POST '/wd/hub/session/6e478f60247a41e29a4342741c3b2594/execute/sync'
22:26:58.752 [AsyncHttpClient-1-2] DEBUG org.asynchttpclient.netty.handler.HttpHandler -- 

Request DefaultHttpRequest(decodeResult: success, version: HTTP/1.1)
POST /wd/hub/session/6e478f60247a41e29a4342741c3b2594/execute/sync HTTP/1.1
User-Agent: selenium/4.9.0 (java windows)
traceparent: 00-845e1a35d13636ad88db25304b81fd71-bde2835dcf6cda2c-01
Content-Length: 323605
Content-Type: application/json; charset=utf-8
host: ondemand.us-west-1.saucelabs.com
authorization: Basic b2F1dGgtYXV0b2xhemFyZS01NThmYjpmOGQwYTRiNC1lMDU5LTRiMzktYTllYi0zNjY5NjViODg3YjE=
accept: */*

Response DefaultHttpResponse(decodeResult: success, version: HTTP/1.1)
HTTP/1.1 200 OK
content-length: 15
content-type: application/json;charset=UTF-8
date: Fri, 12 May 2023 02:26:58 GMT
server: monocle/0.42
x-request-id: c9d54144-a688-4e66-8581-4e0a29d142c4

22:26:58.752 [AsyncHttpClient-1-2] DEBUG org.asynchttpclient.netty.channel.ChannelManager -- Adding key: https://ondemand.us-west-1.saucelabs.com:443 for channel [id: 0x7b050763, L:/192.168.1.146:49736 - R:ondemand.us-west-1.saucelabs.com/66.85.52.224:443]
22:26:58.773 [Forwarding findElements on session 6e478f60247a41e29a4342741c3b2594 to remote] DEBUG org.asynchttpclient.netty.request.NettyRequestSender -- Using pooled Channel '[id: 0x7b050763, L:/192.168.1.146:49736 - R:ondemand.us-west-1.saucelabs.com/66.85.52.224:443]' for 'POST' to 'https://oauth-autolazare-558fb:f8d0a4b4-e059-4b39-a9eb-366965b887b1@ondemand.us-west-1.saucelabs.com:443/wd/hub/session/6e478f60247a41e29a4342741c3b2594/elements'
22:26:58.773 [Forwarding findElements on session 6e478f60247a41e29a4342741c3b2594 to remote] DEBUG org.asynchttpclient.netty.request.NettyRequestSender -- Using open Channel [id: 0x7b050763, L:/192.168.1.146:49736 - R:ondemand.us-west-1.saucelabs.com/66.85.52.224:443] for POST '/wd/hub/session/6e478f60247a41e29a4342741c3b2594/elements'
22:26:58.916 [AsyncHttpClient-1-2] DEBUG org.asynchttpclient.netty.handler.HttpHandler -- 

Request DefaultHttpRequest(decodeResult: success, version: HTTP/1.1)
POST /wd/hub/session/6e478f60247a41e29a4342741c3b2594/elements HTTP/1.1
User-Agent: selenium/4.9.0 (java windows)
traceparent: 00-7f1b1ae78b4a9a6eaf6bb42ee6ecd0e4-c906f76b56969da4-01
Content-Length: 98
Content-Type: application/json; charset=utf-8
host: ondemand.us-west-1.saucelabs.com
authorization: Basic b2F1dGgtYXV0b2xhemFyZS01NThmYjpmOGQwYTRiNC1lMDU5LTRiMzktYTllYi0zNjY5NjViODg3YjE=
accept: */*

Response DefaultHttpResponse(decodeResult: success, version: HTTP/1.1)
HTTP/1.1 200 OK
content-length: 13
content-type: application/json;charset=UTF-8
date: Fri, 12 May 2023 02:26:58 GMT
server: monocle/0.42
x-request-id: 79cc600c-f288-480d-a21e-c7cc3f4c27a6

22:26:58.916 [AsyncHttpClient-1-2] DEBUG org.asynchttpclient.netty.channel.ChannelManager -- Adding key: https://ondemand.us-west-1.saucelabs.com:443 for channel [id: 0x7b050763, L:/192.168.1.146:49736 - R:ondemand.us-west-1.saucelabs.com/66.85.52.224:443]
22:26:58.919 [Forwarding switchToParentFrame on session 6e478f60247a41e29a4342741c3b2594 to remote] DEBUG org.asynchttpclient.netty.request.NettyRequestSender -- Using pooled Channel '[id: 0x7b050763, L:/192.168.1.146:49736 - R:ondemand.us-west-1.saucelabs.com/66.85.52.224:443]' for 'POST' to 'https://oauth-autolazare-558fb:f8d0a4b4-e059-4b39-a9eb-366965b887b1@ondemand.us-west-1.saucelabs.com:443/wd/hub/session/6e478f60247a41e29a4342741c3b2594/frame/parent'
22:26:58.919 [Forwarding switchToParentFrame on session 6e478f60247a41e29a4342741c3b2594 to remote] DEBUG org.asynchttpclient.netty.request.NettyRequestSender -- Using open Channel [id: 0x7b050763, L:/192.168.1.146:49736 - R:ondemand.us-west-1.saucelabs.com/66.85.52.224:443] for POST '/wd/hub/session/6e478f60247a41e29a4342741c3b2594/frame/parent'
22:26:59.043 [AsyncHttpClient-1-2] DEBUG org.asynchttpclient.netty.handler.HttpHandler -- 

Request DefaultHttpRequest(decodeResult: success, version: HTTP/1.1)
POST /wd/hub/session/6e478f60247a41e29a4342741c3b2594/frame/parent HTTP/1.1
User-Agent: selenium/4.9.0 (java windows)
traceparent: 00-af67d9d71f3bc51875ad2f76d9ca699c-a74677fef7fa8864-01
Content-Length: 3
Content-Type: application/json; charset=utf-8
host: ondemand.us-west-1.saucelabs.com
authorization: Basic b2F1dGgtYXV0b2xhemFyZS01NThmYjpmOGQwYTRiNC1lMDU5LTRiMzktYTllYi0zNjY5NjViODg3YjE=
accept: */*

Response DefaultHttpResponse(decodeResult: success, version: HTTP/1.1)
HTTP/1.1 200 OK
content-length: 15
content-type: application/json;charset=UTF-8
date: Fri, 12 May 2023 02:26:59 GMT
server: monocle/0.42
x-request-id: f79a6b28-67a1-46f7-b465-0249acec2add

22:26:59.043 [AsyncHttpClient-1-2] DEBUG org.asynchttpclient.netty.channel.ChannelManager -- Adding key: https://ondemand.us-west-1.saucelabs.com:443 for channel [id: 0x7b050763, L:/192.168.1.146:49736 - R:ondemand.us-west-1.saucelabs.com/66.85.52.224:443]
22:26:59.048 [Forwarding switchToFrame on session 6e478f60247a41e29a4342741c3b2594 to remote] DEBUG org.asynchttpclient.netty.request.NettyRequestSender -- Using pooled Channel '[id: 0x7b050763, L:/192.168.1.146:49736 - R:ondemand.us-west-1.saucelabs.com/66.85.52.224:443]' for 'POST' to 'https://oauth-autolazare-558fb:f8d0a4b4-e059-4b39-a9eb-366965b887b1@ondemand.us-west-1.saucelabs.com:443/wd/hub/session/6e478f60247a41e29a4342741c3b2594/frame'
22:26:59.048 [Forwarding switchToFrame on session 6e478f60247a41e29a4342741c3b2594 to remote] DEBUG org.asynchttpclient.netty.request.NettyRequestSender -- Using open Channel [id: 0x7b050763, L:/192.168.1.146:49736 - R:ondemand.us-west-1.saucelabs.com/66.85.52.224:443] for POST '/wd/hub/session/6e478f60247a41e29a4342741c3b2594/frame'
22:26:59.193 [AsyncHttpClient-1-2] DEBUG org.asynchttpclient.netty.handler.HttpHandler -- 

Request DefaultHttpRequest(decodeResult: success, version: HTTP/1.1)
POST /wd/hub/session/6e478f60247a41e29a4342741c3b2594/frame HTTP/1.1
User-Agent: selenium/4.9.0 (java windows)
traceparent: 00-6a16bada57d32feb2f6d3ef641579cd3-f1cec5ef7128ff9d-01
Content-Length: 106
Content-Type: application/json; charset=utf-8
host: ondemand.us-west-1.saucelabs.com
authorization: Basic b2F1dGgtYXV0b2xhemFyZS01NThmYjpmOGQwYTRiNC1lMDU5LTRiMzktYTllYi0zNjY5NjViODg3YjE=
accept: */*

Response DefaultHttpResponse(decodeResult: success, version: HTTP/1.1)
HTTP/1.1 200 OK
content-length: 15
content-type: application/json;charset=UTF-8
date: Fri, 12 May 2023 02:26:59 GMT
server: monocle/0.42
x-request-id: 404cbc81-422d-448b-acc9-00e8f828b5da

22:26:59.193 [AsyncHttpClient-1-2] DEBUG org.asynchttpclient.netty.channel.ChannelManager -- Adding key: https://ondemand.us-west-1.saucelabs.com:443 for channel [id: 0x7b050763, L:/192.168.1.146:49736 - R:ondemand.us-west-1.saucelabs.com/66.85.52.224:443]
22:26:59.206 [Forwarding executeScript on session 6e478f60247a41e29a4342741c3b2594 to remote] DEBUG org.asynchttpclient.netty.request.NettyRequestSender -- Using pooled Channel '[id: 0x7b050763, L:/192.168.1.146:49736 - R:ondemand.us-west-1.saucelabs.com/66.85.52.224:443]' for 'POST' to 'https://oauth-autolazare-558fb:f8d0a4b4-e059-4b39-a9eb-366965b887b1@ondemand.us-west-1.saucelabs.com:443/wd/hub/session/6e478f60247a41e29a4342741c3b2594/execute/sync'
22:26:59.206 [Forwarding executeScript on session 6e478f60247a41e29a4342741c3b2594 to remote] DEBUG org.asynchttpclient.netty.request.NettyRequestSender -- Using open Channel [id: 0x7b050763, L:/192.168.1.146:49736 - R:ondemand.us-west-1.saucelabs.com/66.85.52.224:443] for POST '/wd/hub/session/6e478f60247a41e29a4342741c3b2594/execute/sync'
22:26:59.701 [AsyncHttpClient-1-2] DEBUG org.asynchttpclient.netty.handler.HttpHandler -- 

Request DefaultHttpRequest(decodeResult: success, version: HTTP/1.1)
POST /wd/hub/session/6e478f60247a41e29a4342741c3b2594/execute/sync HTTP/1.1
User-Agent: selenium/4.9.0 (java windows)
traceparent: 00-22a929fc5a97f131b694f485e7f60406-5ed8bdf410ba8aa5-01
Content-Length: 323605
Content-Type: application/json; charset=utf-8
host: ondemand.us-west-1.saucelabs.com
authorization: Basic b2F1dGgtYXV0b2xhemFyZS01NThmYjpmOGQwYTRiNC1lMDU5LTRiMzktYTllYi0zNjY5NjViODg3YjE=
accept: */*

Response DefaultHttpResponse(decodeResult: success, version: HTTP/1.1)
HTTP/1.1 200 OK
content-length: 15
content-type: application/json;charset=UTF-8
date: Fri, 12 May 2023 02:26:59 GMT
server: monocle/0.42
x-request-id: e7cfcc8c-5ed0-47bc-a060-73e1815f8081

[...]
traceparent: 00-7510b5e9f792d0afc33176029c08b72a-e34766dc0e59c442-01
Content-Length: 99
Content-Type: application/json; charset=utf-8
host: ondemand.us-west-1.saucelabs.com
authorization: Basic b2F1dGgtYXV0b2xhemFyZS01NThmYjpmOGQwYTRiNC1lMDU5LTRiMzktYTllYi0zNjY5NjViODg3YjE=
accept: */*

Response DefaultHttpResponse(decodeResult: success, version: HTTP/1.1)
HTTP/1.1 200 OK
content-length: 15
content-type: application/json;charset=UTF-8
date: Fri, 12 May 2023 02:27:23 GMT
server: monocle/0.42
x-request-id: a409e644-269d-4402-a8b1-0d0a2f3f7021

22:27:23.239 [AsyncHttpClient-1-2] DEBUG org.asynchttpclient.netty.channel.ChannelManager -- Adding key: https://ondemand.us-west-1.saucelabs.com:443 for channel [id: 0x7b050763, L:/192.168.1.146:49736 - R:ondemand.us-west-1.saucelabs.com/66.85.52.224:443]
22:27:23.239 [Forwarding findElements on session 6e478f60247a41e29a4342741c3b2594 to remote] DEBUG org.asynchttpclient.netty.request.NettyRequestSender -- Using pooled Channel '[id: 0x7b050763, L:/192.168.1.146:49736 - R:ondemand.us-west-1.saucelabs.com/66.85.52.224:443]' for 'POST' to 'https://oauth-autolazare-558fb:f8d0a4b4-e059-4b39-a9eb-366965b887b1@ondemand.us-west-1.saucelabs.com:443/wd/hub/session/6e478f60247a41e29a4342741c3b2594/elements'
22:27:23.239 [Forwarding findElements on session 6e478f60247a41e29a4342741c3b2594 to remote] DEBUG org.asynchttpclient.netty.request.NettyRequestSender -- Using open Channel [id: 0x7b050763, L:/192.168.1.146:49736 - R:ondemand.us-west-1.saucelabs.com/66.85.52.224:443] for POST '/wd/hub/session/6e478f60247a41e29a4342741c3b2594/elements'
22:27:23.372 [AsyncHttpClient-1-2] DEBUG org.asynchttpclient.netty.handler.HttpHandler -- 

Request DefaultHttpRequest(decodeResult: success, version: HTTP/1.1)
POST /wd/hub/session/6e478f60247a41e29a4342741c3b2594/elements HTTP/1.1
User-Agent: selenium/4.9.0 (java windows)
traceparent: 00-125e2c6861a1f59e26c75ccf4997dc1b-cb7e44a041d730c5-01
Content-Length: 98
Content-Type: application/json; charset=utf-8
host: ondemand.us-west-1.saucelabs.com
authorization: Basic b2F1dGgtYXV0b2xhemFyZS01NThmYjpmOGQwYTRiNC1lMDU5LTRiMzktYTllYi0zNjY5NjViODg3YjE=
accept: */*

Response DefaultHttpResponse(decodeResult: success, version: HTTP/1.1)
HTTP/1.1 200 OK
content-length: 13
content-type: application/json;charset=UTF-8
date: Fri, 12 May 2023 02:27:23 GMT
server: monocle/0.42
x-request-id: 3d7f9562-a1a4-4ea6-9f81-8012a28a2e5a

22:27:23.372 [AsyncHttpClient-1-2] DEBUG org.asynchttpclient.netty.channel.ChannelManager -- Adding key: https://ondemand.us-west-1.saucelabs.com:443 for channel [id: 0x7b050763, L:/192.168.1.146:49736 - R:ondemand.us-west-1.saucelabs.com/66.85.52.224:443]
22:27:23.372 [Forwarding switchToParentFrame on session 6e478f60247a41e29a4342741c3b2594 to remote] DEBUG org.asynchttpclient.netty.request.NettyRequestSender -- Using pooled Channel '[id: 0x7b050763, L:/192.168.1.146:49736 - R:ondemand.us-west-1.saucelabs.com/66.85.52.224:443]' for 'POST' to 'https://oauth-autolazare-558fb:f8d0a4b4-e059-4b39-a9eb-366965b887b1@ondemand.us-west-1.saucelabs.com:443/wd/hub/session/6e478f60247a41e29a4342741c3b2594/frame/parent'
22:27:23.372 [Forwarding switchToParentFrame on session 6e478f60247a41e29a4342741c3b2594 to remote] DEBUG org.asynchttpclient.netty.request.NettyRequestSender -- Using open Channel [id: 0x7b050763, L:/192.168.1.146:49736 - R:ondemand.us-west-1.saucelabs.com/66.85.52.224:443] for POST '/wd/hub/session/6e478f60247a41e29a4342741c3b2594/frame/parent'
22:27:23.500 [AsyncHttpClient-1-2] DEBUG org.asynchttpclient.netty.handler.HttpHandler -- 

Request DefaultHttpRequest(decodeResult: success, version: HTTP/1.1)
POST /wd/hub/session/6e478f60247a41e29a4342741c3b2594/frame/parent HTTP/1.1
User-Agent: selenium/4.9.0 (java windows)
traceparent: 00-5b3f0706adeb3ad075a09f2cf4843f53-1c9b6817294217ab-01
Content-Length: 3
Content-Type: application/json; charset=utf-8
host: ondemand.us-west-1.saucelabs.com
authorization: Basic b2F1dGgtYXV0b2xhemFyZS01NThmYjpmOGQwYTRiNC1lMDU5LTRiMzktYTllYi0zNjY5NjViODg3YjE=
accept: */*

Response DefaultHttpResponse(decodeResult: success, version: HTTP/1.1)
HTTP/1.1 200 OK
content-length: 15
content-type: application/json;charset=UTF-8
date: Fri, 12 May 2023 02:27:23 GMT
server: monocle/0.42
x-request-id: 714035b3-83ae-4e04-a8e1-bf1736790845

22:27:23.500 [AsyncHttpClient-1-2] DEBUG org.asynchttpclient.netty.channel.ChannelManager -- Adding key: https://ondemand.us-west-1.saucelabs.com:443 for channel [id: 0x7b050763, L:/192.168.1.146:49736 - R:ondemand.us-west-1.saucelabs.com/66.85.52.224:443]
22:27:23.502 [Forwarding switchToFrame on session 6e478f60247a41e29a4342741c3b2594 to remote] DEBUG org.asynchttpclient.netty.request.NettyRequestSender -- Using pooled Channel '[id: 0x7b050763, L:/192.168.1.146:49736 - R:ondemand.us-west-1.saucelabs.com/66.85.52.224:443]' for 'POST' to 'https://oauth-autolazare-558fb:f8d0a4b4-e059-4b39-a9eb-366965b887b1@ondemand.us-west-1.saucelabs.com:443/wd/hub/session/6e478f60247a41e29a4342741c3b2594/frame'
22:27:23.502 [Forwarding switchToFrame on session 6e478f60247a41e29a4342741c3b2594 to remote] DEBUG org.asynchttpclient.netty.request.NettyRequestSender -- Using open Channel [id: 0x7b050763, L:/192.168.1.146:49736 - R:ondemand.us-west-1.saucelabs.com/66.85.52.224:443] for POST '/wd/hub/session/6e478f60247a41e29a4342741c3b2594/frame'
22:27:23.643 [AsyncHttpClient-1-2] DEBUG org.asynchttpclient.netty.handler.HttpHandler -- 

Request DefaultHttpRequest(decodeResult: success, version: HTTP/1.1)
POST /wd/hub/session/6e478f60247a41e29a4342741c3b2594/frame HTTP/1.1
User-Agent: selenium/4.9.0 (java windows)
traceparent: 00-72fca5bf6cabfb02502e5b284958c15e-e0c4f206b8cf8288-01
Content-Length: 106
Content-Type: application/json; charset=utf-8
host: ondemand.us-west-1.saucelabs.com
authorization: Basic b2F1dGgtYXV0b2xhemFyZS01NThmYjpmOGQwYTRiNC1lMDU5LTRiMzktYTllYi0zNjY5NjViODg3YjE=
accept: */*

Response DefaultHttpResponse(decodeResult: success, version: HTTP/1.1)
HTTP/1.1 200 OK
content-length: 15
content-type: application/json;charset=UTF-8
date: Fri, 12 May 2023 02:27:23 GMT
server: monocle/0.42
x-request-id: 4e1492ee-081a-4939-b5db-53ac2990f1cf

22:27:23.643 [AsyncHttpClient-1-2] DEBUG org.asynchttpclient.netty.channel.ChannelManager -- Adding key: https://ondemand.us-west-1.saucelabs.com:443 for channel [id: 0x7b050763, L:/192.168.1.146:49736 - R:ondemand.us-west-1.saucelabs.com/66.85.52.224:443]
22:27:23.643 [Forwarding executeScript on session 6e478f60247a41e29a4342741c3b2594 to remote] DEBUG org.asynchttpclient.netty.request.NettyRequestSender -- Using pooled Channel '[id: 0x7b050763, L:/192.168.1.146:49736 - R:ondemand.us-west-1.saucelabs.com/66.85.52.224:443]' for 'POST' to 'https://oauth-autolazare-558fb:f8d0a4b4-e059-4b39-a9eb-366965b887b1@ondemand.us-west-1.saucelabs.com:443/wd/hub/session/6e478f60247a41e29a4342741c3b2594/execute/sync'
22:27:23.643 [Forwarding executeScript on session 6e478f60247a41e29a4342741c3b2594 to remote] DEBUG org.asynchttpclient.netty.request.NettyRequestSender -- Using open Channel [id: 0x7b050763, L:/192.168.1.146:49736 - R:ondemand.us-west-1.saucelabs.com/66.85.52.224:443] for POST '/wd/hub/session/6e478f60247a41e29a4342741c3b2594/execute/sync'
22:27:23.784 [AsyncHttpClient-1-2] DEBUG org.asynchttpclient.netty.handler.HttpHandler -- 

Request DefaultHttpRequest(decodeResult: success, version: HTTP/1.1)
POST /wd/hub/session/6e478f60247a41e29a4342741c3b2594/execute/sync HTTP/1.1
User-Agent: selenium/4.9.0 (java windows)
traceparent: 00-32740ca9dda556566f6644e4c30f20db-2af81c532f25ea34-01
Content-Length: 99
Content-Type: application/json; charset=utf-8
host: ondemand.us-west-1.saucelabs.com
authorization: Basic b2F1dGgtYXV0b2xhemFyZS01NThmYjpmOGQwYTRiNC1lMDU5LTRiMzktYTllYi0zNjY5NjViODg3YjE=
accept: */*

Response DefaultHttpResponse(decodeResult: success, version: HTTP/1.1)
HTTP/1.1 200 OK
content-length: 15
content-type: application/json;charset=UTF-8
date: Fri, 12 May 2023 02:27:23 GMT
server: monocle/0.42
x-request-id: c9981970-2a6d-4a9d-aeb9-48877fc51ee4

22:27:23.784 [AsyncHttpClient-1-2] DEBUG org.asynchttpclient.netty.channel.ChannelManager -- Adding key: https://ondemand.us-west-1.saucelabs.com:443 for channel [id: 0x7b050763, L:/192.168.1.146:49736 - R:ondemand.us-west-1.saucelabs.com/66.85.52.224:443]
22:27:23.784 [Forwarding findElements on session 6e478f60247a41e29a4342741c3b2594 to remote] DEBUG org.asynchttpclient.netty.request.NettyRequestSender -- Using pooled Channel '[id: 0x7b050763, L:/192.168.1.146:49736 - R:ondemand.us-west-1.saucelabs.com/66.85.52.224:443]' for 'POST' to 'https://oauth-autolazare-558fb:f8d0a4b4-e059-4b39-a9eb-366965b887b1@ondemand.us-west-1.saucelabs.com:443/wd/hub/session/6e478f60247a41e29a4342741c3b2594/elements'
22:27:23.784 [Forwarding findElements on session 6e478f60247a41e29a4342741c3b2594 to remote] DEBUG org.asynchttpclient.netty.request.NettyRequestSender -- Using open Channel [id: 0x7b050763, L:/192.168.1.146:49736 - R:ondemand.us-west-1.saucelabs.com/66.85.52.224:443] for POST '/wd/hub/session/6e478f60247a41e29a4342741c3b2594/elements'
22:27:23.915 [AsyncHttpClient-1-2] DEBUG org.asynchttpclient.netty.handler.HttpHandler -- 

Request DefaultHttpRequest(decodeResult: success, version: HTTP/1.1)
POST /wd/hub/session/6e478f60247a41e29a4342741c3b2594/elements HTTP/1.1
User-Agent: selenium/4.9.0 (java windows)
traceparent: 00-c177223b3fb92e9781e55e63629aed8f-2aae0871bc39b4f2-01
Content-Length: 98
Content-Type: application/json; charset=utf-8
host: ondemand.us-west-1.saucelabs.com
authorization: Basic b2F1dGgtYXV0b2xhemFyZS01NThmYjpmOGQwYTRiNC1lMDU5LTRiMzktYTllYi0zNjY5NjViODg3YjE=
accept: */*

Response DefaultHttpResponse(decodeResult: success, version: HTTP/1.1)
HTTP/1.1 200 OK
content-length: 13
content-type: application/json;charset=UTF-8
date: Fri, 12 May 2023 02:27:23 GMT
server: monocle/0.42
x-request-id: 52f5fae5-56da-4a10-8ea4-880cd469f9b6

22:27:23.916 [AsyncHttpClient-1-2] DEBUG org.asynchttpclient.netty.channel.ChannelManager -- Adding key: https://ondemand.us-west-1.saucelabs.com:443 for channel [id: 0x7b050763, L:/192.168.1.146:49736 - R:ondemand.us-west-1.saucelabs.com/66.85.52.224:443]
22:27:23.916 [Forwarding switchToParentFrame on session 6e478f60247a41e29a4342741c3b2594 to remote] DEBUG org.asynchttpclient.netty.request.NettyRequestSender -- Using pooled Channel '[id: 0x7b050763, L:/192.168.1.146:49736 - R:ondemand.us-west-1.saucelabs.com/66.85.52.224:443]' for 'POST' to 'https://oauth-autolazare-558fb:f8d0a4b4-e059-4b39-a9eb-366965b887b1@ondemand.us-west-1.saucelabs.com:443/wd/hub/session/6e478f60247a41e29a4342741c3b2594/frame/parent'
22:27:23.916 [Forwarding switchToParentFrame on session 6e478f60247a41e29a4342741c3b2594 to remote] DEBUG org.asynchttpclient.netty.request.NettyRequestSender -- Using open Channel [id: 0x7b050763, L:/192.168.1.146:49736 - R:ondemand.us-west-1.saucelabs.com/66.85.52.224:443] for POST '/wd/hub/session/6e478f60247a41e29a4342741c3b2594/frame/parent'
22:27:24.041 [AsyncHttpClient-1-2] DEBUG org.asynchttpclient.netty.handler.HttpHandler -- 

Request DefaultHttpRequest(decodeResult: success, version: HTTP/1.1)
POST /wd/hub/session/6e478f60247a41e29a4342741c3b2594/frame/parent HTTP/1.1
User-Agent: selenium/4.9.0 (java windows)
traceparent: 00-962ee866d7fee515b2b59ab59adcba79-02a4c296c4b37427-01
Content-Length: 3
Content-Type: application/json; charset=utf-8
host: ondemand.us-west-1.saucelabs.com
authorization: Basic b2F1dGgtYXV0b2xhemFyZS01NThmYjpmOGQwYTRiNC1lMDU5LTRiMzktYTllYi0zNjY5NjViODg3YjE=
accept: */*

Response DefaultHttpResponse(decodeResult: success, version: HTTP/1.1)
HTTP/1.1 200 OK
content-length: 15
content-type: application/json;charset=UTF-8
date: Fri, 12 May 2023 02:27:24 GMT
server: monocle/0.42
x-request-id: 56c7162a-3daa-4551-8d63-2d41b163a666

22:27:24.041 [AsyncHttpClient-1-2] DEBUG org.asynchttpclient.netty.channel.ChannelManager -- Adding key: https://ondemand.us-west-1.saucelabs.com:443 for channel [id: 0x7b050763, L:/192.168.1.146:49736 - R:ondemand.us-west-1.saucelabs.com/66.85.52.224:443]
22:27:24.041 [Forwarding executeAsyncScript on session 6e478f60247a41e29a4342741c3b2594 to remote] DEBUG org.asynchttpclient.netty.request.NettyRequestSender -- Using pooled Channel '[id: 0x7b050763, L:/192.168.1.146:49736 - R:ondemand.us-west-1.saucelabs.com/66.85.52.224:443]' for 'POST' to 'https://oauth-autolazare-558fb:f8d0a4b4-e059-4b39-a9eb-366965b887b1@ondemand.us-west-1.saucelabs.com:443/wd/hub/session/6e478f60247a41e29a4342741c3b2594/execute/async'
22:27:24.041 [Forwarding executeAsyncScript on session 6e478f60247a41e29a4342741c3b2594 to remote] DEBUG org.asynchttpclient.netty.request.NettyRequestSender -- Using open Channel [id: 0x7b050763, L:/192.168.1.146:49736 - R:ondemand.us-west-1.saucelabs.com/66.85.52.224:443] for POST '/wd/hub/session/6e478f60247a41e29a4342741c3b2594/execute/async'
22:27:26.485 [AsyncHttpClient-1-2] DEBUG org.asynchttpclient.netty.handler.HttpHandler -- 

Request DefaultHttpRequest(decodeResult: success, version: HTTP/1.1)
POST /wd/hub/session/6e478f60247a41e29a4342741c3b2594/execute/async HTTP/1.1
User-Agent: selenium/4.9.0 (java windows)
traceparent: 00-bb5f373af38acfd8a8c3c2dd3889209b-ba11f172d335d624-01
Content-Length: 358
Content-Type: application/json; charset=utf-8
host: ondemand.us-west-1.saucelabs.com
authorization: Basic b2F1dGgtYXV0b2xhemFyZS01NThmYjpmOGQwYTRiNC1lMDU5LTRiMzktYTllYi0zNjY5NjViODg3YjE=
accept: */*

Response DefaultHttpResponse(decodeResult: success, version: HTTP/1.1)
HTTP/1.1 200 OK
content-type: application/json;charset=UTF-8
date: Fri, 12 May 2023 02:27:24 GMT
server: monocle/0.42
transfer-encoding: chunked
x-request-id: 482ee4fa-58ec-4ec4-a61e-71c96a826410

22:27:26.900 [AsyncHttpClient-1-2] DEBUG org.asynchttpclient.netty.channel.ChannelManager -- Adding key: https://ondemand.us-west-1.saucelabs.com:443 for channel [id: 0x7b050763, L:/192.168.1.146:49736 - R:ondemand.us-west-1.saucelabs.com/66.85.52.224:443]
File already exists.
22:27:27.137 [Forwarding maximizeCurrentWindow on session 6e478f60247a41e29a4342741c3b2594 to remote] DEBUG org.asynchttpclient.netty.request.NettyRequestSender -- Using pooled Channel '[id: 0x7b050763, L:/192.168.1.146:49736 - R:ondemand.us-west-1.saucelabs.com/66.85.52.224:443]' for 'POST' to 'https://oauth-autolazare-558fb:f8d0a4b4-e059-4b39-a9eb-366965b887b1@ondemand.us-west-1.saucelabs.com:443/wd/hub/session/6e478f60247a41e29a4342741c3b2594/window/maximize'
22:27:27.137 [Forwarding maximizeCurrentWindow on session 6e478f60247a41e29a4342741c3b2594 to remote] DEBUG org.asynchttpclient.netty.request.NettyRequestSender -- Using open Channel [id: 0x7b050763, L:/192.168.1.146:49736 - R:ondemand.us-west-1.saucelabs.com/66.85.52.224:443] for POST '/wd/hub/session/6e478f60247a41e29a4342741c3b2594/window/maximize'
22:27:27.337 [AsyncHttpClient-1-2] DEBUG org.asynchttpclient.netty.handler.HttpHandler -- 

Request DefaultHttpRequest(decodeResult: success, version: HTTP/1.1)
POST /wd/hub/session/6e478f60247a41e29a4342741c3b2594/window/maximize HTTP/1.1
User-Agent: selenium/4.9.0 (java windows)
traceparent: 00-12d0c7ac3bbb1b25473da08561749c39-0969641062ebb3bc-01
Content-Length: 3
Content-Type: application/json; charset=utf-8
host: ondemand.us-west-1.saucelabs.com
authorization: Basic b2F1dGgtYXV0b2xhemFyZS01NThmYjpmOGQwYTRiNC1lMDU5LTRiMzktYTllYi0zNjY5NjViODg3YjE=
accept: */*

Response DefaultHttpResponse(decodeResult: success, version: HTTP/1.1)
HTTP/1.1 200 OK
content-length: 59
content-type: application/json;charset=UTF-8
date: Fri, 12 May 2023 02:27:27 GMT
server: monocle/0.42
x-request-id: 9e441f83-e67b-4736-bc65-3372e4ff7891

22:27:27.337 [AsyncHttpClient-1-2] DEBUG org.asynchttpclient.netty.channel.ChannelManager -- Adding key: https://ondemand.us-west-1.saucelabs.com:443 for channel [id: 0x7b050763, L:/192.168.1.146:49736 - R:ondemand.us-west-1.saucelabs.com/66.85.52.224:443]
22:27:27.379 [Forwarding getTitle on session 6e478f60247a41e29a4342741c3b2594 to remote] DEBUG org.asynchttpclient.netty.request.NettyRequestSender -- Using pooled Channel '[id: 0x7b050763, L:/192.168.1.146:49736 - R:ondemand.us-west-1.saucelabs.com/66.85.52.224:443]' for 'GET' to 'https://oauth-autolazare-558fb:f8d0a4b4-e059-4b39-a9eb-366965b887b1@ondemand.us-west-1.saucelabs.com:443/wd/hub/session/6e478f60247a41e29a4342741c3b2594/title'
22:27:27.379 [Forwarding getTitle on session 6e478f60247a41e29a4342741c3b2594 to remote] DEBUG org.asynchttpclient.netty.request.NettyRequestSender -- Using open Channel [id: 0x7b050763, L:/192.168.1.146:49736 - R:ondemand.us-west-1.saucelabs.com/66.85.52.224:443] for GET '/wd/hub/session/6e478f60247a41e29a4342741c3b2594/title'
22:27:27.499 [AsyncHttpClient-1-2] DEBUG org.asynchttpclient.netty.handler.HttpHandler -- 

Request DefaultFullHttpRequest(decodeResult: success, version: HTTP/1.1, content: EmptyByteBufBE)
GET /wd/hub/session/6e478f60247a41e29a4342741c3b2594/title HTTP/1.1
User-Agent: selenium/4.9.0 (java windows)
Cache-Control: no-cache
traceparent: 00-1c228252ca20062f8b4a6f2b7f3e2fc1-c4cb8e3f5fea3901-01
Content-Type: application/json; charset=utf-8
host: ondemand.us-west-1.saucelabs.com
authorization: Basic b2F1dGgtYXV0b2xhemFyZS01NThmYjpmOGQwYTRiNC1lMDU5LTRiMzktYTllYi0zNjY5NjViODg3YjE=
accept: */*

Response DefaultHttpResponse(decodeResult: success, version: HTTP/1.1)
HTTP/1.1 200 OK
content-length: 57
content-type: application/json;charset=UTF-8
date: Fri, 12 May 2023 02:27:27 GMT
server: monocle/0.42
x-request-id: 46167974-426f-4ccb-ba06-f66e94a7feae

22:27:27.499 [AsyncHttpClient-1-2] DEBUG org.asynchttpclient.netty.channel.ChannelManager -- Adding key: https://ondemand.us-west-1.saucelabs.com:443 for channel [id: 0x7b050763, L:/192.168.1.146:49736 - R:ondemand.us-west-1.saucelabs.com/66.85.52.224:443]
22:27:27.499 [Forwarding quit on session 6e478f60247a41e29a4342741c3b2594 to remote] DEBUG org.asynchttpclient.netty.request.NettyRequestSender -- Using pooled Channel '[id: 0x7b050763, L:/192.168.1.146:49736 - R:ondemand.us-west-1.saucelabs.com/66.85.52.224:443]' for 'DELETE' to 'https://oauth-autolazare-558fb:f8d0a4b4-e059-4b39-a9eb-366965b887b1@ondemand.us-west-1.saucelabs.com:443/wd/hub/session/6e478f60247a41e29a4342741c3b2594'
22:27:27.499 [Forwarding quit on session 6e478f60247a41e29a4342741c3b2594 to remote] DEBUG org.asynchttpclient.netty.request.NettyRequestSender -- Using open Channel [id: 0x7b050763, L:/192.168.1.146:49736 - R:ondemand.us-west-1.saucelabs.com/66.85.52.224:443] for DELETE '/wd/hub/session/6e478f60247a41e29a4342741c3b2594'
22:27:27.721 [AsyncHttpClient-1-2] DEBUG org.asynchttpclient.netty.handler.HttpHandler -- 

Request DefaultFullHttpRequest(decodeResult: success, version: HTTP/1.1, content: EmptyByteBufBE)
DELETE /wd/hub/session/6e478f60247a41e29a4342741c3b2594 HTTP/1.1
User-Agent: selenium/4.9.0 (java windows)
traceparent: 00-9fd088c4eaf21cb0167c5b391b3e283e-d801a6b63a326f96-01
Content-Type: application/json; charset=utf-8
host: ondemand.us-west-1.saucelabs.com
authorization: Basic b2F1dGgtYXV0b2xhemFyZS01NThmYjpmOGQwYTRiNC1lMDU5LTRiMzktYTllYi0zNjY5NjViODg3YjE=
accept: */*

Response DefaultHttpResponse(decodeResult: success, version: HTTP/1.1)
HTTP/1.1 200 OK
content-length: 13
content-type: application/json;charset=UTF-8
date: Fri, 12 May 2023 02:27:27 GMT
server: monocle/0.42
x-request-id: cd1a4616-9b32-4710-929f-ce2fd375c62a

22:27:27.721 [AsyncHttpClient-1-2] DEBUG org.asynchttpclient.netty.channel.ChannelManager -- Adding key: https://ondemand.us-west-1.saucelabs.com:443 for channel [id: 0x7b050763, L:/192.168.1.146:49736 - R:ondemand.us-west-1.saucelabs.com/66.85.52.224:443]
  Given user navigate to the site               # stepDefinitions.Login.user_navigate_to_the_site()
]]></system-out>
    <system-err><![CDATA[May 11, 2023 10:26:36 PM org.openqa.selenium.remote.tracing.opentelemetry.OpenTelemetryTracer createTracer
INFO: Using OpenTelemetry for tracing
]]></system-err>
  </testcase>
</testsuite>