<?xml version="1.0" encoding="UTF-8"?>
<testsuite xmlns:xsi="http://www.w3.org/2001/XMLSchema-instance" xsi:noNamespaceSchemaLocation="https://maven.apache.org/surefire/maven-surefire-plugin/xsd/surefire-test-report-3.0.xsd" version="3.0" name="TestSuite" time="68.148" tests="1" errors="0" skipped="0" failures="0">
  <properties>
[...]
</properties>
  <testcase name="runScenario[&quot;Log in to page with valid credentials&quot;, &quot;Login Page Functionnality&quot;](1)" classname="runner.Runner" time="66.424">
    <system-out><![CDATA[12:10:46.384 [main] DEBUG org.testng.TestNG -- suiteXmlPath: "C:\Users\ganah\IdeaProjects\Cucumber_Project_03_28_2023_job\src\test\resources\test.xml"

@Test
Scenario: Log in to page with valid credentials # src/test/java/features/login.feature:5
Connection to POSTGRES DB SUCCESSFULL
column name : auth-autolazare-558fb
Connection to POSTGRES DB SUCCESSFULL
column name : f8d0a4b4-e059-4b39-a9eb-366965b887b1
Using Sauce Labs
12:10:48.852 [main] DEBUG io.netty.util.internal.logging.InternalLoggerFactory -- Using SLF4J as the default logging framework
12:10:48.855 [main] DEBUG io.netty.util.ResourceLeakDetector -- -Dio.netty.leakDetection.level: simple
12:10:48.856 [main] DEBUG io.netty.util.ResourceLeakDetector -- -Dio.netty.leakDetection.targetRecords: 4
12:10:48.862 [main] DEBUG io.netty.util.ResourceLeakDetectorFactory -- Loaded default ResourceLeakDetector: io.netty.util.ResourceLeakDetector@36cc9385
12:10:48.887 [main] DEBUG io.netty.util.internal.PlatformDependent0 -- -Dio.netty.noUnsafe: false
12:10:48.887 [main] DEBUG io.netty.util.internal.PlatformDependent0 -- Java version: 11
12:10:48.890 [main] DEBUG io.netty.util.internal.PlatformDependent0 -- sun.misc.Unsafe.theUnsafe: available
12:10:48.891 [main] DEBUG io.netty.util.internal.PlatformDependent0 -- sun.misc.Unsafe.copyMemory: available
12:10:48.893 [main] DEBUG io.netty.util.internal.PlatformDependent0 -- sun.misc.Unsafe.storeFence: available
12:10:48.894 [main] DEBUG io.netty.util.internal.PlatformDependent0 -- java.nio.Buffer.address: available
12:10:48.895 [main] DEBUG io.netty.util.internal.PlatformDependent0 -- direct buffer constructor: unavailable: Reflective setAccessible(true) disabled
12:10:48.896 [main] DEBUG io.netty.util.internal.PlatformDependent0 -- java.nio.Bits.unaligned: available, true
12:10:48.898 [main] DEBUG io.netty.util.internal.PlatformDependent0 -- jdk.internal.misc.Unsafe.allocateUninitializedArray(int): unavailable: class io.netty.util.internal.PlatformDependent0$7 cannot access class jdk.internal.misc.Unsafe (in module java.base) because module java.base does not export jdk.internal.misc to unnamed module @6f603e89
12:10:48.901 [main] DEBUG io.netty.util.internal.PlatformDependent0 -- java.nio.DirectByteBuffer.<init>(long, int): unavailable
12:10:48.901 [main] DEBUG io.netty.util.internal.PlatformDependent -- sun.misc.Unsafe: available
12:10:48.903 [main] DEBUG io.netty.util.internal.PlatformDependent -- maxDirectMemory: 2090860544 bytes (maybe)
12:10:48.904 [main] DEBUG io.netty.util.internal.PlatformDependent -- -Dio.netty.tmpdir: C:\Users\ganah\AppData\Local\Temp (java.io.tmpdir)
12:10:48.904 [main] DEBUG io.netty.util.internal.PlatformDependent -- -Dio.netty.bitMode: 64 (sun.arch.data.model)
12:10:48.904 [main] DEBUG io.netty.util.internal.PlatformDependent -- Platform: Windows
12:10:48.905 [main] DEBUG io.netty.util.internal.PlatformDependent -- -Dio.netty.maxDirectMemory: -1 bytes
12:10:48.905 [main] DEBUG io.netty.util.internal.PlatformDependent -- -Dio.netty.uninitializedArrayAllocationThreshold: -1
12:10:48.906 [main] DEBUG io.netty.util.internal.CleanerJava9 -- java.nio.ByteBuffer.cleaner(): available
12:10:48.906 [main] DEBUG io.netty.util.internal.PlatformDependent -- -Dio.netty.noPreferDirect: false
12:10:48.918 [main] DEBUG io.netty.util.internal.PlatformDependent -- org.jctools-core.MpscChunkedArrayQueue: available
12:10:48.957 [main] DEBUG io.netty.util.internal.InternalThreadLocalMap -- -Dio.netty.threadLocalMap.stringBuilder.initialSize: 1024
12:10:48.957 [main] DEBUG io.netty.util.internal.InternalThreadLocalMap -- -Dio.netty.threadLocalMap.stringBuilder.maxSize: 4096
12:10:49.157 [main] DEBUG io.netty.handler.ssl.JdkSslContext -- Default protocols (JDK): [TLSv1.3, TLSv1.2] 
12:10:49.157 [main] DEBUG io.netty.handler.ssl.JdkSslContext -- Default cipher suites (JDK): [TLS_ECDHE_ECDSA_WITH_AES_256_GCM_SHA384, TLS_ECDHE_ECDSA_WITH_AES_128_GCM_SHA256, TLS_ECDHE_RSA_WITH_AES_128_GCM_SHA256, TLS_ECDHE_RSA_WITH_AES_256_GCM_SHA384, TLS_ECDHE_RSA_WITH_AES_128_CBC_SHA, TLS_ECDHE_RSA_WITH_AES_256_CBC_SHA, TLS_RSA_WITH_AES_128_GCM_SHA256, TLS_RSA_WITH_AES_128_CBC_SHA, TLS_RSA_WITH_AES_256_CBC_SHA, TLS_AES_128_GCM_SHA256, TLS_AES_256_GCM_SHA384]
12:10:49.174 [main] DEBUG io.netty.util.concurrent.GlobalEventExecutor -- -Dio.netty.globalEventExecutor.quietPeriodSeconds: 1
12:10:49.205 [main] DEBUG io.netty.channel.MultithreadEventLoopGroup -- -Dio.netty.eventLoopThreads: 16
12:10:49.205 [main] DEBUG io.netty.channel.nio.NioEventLoop -- -Dio.netty.noKeySetOptimization: false
12:10:49.205 [main] DEBUG io.netty.channel.nio.NioEventLoop -- -Dio.netty.selectorAutoRebuildThreshold: 512
12:10:49.252 [main] DEBUG io.netty.buffer.PooledByteBufAllocator -- -Dio.netty.allocator.numHeapArenas: 16
12:10:49.252 [main] DEBUG io.netty.buffer.PooledByteBufAllocator -- -Dio.netty.allocator.numDirectArenas: 16
12:10:49.252 [main] DEBUG io.netty.buffer.PooledByteBufAllocator -- -Dio.netty.allocator.pageSize: 8192
12:10:49.252 [main] DEBUG io.netty.buffer.PooledByteBufAllocator -- -Dio.netty.allocator.maxOrder: 9
12:10:49.252 [main] DEBUG io.netty.buffer.PooledByteBufAllocator -- -Dio.netty.allocator.chunkSize: 4194304
12:10:49.252 [main] DEBUG io.netty.buffer.PooledByteBufAllocator -- -Dio.netty.allocator.smallCacheSize: 256
12:10:49.252 [main] DEBUG io.netty.buffer.PooledByteBufAllocator -- -Dio.netty.allocator.normalCacheSize: 64
12:10:49.252 [main] DEBUG io.netty.buffer.PooledByteBufAllocator -- -Dio.netty.allocator.maxCachedBufferCapacity: 32768
12:10:49.252 [main] DEBUG io.netty.buffer.PooledByteBufAllocator -- -Dio.netty.allocator.cacheTrimInterval: 8192
12:10:49.252 [main] DEBUG io.netty.buffer.PooledByteBufAllocator -- -Dio.netty.allocator.cacheTrimIntervalMillis: 0
12:10:49.252 [main] DEBUG io.netty.buffer.PooledByteBufAllocator -- -Dio.netty.allocator.useCacheForAllThreads: false
12:10:49.252 [main] DEBUG io.netty.buffer.PooledByteBufAllocator -- -Dio.netty.allocator.maxCachedByteBuffersPerChunk: 1023
12:10:49.268 [main] DEBUG io.netty.buffer.ByteBufUtil -- -Dio.netty.allocator.type: pooled
12:10:49.268 [main] DEBUG io.netty.buffer.ByteBufUtil -- -Dio.netty.threadLocalDirectBufferSize: 0
12:10:49.268 [main] DEBUG io.netty.buffer.ByteBufUtil -- -Dio.netty.maxThreadLocalCharBufferSize: 16384
12:10:49.625 [Forwarding newSession on session null to remote] DEBUG io.netty.channel.DefaultChannelId -- -Dio.netty.processId: 13188 (auto-detected)
12:10:49.625 [Forwarding newSession on session null to remote] DEBUG io.netty.util.NetUtil -- -Djava.net.preferIPv4Stack: false
12:10:49.625 [Forwarding newSession on session null to remote] DEBUG io.netty.util.NetUtil -- -Djava.net.preferIPv6Addresses: false
12:10:49.752 [Forwarding newSession on session null to remote] DEBUG io.netty.util.NetUtilInitializations -- Loopback interface: lo (Software Loopback Interface 1, 127.0.0.1)
12:10:49.752 [Forwarding newSession on session null to remote] DEBUG io.netty.util.NetUtil -- Failed to get SOMAXCONN from sysctl and file \proc\sys\net\core\somaxconn. Default: 200
12:10:49.770 [Forwarding newSession on session null to remote] DEBUG io.netty.channel.DefaultChannelId -- -Dio.netty.machineId: 68:3e:26:ff:fe:44:81:12 (auto-detected)
12:10:49.842 [AsyncHttpClient-1-2] DEBUG io.netty.buffer.AbstractByteBuf -- -Dio.netty.buffer.checkAccessible: true
12:10:49.842 [AsyncHttpClient-1-2] DEBUG io.netty.buffer.AbstractByteBuf -- -Dio.netty.buffer.checkBounds: true
12:10:49.842 [AsyncHttpClient-1-2] DEBUG io.netty.util.ResourceLeakDetectorFactory -- Loaded default ResourceLeakDetector: io.netty.util.ResourceLeakDetector@4afa382c
12:10:50.040 [AsyncHttpClient-1-2] DEBUG io.netty.util.Recycler -- -Dio.netty.recycler.maxCapacityPerThread: 4096
12:10:50.040 [AsyncHttpClient-1-2] DEBUG io.netty.util.Recycler -- -Dio.netty.recycler.ratio: 8
12:10:50.040 [AsyncHttpClient-1-2] DEBUG io.netty.util.Recycler -- -Dio.netty.recycler.chunkSize: 32
12:10:50.040 [AsyncHttpClient-1-2] DEBUG io.netty.util.Recycler -- -Dio.netty.recycler.blocking: false
12:10:50.040 [AsyncHttpClient-1-2] DEBUG io.netty.util.Recycler -- -Dio.netty.recycler.batchFastThreadLocalOnly: true
12:10:50.152 [AsyncHttpClient-1-2] DEBUG io.netty.handler.ssl.util.InsecureTrustManagerFactory -- Accepting a server certificate: CN=ondemand.us-west-1.saucelabs.com
12:10:50.308 [AsyncHttpClient-1-2] DEBUG org.asynchttpclient.netty.channel.NettyConnectListener -- Using new Channel '[id: 0x5473078d, L:/192.168.1.146:56861 - R:ondemand.us-west-1.saucelabs.com/66.85.52.224:443]' for 'POST' to '/wd/hub/session'
12:10:50.326 [AsyncHttpClient-1-2] DEBUG io.netty.handler.ssl.SslHandler -- [id: 0x5473078d, L:/192.168.1.146:56861 - R:ondemand.us-west-1.saucelabs.com/66.85.52.224:443] HANDSHAKEN: protocol:TLSv1.2 cipher suite:TLS_ECDHE_RSA_WITH_AES_128_GCM_SHA256
12:10:56.020 [AsyncHttpClient-1-2] DEBUG io.netty.handler.codec.compression.Brotli -- brotli4j not in the classpath; Brotli support will be unavailable.
12:10:56.020 [AsyncHttpClient-1-2] DEBUG org.asynchttpclient.netty.handler.HttpHandler -- 

Request DefaultHttpRequest(decodeResult: success, version: HTTP/1.1)
POST /wd/hub/session HTTP/1.1
User-Agent: selenium/4.9.0 (java windows)
traceparent: 00-02f9f548b1a7a33f0cb98cb0633e1421-c26e92bad66beb63-01
Content-Length: 434
Content-Type: application/json; charset=utf-8
host: ondemand.us-west-1.saucelabs.com
authorization: Basic b2F1dGgtYXV0b2xhemFyZS01NThmYjpmOGQwYTRiNC1lMDU5LTRiMzktYTllYi0zNjY5NjViODg3YjE=
accept: */*

Response DefaultHttpResponse(decodeResult: success, version: HTTP/1.1)
HTTP/1.1 200 OK
content-length: 977
content-type: application/json;charset=UTF-8
date: Thu, 11 May 2023 16:10:49 GMT
server: monocle/0.42
x-request-id: 29ddd4c3-e00f-4030-8b26-70f11e9fa6d9

12:10:56.030 [AsyncHttpClient-1-2] DEBUG org.asynchttpclient.netty.channel.ChannelManager -- Adding key: https://ondemand.us-west-1.saucelabs.com:443 for channel [id: 0x5473078d, L:/192.168.1.146:56861 - R:ondemand.us-west-1.saucelabs.com/66.85.52.224:443]
12:10:56.198 [Forwarding get on session 23c4ee5d2a954d328883c0cb6703c309 to remote] DEBUG org.asynchttpclient.netty.request.NettyRequestSender -- Using pooled Channel '[id: 0x5473078d, L:/192.168.1.146:56861 - R:ondemand.us-west-1.saucelabs.com/66.85.52.224:443]' for 'POST' to 'https://oauth-autolazare-558fb:f8d0a4b4-e059-4b39-a9eb-366965b887b1@ondemand.us-west-1.saucelabs.com:443/wd/hub/session/23c4ee5d2a954d328883c0cb6703c309/url'
12:10:56.199 [Forwarding get on session 23c4ee5d2a954d328883c0cb6703c309 to remote] DEBUG org.asynchttpclient.netty.request.NettyRequestSender -- Using open Channel [id: 0x5473078d, L:/192.168.1.146:56861 - R:ondemand.us-west-1.saucelabs.com/66.85.52.224:443] for POST '/wd/hub/session/23c4ee5d2a954d328883c0cb6703c309/url'
12:11:00.671 [AsyncHttpClient-1-2] DEBUG org.asynchttpclient.netty.handler.HttpHandler -- 

Request DefaultHttpRequest(decodeResult: success, version: HTTP/1.1)
POST /wd/hub/session/23c4ee5d2a954d328883c0cb6703c309/url HTTP/1.1
User-Agent: selenium/4.9.0 (java windows)
traceparent: 00-b8c583caf44794a2777b948654013a6b-c3d78dd86ddc6834-01
Content-Length: 111
Content-Type: application/json; charset=utf-8
host: ondemand.us-west-1.saucelabs.com
authorization: Basic b2F1dGgtYXV0b2xhemFyZS01NThmYjpmOGQwYTRiNC1lMDU5LTRiMzktYTllYi0zNjY5NjViODg3YjE=
accept: */*

Response DefaultHttpResponse(decodeResult: success, version: HTTP/1.1)
HTTP/1.1 200 OK
content-length: 15
content-type: application/json;charset=UTF-8
date: Thu, 11 May 2023 16:10:55 GMT
server: monocle/0.42
x-request-id: 2337e3c6-e407-4960-af64-72bbcfb1d0c7

12:11:00.671 [AsyncHttpClient-1-2] DEBUG org.asynchttpclient.netty.channel.ChannelManager -- Adding key: https://ondemand.us-west-1.saucelabs.com:443 for channel [id: 0x5473078d, L:/192.168.1.146:56861 - R:ondemand.us-west-1.saucelabs.com/66.85.52.224:443]
12:11:00.680 [Forwarding getTitle on session 23c4ee5d2a954d328883c0cb6703c309 to remote] DEBUG org.asynchttpclient.netty.request.NettyRequestSender -- Using pooled Channel '[id: 0x5473078d, L:/192.168.1.146:56861 - R:ondemand.us-west-1.saucelabs.com/66.85.52.224:443]' for 'GET' to 'https://oauth-autolazare-558fb:f8d0a4b4-e059-4b39-a9eb-366965b887b1@ondemand.us-west-1.saucelabs.com:443/wd/hub/session/23c4ee5d2a954d328883c0cb6703c309/title'
12:11:00.681 [Forwarding getTitle on session 23c4ee5d2a954d328883c0cb6703c309 to remote] DEBUG org.asynchttpclient.netty.request.NettyRequestSender -- Using open Channel [id: 0x5473078d, L:/192.168.1.146:56861 - R:ondemand.us-west-1.saucelabs.com/66.85.52.224:443] for GET '/wd/hub/session/23c4ee5d2a954d328883c0cb6703c309/title'
12:11:00.935 [AsyncHttpClient-1-2] DEBUG org.asynchttpclient.netty.handler.HttpHandler -- 

Request DefaultFullHttpRequest(decodeResult: success, version: HTTP/1.1, content: EmptyByteBufBE)
GET /wd/hub/session/23c4ee5d2a954d328883c0cb6703c309/title HTTP/1.1
User-Agent: selenium/4.9.0 (java windows)
Cache-Control: no-cache
traceparent: 00-2fcd3112ac27f6f364d0bff336119e43-6737dc1ce7745d04-01
Content-Type: application/json; charset=utf-8
host: ondemand.us-west-1.saucelabs.com
authorization: Basic b2F1dGgtYXV0b2xhemFyZS01NThmYjpmOGQwYTRiNC1lMDU5LTRiMzktYTllYi0zNjY5NjViODg3YjE=
accept: */*

Response DefaultHttpResponse(decodeResult: success, version: HTTP/1.1)
HTTP/1.1 200 OK
content-length: 57
content-type: application/json;charset=UTF-8
date: Thu, 11 May 2023 16:10:59 GMT
server: monocle/0.42
x-request-id: d40036f7-c00a-4a9a-8f62-9a963fc10a4d

12:11:00.937 [AsyncHttpClient-1-2] DEBUG org.asynchttpclient.netty.channel.ChannelManager -- Adding key: https://ondemand.us-west-1.saucelabs.com:443 for channel [id: 0x5473078d, L:/192.168.1.146:56861 - R:ondemand.us-west-1.saucelabs.com/66.85.52.224:443]
We Are in WEbSite :   SoftAssert in TestNG example | Selenium Easy
12:11:01.104 [Forwarding setTimeout on session 23c4ee5d2a954d328883c0cb6703c309 to remote] DEBUG org.asynchttpclient.netty.request.NettyRequestSender -- Using pooled Channel '[id: 0x5473078d, L:/192.168.1.146:56861 - R:ondemand.us-west-1.saucelabs.com/66.85.52.224:443]' for 'POST' to 'https://oauth-autolazare-558fb:f8d0a4b4-e059-4b39-a9eb-366965b887b1@ondemand.us-west-1.saucelabs.com:443/wd/hub/session/23c4ee5d2a954d328883c0cb6703c309/timeouts'
12:11:01.106 [Forwarding setTimeout on session 23c4ee5d2a954d328883c0cb6703c309 to remote] DEBUG org.asynchttpclient.netty.request.NettyRequestSender -- Using open Channel [id: 0x5473078d, L:/192.168.1.146:56861 - R:ondemand.us-west-1.saucelabs.com/66.85.52.224:443] for POST '/wd/hub/session/23c4ee5d2a954d328883c0cb6703c309/timeouts'
12:11:01.321 [AsyncHttpClient-1-2] DEBUG org.asynchttpclient.netty.handler.HttpHandler -- 

Request DefaultHttpRequest(decodeResult: success, version: HTTP/1.1)
POST /wd/hub/session/23c4ee5d2a954d328883c0cb6703c309/timeouts HTTP/1.1
User-Agent: selenium/4.9.0 (java windows)
traceparent: 00-d8a6d11aaa68590b21374ed0eb47054e-37f04e4eb7150348-01
Content-Length: 21
Content-Type: application/json; charset=utf-8
host: ondemand.us-west-1.saucelabs.com
authorization: Basic b2F1dGgtYXV0b2xhemFyZS01NThmYjpmOGQwYTRiNC1lMDU5LTRiMzktYTllYi0zNjY5NjViODg3YjE=
accept: */*

Response DefaultHttpResponse(decodeResult: success, version: HTTP/1.1)
HTTP/1.1 200 OK
content-length: 15
content-type: application/json;charset=UTF-8
date: Thu, 11 May 2023 16:10:59 GMT
server: monocle/0.42
x-request-id: a18c2b07-e363-4458-98e5-bd1f4cfb333d

12:11:01.322 [AsyncHttpClient-1-2] DEBUG org.asynchttpclient.netty.channel.ChannelManager -- Adding key: https://ondemand.us-west-1.saucelabs.com:443 for channel [id: 0x5473078d, L:/192.168.1.146:56861 - R:ondemand.us-west-1.saucelabs.com/66.85.52.224:443]
12:11:01.467 [Forwarding executeScript on session 23c4ee5d2a954d328883c0cb6703c309 to remote] DEBUG org.asynchttpclient.netty.request.NettyRequestSender -- Using pooled Channel '[id: 0x5473078d, L:/192.168.1.146:56861 - R:ondemand.us-west-1.saucelabs.com/66.85.52.224:443]' for 'POST' to 'https://oauth-autolazare-558fb:f8d0a4b4-e059-4b39-a9eb-366965b887b1@ondemand.us-west-1.saucelabs.com:443/wd/hub/session/23c4ee5d2a954d328883c0cb6703c309/execute/sync'
12:11:01.467 [Forwarding executeScript on session 23c4ee5d2a954d328883c0cb6703c309 to remote] DEBUG org.asynchttpclient.netty.request.NettyRequestSender -- Using open Channel [id: 0x5473078d, L:/192.168.1.146:56861 - R:ondemand.us-west-1.saucelabs.com/66.85.52.224:443] for POST '/wd/hub/session/23c4ee5d2a954d328883c0cb6703c309/execute/sync'
12:11:03.090 [AsyncHttpClient-1-2] DEBUG org.asynchttpclient.netty.handler.HttpHandler -- 

Request DefaultHttpRequest(decodeResult: success, version: HTTP/1.1)
POST /wd/hub/session/23c4ee5d2a954d328883c0cb6703c309/execute/sync HTTP/1.1
User-Agent: selenium/4.9.0 (java windows)
traceparent: 00-3c8bdc70def05f24434e7c337d4977bb-c093e4183670d010-01
Content-Length: 323605
Content-Type: application/json; charset=utf-8
host: ondemand.us-west-1.saucelabs.com
authorization: Basic b2F1dGgtYXV0b2xhemFyZS01NThmYjpmOGQwYTRiNC1lMDU5LTRiMzktYTllYi0zNjY5NjViODg3YjE=
accept: */*

Response DefaultHttpResponse(decodeResult: success, version: HTTP/1.1)
HTTP/1.1 200 OK
content-length: 15
content-type: application/json;charset=UTF-8
date: Thu, 11 May 2023 16:11:00 GMT
server: monocle/0.42
x-request-id: 5bf5e371-e0b2-4660-9f52-ea01b488ecdc

12:11:03.091 [AsyncHttpClient-1-2] DEBUG org.asynchttpclient.netty.channel.ChannelManager -- Adding key: https://ondemand.us-west-1.saucelabs.com:443 for channel [id: 0x5473078d, L:/192.168.1.146:56861 - R:ondemand.us-west-1.saucelabs.com/66.85.52.224:443]
12:11:03.119 [Forwarding executeScript on session 23c4ee5d2a954d328883c0cb6703c309 to remote] DEBUG org.asynchttpclient.netty.request.NettyRequestSender -- Using pooled Channel '[id: 0x5473078d, L:/192.168.1.146:56861 - R:ondemand.us-west-1.saucelabs.com/66.85.52.224:443]' for 'POST' to 'https://oauth-autolazare-558fb:f8d0a4b4-e059-4b39-a9eb-366965b887b1@ondemand.us-west-1.saucelabs.com:443/wd/hub/session/23c4ee5d2a954d328883c0cb6703c309/execute/sync'
12:11:03.119 [Forwarding executeScript on session 23c4ee5d2a954d328883c0cb6703c309 to remote] DEBUG org.asynchttpclient.netty.request.NettyRequestSender -- Using open Channel [id: 0x5473078d, L:/192.168.1.146:56861 - R:ondemand.us-west-1.saucelabs.com/66.85.52.224:443] for POST '/wd/hub/session/23c4ee5d2a954d328883c0cb6703c309/execute/sync'
12:11:03.357 [AsyncHttpClient-1-2] DEBUG org.asynchttpclient.netty.handler.HttpHandler -- 

Request DefaultHttpRequest(decodeResult: success, version: HTTP/1.1)
POST /wd/hub/session/23c4ee5d2a954d328883c0cb6703c309/execute/sync HTTP/1.1
User-Agent: selenium/4.9.0 (java windows)
traceparent: 00-2a7b3b95a68d481614d62486f7c6aed8-6c214f3290df70f4-01
Content-Length: 85
Content-Type: application/json; charset=utf-8
host: ondemand.us-west-1.saucelabs.com
authorization: Basic b2F1dGgtYXV0b2xhemFyZS01NThmYjpmOGQwYTRiNC1lMDU5LTRiMzktYTllYi0zNjY5NjViODg3YjE=
accept: */*

Response DefaultHttpResponse(decodeResult: success, version: HTTP/1.1)
HTTP/1.1 200 OK
content-length: 16
content-type: application/json;charset=UTF-8
date: Thu, 11 May 2023 16:11:01 GMT
server: monocle/0.42
x-request-id: e4db7c25-dd24-4de7-a92b-0c1f476c765f

12:11:03.357 [AsyncHttpClient-1-2] DEBUG org.asynchttpclient.netty.channel.ChannelManager -- Adding key: https://ondemand.us-west-1.saucelabs.com:443 for channel [id: 0x5473078d, L:/192.168.1.146:56861 - R:ondemand.us-west-1.saucelabs.com/66.85.52.224:443]
12:11:03.390 [Forwarding switchToFrame on session 23c4ee5d2a954d328883c0cb6703c309 to remote] DEBUG org.asynchttpclient.netty.request.NettyRequestSender -- Using pooled Channel '[id: 0x5473078d, L:/192.168.1.146:56861 - R:ondemand.us-west-1.saucelabs.com/66.85.52.224:443]' for 'POST' to 'https://oauth-autolazare-558fb:f8d0a4b4-e059-4b39-a9eb-366965b887b1@ondemand.us-west-1.saucelabs.com:443/wd/hub/session/23c4ee5d2a954d328883c0cb6703c309/frame'
12:11:03.390 [Forwarding switchToFrame on session 23c4ee5d2a954d328883c0cb6703c309 to remote] DEBUG org.asynchttpclient.netty.request.NettyRequestSender -- Using open Channel [id: 0x5473078d, L:/192.168.1.146:56861 - R:ondemand.us-west-1.saucelabs.com/66.85.52.224:443] for POST '/wd/hub/session/23c4ee5d2a954d328883c0cb6703c309/frame'
12:11:03.547 [AsyncHttpClient-1-2] DEBUG org.asynchttpclient.netty.handler.HttpHandler -- 

Request DefaultHttpRequest(decodeResult: success, version: HTTP/1.1)
POST /wd/hub/session/23c4ee5d2a954d328883c0cb6703c309/frame HTTP/1.1
User-Agent: selenium/4.9.0 (java windows)
traceparent: 00-05481854e0ddbb9484533e2e1833de9f-db7132d1ba04550e-01
Content-Length: 16
Content-Type: application/json; charset=utf-8
host: ondemand.us-west-1.saucelabs.com
authorization: Basic b2F1dGgtYXV0b2xhemFyZS01NThmYjpmOGQwYTRiNC1lMDU5LTRiMzktYTllYi0zNjY5NjViODg3YjE=
accept: */*

Response DefaultHttpResponse(decodeResult: success, version: HTTP/1.1)
HTTP/1.1 200 OK
content-length: 15
content-type: application/json;charset=UTF-8
date: Thu, 11 May 2023 16:11:02 GMT
server: monocle/0.42
x-request-id: e34a0ce5-2c2a-436f-afa4-d45e485f7d4e

12:11:03.547 [AsyncHttpClient-1-2] DEBUG org.asynchttpclient.netty.channel.ChannelManager -- Adding key: https://ondemand.us-west-1.saucelabs.com:443 for channel [id: 0x5473078d, L:/192.168.1.146:56861 - R:ondemand.us-west-1.saucelabs.com/66.85.52.224:443]
12:11:03.571 [Forwarding executeScript on session 23c4ee5d2a954d328883c0cb6703c309 to remote] DEBUG org.asynchttpclient.netty.request.NettyRequestSender -- Using pooled Channel '[id: 0x5473078d, L:/192.168.1.146:56861 - R:ondemand.us-west-1.saucelabs.com/66.85.52.224:443]' for 'POST' to 'https://oauth-autolazare-558fb:f8d0a4b4-e059-4b39-a9eb-366965b887b1@ondemand.us-west-1.saucelabs.com:443/wd/hub/session/23c4ee5d2a954d328883c0cb6703c309/execute/sync'
12:11:03.571 [Forwarding executeScript on session 23c4ee5d2a954d328883c0cb6703c309 to remote] DEBUG org.asynchttpclient.netty.request.NettyRequestSender -- Using open Channel [id: 0x5473078d, L:/192.168.1.146:56861 - R:ondemand.us-west-1.saucelabs.com/66.85.52.224:443] for POST '/wd/hub/session/23c4ee5d2a954d328883c0cb6703c309/execute/sync'
12:11:04.454 [AsyncHttpClient-1-2] DEBUG org.asynchttpclient.netty.handler.HttpHandler -- 

Request DefaultHttpRequest(decodeResult: success, version: HTTP/1.1)
POST /wd/hub/session/23c4ee5d2a954d328883c0cb6703c309/execute/sync HTTP/1.1
User-Agent: selenium/4.9.0 (java windows)
traceparent: 00-75c7213b74dd94355e767833085b58fb-dc9a1f41bac777f4-01
Content-Length: 323605
Content-Type: application/json; charset=utf-8
host: ondemand.us-west-1.saucelabs.com
authorization: Basic b2F1dGgtYXV0b2xhemFyZS01NThmYjpmOGQwYTRiNC1lMDU5LTRiMzktYTllYi0zNjY5NjViODg3YjE=
accept: */*

Response DefaultHttpResponse(decodeResult: success, version: HTTP/1.1)
HTTP/1.1 200 OK
content-length: 15
content-type: application/json;charset=UTF-8
date: Thu, 11 May 2023 16:11:02 GMT
server: monocle/0.42
x-request-id: 41e38431-da7a-44e1-87ab-dfac48723f6e

12:11:04.454 [AsyncHttpClient-1-2] DEBUG org.asynchttpclient.netty.channel.ChannelManager -- Adding key: https://ondemand.us-west-1.saucelabs.com:443 for channel [id: 0x5473078d, L:/192.168.1.146:56861 - R:ondemand.us-west-1.saucelabs.com/66.85.52.224:443]
12:11:04.473 [Forwarding findElements on session 23c4ee5d2a954d328883c0cb6703c309 to remote] DEBUG org.asynchttpclient.netty.request.NettyRequestSender -- Using pooled Channel '[id: 0x5473078d, L:/192.168.1.146:56861 - R:ondemand.us-west-1.saucelabs.com/66.85.52.224:443]' for 'POST' to 'https://oauth-autolazare-558fb:f8d0a4b4-e059-4b39-a9eb-366965b887b1@ondemand.us-west-1.saucelabs.com:443/wd/hub/session/23c4ee5d2a954d328883c0cb6703c309/elements'
12:11:04.473 [Forwarding findElements on session 23c4ee5d2a954d328883c0cb6703c309 to remote] DEBUG org.asynchttpclient.netty.request.NettyRequestSender -- Using open Channel [id: 0x5473078d, L:/192.168.1.146:56861 - R:ondemand.us-west-1.saucelabs.com/66.85.52.224:443] for POST '/wd/hub/session/23c4ee5d2a954d328883c0cb6703c309/elements'
12:11:04.736 [AsyncHttpClient-1-2] DEBUG org.asynchttpclient.netty.handler.HttpHandler -- 

Request DefaultHttpRequest(decodeResult: success, version: HTTP/1.1)
POST /wd/hub/session/23c4ee5d2a954d328883c0cb6703c309/elements HTTP/1.1
User-Agent: selenium/4.9.0 (java windows)
traceparent: 00-fd92b9f64fe1f2609759a83f30c12cf9-218e908e464d4c64-01
Content-Length: 98
Content-Type: application/json; charset=utf-8
host: ondemand.us-west-1.saucelabs.com
authorization: Basic b2F1dGgtYXV0b2xhemFyZS01NThmYjpmOGQwYTRiNC1lMDU5LTRiMzktYTllYi0zNjY5NjViODg3YjE=
accept: */*

Response DefaultHttpResponse(decodeResult: success, version: HTTP/1.1)
HTTP/1.1 200 OK
content-length: 891
content-type: application/json;charset=UTF-8
date: Thu, 11 May 2023 16:11:03 GMT
server: monocle/0.42
x-request-id: d64628ec-ff92-4238-9734-fba5713e7599

12:11:04.736 [AsyncHttpClient-1-2] DEBUG org.asynchttpclient.netty.channel.ChannelManager -- Adding key: https://ondemand.us-west-1.saucelabs.com:443 for channel [id: 0x5473078d, L:/192.168.1.146:56861 - R:ondemand.us-west-1.saucelabs.com/66.85.52.224:443]
12:11:04.757 [Forwarding switchToFrame on session 23c4ee5d2a954d328883c0cb6703c309 to remote] DEBUG org.asynchttpclient.netty.request.NettyRequestSender -- Using pooled Channel '[id: 0x5473078d, L:/192.168.1.146:56861 - R:ondemand.us-west-1.saucelabs.com/66.85.52.224:443]' for 'POST' to 'https://oauth-autolazare-558fb:f8d0a4b4-e059-4b39-a9eb-366965b887b1@ondemand.us-west-1.saucelabs.com:443/wd/hub/session/23c4ee5d2a954d328883c0cb6703c309/frame'
12:11:04.757 [Forwarding switchToFrame on session 23c4ee5d2a954d328883c0cb6703c309 to remote] DEBUG org.asynchttpclient.netty.request.NettyRequestSender -- Using open Channel [id: 0x5473078d, L:/192.168.1.146:56861 - R:ondemand.us-west-1.saucelabs.com/66.85.52.224:443] for POST '/wd/hub/session/23c4ee5d2a954d328883c0cb6703c309/frame'
12:11:04.998 [AsyncHttpClient-1-2] DEBUG org.asynchttpclient.netty.handler.HttpHandler -- 

Request DefaultHttpRequest(decodeResult: success, version: HTTP/1.1)
POST /wd/hub/session/23c4ee5d2a954d328883c0cb6703c309/frame HTTP/1.1
User-Agent: selenium/4.9.0 (java windows)
traceparent: 00-afa7dff01deb9e174b0791d61503300d-741f7baa63af17db-01
Content-Length: 106
Content-Type: application/json; charset=utf-8
host: ondemand.us-west-1.saucelabs.com
authorization: Basic b2F1dGgtYXV0b2xhemFyZS01NThmYjpmOGQwYTRiNC1lMDU5LTRiMzktYTllYi0zNjY5NjViODg3YjE=
accept: */*

Response DefaultHttpResponse(decodeResult: success, version: HTTP/1.1)
HTTP/1.1 200 OK
content-length: 15
content-type: application/json;charset=UTF-8
date: Thu, 11 May 2023 16:11:03 GMT
server: monocle/0.42
x-request-id: 37331fa6-f986-4b83-9263-a39f3465354a

12:11:04.998 [AsyncHttpClient-1-2] DEBUG org.asynchttpclient.netty.channel.ChannelManager -- Adding key: https://ondemand.us-west-1.saucelabs.com:443 for channel [id: 0x5473078d, L:/192.168.1.146:56861 - R:ondemand.us-west-1.saucelabs.com/66.85.52.224:443]
12:11:05.005 [Forwarding executeScript on session 23c4ee5d2a954d328883c0cb6703c309 to remote] DEBUG org.asynchttpclient.netty.request.NettyRequestSender -- Using pooled Channel '[id: 0x5473078d, L:/192.168.1.146:56861 - R:ondemand.us-west-1.saucelabs.com/66.85.52.224:443]' for 'POST' to 'https://oauth-autolazare-558fb:f8d0a4b4-e059-4b39-a9eb-366965b887b1@ondemand.us-west-1.saucelabs.com:443/wd/hub/session/23c4ee5d2a954d328883c0cb6703c309/execute/sync'
12:11:05.005 [Forwarding executeScript on session 23c4ee5d2a954d328883c0cb6703c309 to remote] DEBUG org.asynchttpclient.netty.request.NettyRequestSender -- Using open Channel [id: 0x5473078d, L:/192.168.1.146:56861 - R:ondemand.us-west-1.saucelabs.com/66.85.52.224:443] for POST '/wd/hub/session/23c4ee5d2a954d328883c0cb6703c309/execute/sync'
12:11:05.845 [AsyncHttpClient-1-2] DEBUG org.asynchttpclient.netty.handler.HttpHandler -- 

Request DefaultHttpRequest(decodeResult: success, version: HTTP/1.1)
POST /wd/hub/session/23c4ee5d2a954d328883c0cb6703c309/execute/sync HTTP/1.1
User-Agent: selenium/4.9.0 (java windows)
traceparent: 00-babadb023c4892a8e84f60e2396b834c-75c2097684888aaa-01
Content-Length: 323605
Content-Type: application/json; charset=utf-8
host: ondemand.us-west-1.saucelabs.com
authorization: Basic b2F1dGgtYXV0b2xhemFyZS01NThmYjpmOGQwYTRiNC1lMDU5LTRiMzktYTllYi0zNjY5NjViODg3YjE=
accept: */*

Response DefaultHttpResponse(decodeResult: success, version: HTTP/1.1)
HTTP/1.1 200 OK
content-length: 15
content-type: application/json;charset=UTF-8
date: Thu, 11 May 2023 16:11:04 GMT
server: monocle/0.42
x-request-id: b7087d27-4ca9-422a-a90a-4b1c559c3f1b

12:11:05.845 [AsyncHttpClient-1-2] DEBUG org.asynchttpclient.netty.channel.ChannelManager -- Adding key: https://ondemand.us-west-1.saucelabs.com:443 for channel [id: 0x5473078d, L:/192.168.1.146:56861 - R:ondemand.us-west-1.saucelabs.com/66.85.52.224:443]
12:11:05.865 [Forwarding findElements on session 23c4ee5d2a954d328883c0cb6703c309 to remote] DEBUG org.asynchttpclient.netty.request.NettyRequestSender -- Using pooled Channel '[id: 0x5473078d, L:/192.168.1.146:56861 - R:ondemand.us-west-1.saucelabs.com/66.85.52.224:443]' for 'POST' to 'https://oauth-autolazare-558fb:f8d0a4b4-e059-4b39-a9eb-366965b887b1@ondemand.us-west-1.saucelabs.com:443/wd/hub/session/23c4ee5d2a954d328883c0cb6703c309/elements'
12:11:05.865 [Forwarding findElements on session 23c4ee5d2a954d328883c0cb6703c309 to remote] DEBUG org.asynchttpclient.netty.request.NettyRequestSender -- Using open Channel [id: 0x5473078d, L:/192.168.1.146:56861 - R:ondemand.us-west-1.saucelabs.com/66.85.52.224:443] for POST '/wd/hub/session/23c4ee5d2a954d328883c0cb6703c309/elements'
12:11:06.125 [AsyncHttpClient-1-2] DEBUG org.asynchttpclient.netty.handler.HttpHandler -- 

Request DefaultHttpRequest(decodeResult: success, version: HTTP/1.1)
POST /wd/hub/session/23c4ee5d2a954d328883c0cb6703c309/elements HTTP/1.1
User-Agent: selenium/4.9.0 (java windows)
traceparent: 00-45eebaa3287017e0babb5f417dac8818-37d89b5475266385-01
Content-Length: 98
Content-Type: application/json; charset=utf-8
host: ondemand.us-west-1.saucelabs.com
authorization: Basic b2F1dGgtYXV0b2xhemFyZS01NThmYjpmOGQwYTRiNC1lMDU5LTRiMzktYTllYi0zNjY5NjViODg3YjE=
accept: */*

Response DefaultHttpResponse(decodeResult: success, version: HTTP/1.1)
HTTP/1.1 200 OK
content-length: 99
content-type: application/json;charset=UTF-8
date: Thu, 11 May 2023 16:11:04 GMT
server: monocle/0.42
x-request-id: 702e9338-a266-41ec-b127-aa7ecd128860

12:11:06.126 [AsyncHttpClient-1-2] DEBUG org.asynchttpclient.netty.channel.ChannelManager -- Adding key: https://ondemand.us-west-1.saucelabs.com:443 for channel [id: 0x5473078d, L:/192.168.1.146:56861 - R:ondemand.us-west-1.saucelabs.com/66.85.52.224:443]
12:11:06.130 [Forwarding switchToFrame on session 23c4ee5d2a954d328883c0cb6703c309 to remote] DEBUG org.asynchttpclient.netty.request.NettyRequestSender -- Using pooled Channel '[id: 0x5473078d, L:/192.168.1.146:56861 - R:ondemand.us-west-1.saucelabs.com/66.85.52.224:443]' for 'POST' to 'https://oauth-autolazare-558fb:f8d0a4b4-e059-4b39-a9eb-366965b887b1@ondemand.us-west-1.saucelabs.com:443/wd/hub/session/23c4ee5d2a954d328883c0cb6703c309/frame'
12:11:06.131 [Forwarding switchToFrame on session 23c4ee5d2a954d328883c0cb6703c309 to remote] DEBUG org.asynchttpclient.netty.request.NettyRequestSender -- Using open Channel [id: 0x5473078d, L:/192.168.1.146:56861 - R:ondemand.us-west-1.saucelabs.com/66.85.52.224:443] for POST '/wd/hub/session/23c4ee5d2a954d328883c0cb6703c309/frame'
12:11:06.404 [AsyncHttpClient-1-2] DEBUG org.asynchttpclient.netty.handler.HttpHandler -- 

Request DefaultHttpRequest(decodeResult: success, version: HTTP/1.1)
POST /wd/hub/session/23c4ee5d2a954d328883c0cb6703c309/frame HTTP/1.1
User-Agent: selenium/4.9.0 (java windows)
traceparent: 00-0a2ea26530f8bbce5a9c1a391188c1f4-1b7bb1ae51eae543-01
Content-Length: 106
Content-Type: application/json; charset=utf-8
host: ondemand.us-west-1.saucelabs.com
authorization: Basic b2F1dGgtYXV0b2xhemFyZS01NThmYjpmOGQwYTRiNC1lMDU5LTRiMzktYTllYi0zNjY5NjViODg3YjE=
accept: */*

Response DefaultHttpResponse(decodeResult: success, version: HTTP/1.1)
HTTP/1.1 200 OK
content-length: 15
content-type: application/json;charset=UTF-8
date: Thu, 11 May 2023 16:11:05 GMT
server: monocle/0.42
x-request-id: 9800e7c1-92bc-45cb-8494-20bbc95ca5ef

12:11:06.406 [AsyncHttpClient-1-2] DEBUG org.asynchttpclient.netty.channel.ChannelManager -- Adding key: https://ondemand.us-west-1.saucelabs.com:443 for channel [id: 0x5473078d, L:/192.168.1.146:56861 - R:ondemand.us-west-1.saucelabs.com/66.85.52.224:443]
12:11:06.427 [Forwarding executeScript on session 23c4ee5d2a954d328883c0cb6703c309 to remote] DEBUG org.asynchttpclient.netty.request.NettyRequestSender -- Using pooled Channel '[id: 0x5473078d, L:/192.168.1.146:56861 - R:ondemand.us-west-1.saucelabs.com/66.85.52.224:443]' for 'POST' to 'https://oauth-autolazare-558fb:f8d0a4b4-e059-4b39-a9eb-366965b887b1@ondemand.us-west-1.saucelabs.com:443/wd/hub/session/23c4ee5d2a954d328883c0cb6703c309/execute/sync'
12:11:06.428 [Forwarding executeScript on session 23c4ee5d2a954d328883c0cb6703c309 to remote] DEBUG org.asynchttpclient.netty.request.NettyRequestSender -- Using open Channel [id: 0x5473078d, L:/192.168.1.146:56861 - R:ondemand.us-west-1.saucelabs.com/66.85.52.224:443] for POST '/wd/hub/session/23c4ee5d2a954d328883c0cb6703c309/execute/sync'
12:11:07.389 [AsyncHttpClient-1-2] DEBUG org.asynchttpclient.netty.handler.HttpHandler -- 

Request DefaultHttpRequest(decodeResult: success, version: HTTP/1.1)
POST /wd/hub/session/23c4ee5d2a954d328883c0cb6703c309/execute/sync HTTP/1.1
User-Agent: selenium/4.9.0 (java windows)
traceparent: 00-43b2b2c542d63c929f4f6fba062754b7-3a18a50742fe8b24-01
Content-Length: 323605
Content-Type: application/json; charset=utf-8
host: ondemand.us-west-1.saucelabs.com
authorization: Basic b2F1dGgtYXV0b2xhemFyZS01NThmYjpmOGQwYTRiNC1lMDU5LTRiMzktYTllYi0zNjY5NjViODg3YjE=
accept: */*

Response DefaultHttpResponse(decodeResult: success, version: HTTP/1.1)
HTTP/1.1 200 OK
content-length: 15
content-type: application/json;charset=UTF-8
date: Thu, 11 May 2023 16:11:05 GMT
server: monocle/0.42
x-request-id: 8aa31238-2170-466d-9ead-1ccf0c5354b4

12:11:07.391 [AsyncHttpClient-1-2] DEBUG org.asynchttpclient.netty.channel.ChannelManager -- Adding key: https://ondemand.us-west-1.saucelabs.com:443 for channel [id: 0x5473078d, L:/192.168.1.146:56861 - R:ondemand.us-west-1.saucelabs.com/66.85.52.224:443]
12:11:07.398 [Forwarding findElements on session 23c4ee5d2a954d328883c0cb6703c309 to remote] DEBUG org.asynchttpclient.netty.request.NettyRequestSender -- Using pooled Channel '[id: 0x5473078d, L:/192.168.1.146:56861 - R:ondemand.us-west-1.saucelabs.com/66.85.52.224:443]' for 'POST' to 'https://oauth-autolazare-558fb:f8d0a4b4-e059-4b39-a9eb-366965b887b1@ondemand.us-west-1.saucelabs.com:443/wd/hub/session/23c4ee5d2a954d328883c0cb6703c309/elements'
12:11:07.398 [Forwarding findElements on session 23c4ee5d2a954d328883c0cb6703c309 to remote] DEBUG org.asynchttpclient.netty.request.NettyRequestSender -- Using open Channel [id: 0x5473078d, L:/192.168.1.146:56861 - R:ondemand.us-west-1.saucelabs.com/66.85.52.224:443] for POST '/wd/hub/session/23c4ee5d2a954d328883c0cb6703c309/elements'
12:11:07.667 [AsyncHttpClient-1-2] DEBUG org.asynchttpclient.netty.handler.HttpHandler -- 

Request DefaultHttpRequest(decodeResult: success, version: HTTP/1.1)
POST /wd/hub/session/23c4ee5d2a954d328883c0cb6703c309/elements HTTP/1.1
User-Agent: selenium/4.9.0 (java windows)
traceparent: 00-09fa775bd610009dc0a4261fe28965df-f31d5c923535e35b-01
Content-Length: 98
Content-Type: application/json; charset=utf-8
host: ondemand.us-west-1.saucelabs.com
authorization: Basic b2F1dGgtYXV0b2xhemFyZS01NThmYjpmOGQwYTRiNC1lMDU5LTRiMzktYTllYi0zNjY5NjViODg3YjE=
accept: */*

Response DefaultHttpResponse(decodeResult: success, version: HTTP/1.1)
HTTP/1.1 200 OK
content-length: 13
content-type: application/json;charset=UTF-8
date: Thu, 11 May 2023 16:11:06 GMT
server: monocle/0.42
x-request-id: 0551b41f-cbd2-4e2c-9c0e-d5c9b4f5284f

12:11:07.667 [AsyncHttpClient-1-2] DEBUG org.asynchttpclient.netty.channel.ChannelManager -- Adding key: https://ondemand.us-west-1.saucelabs.com:443 for channel [id: 0x5473078d, L:/192.168.1.146:56861 - R:ondemand.us-west-1.saucelabs.com/66.85.52.224:443]
12:11:07.671 [Forwarding switchToParentFrame on session 23c4ee5d2a954d328883c0cb6703c309 to remote] DEBUG org.asynchttpclient.netty.request.NettyRequestSender -- Using pooled Channel '[id: 0x5473078d, L:/192.168.1.146:56861 - R:ondemand.us-west-1.saucelabs.com/66.85.52.224:443]' for 'POST' to 'https://oauth-autolazare-558fb:f8d0a4b4-e059-4b39-a9eb-366965b887b1@ondemand.us-west-1.saucelabs.com:443/wd/hub/session/23c4ee5d2a954d328883c0cb6703c309/frame/parent'
12:11:07.671 [Forwarding switchToParentFrame on session 23c4ee5d2a954d328883c0cb6703c309 to remote] DEBUG org.asynchttpclient.netty.request.NettyRequestSender -- Using open Channel [id: 0x5473078d, L:/192.168.1.146:56861 - R:ondemand.us-west-1.saucelabs.com/66.85.52.224:443] for POST '/wd/hub/session/23c4ee5d2a954d328883c0cb6703c309/frame/parent'
12:11:07.851 [AsyncHttpClient-1-2] DEBUG org.asynchttpclient.netty.handler.HttpHandler -- 

Request DefaultHttpRequest(decodeResult: success, version: HTTP/1.1)
POST /wd/hub/session/23c4ee5d2a954d328883c0cb6703c309/frame/parent HTTP/1.1
User-Agent: selenium/4.9.0 (java windows)
traceparent: 00-cea0c0e75cf03adfea341b994dd138c9-71b149c03f6c95ae-01
Content-Length: 3
Content-Type: application/json; charset=utf-8
host: ondemand.us-west-1.saucelabs.com
authorization: Basic b2F1dGgtYXV0b2xhemFyZS01NThmYjpmOGQwYTRiNC1lMDU5LTRiMzktYTllYi0zNjY5NjViODg3YjE=
accept: */*

Response DefaultHttpResponse(decodeResult: success, version: HTTP/1.1)
HTTP/1.1 200 OK
content-length: 15
content-type: application/json;charset=UTF-8
date: Thu, 11 May 2023 16:11:06 GMT
server: monocle/0.42
x-request-id: 8462c2a6-2c79-4ae6-ae9b-f95be4bf547c

12:11:07.853 [AsyncHttpClient-1-2] DEBUG org.asynchttpclient.netty.channel.ChannelManager -- Adding key: https://ondemand.us-west-1.saucelabs.com:443 for channel [id: 0x5473078d, L:/192.168.1.146:56861 - R:ondemand.us-west-1.saucelabs.com/66.85.52.224:443]
12:11:07.859 [Forwarding switchToParentFrame on session 23c4ee5d2a954d328883c0cb6703c309 to remote] DEBUG org.asynchttpclient.netty.request.NettyRequestSender -- Using pooled Channel '[id: 0x5473078d, L:/192.168.1.146:56861 - R:ondemand.us-west-1.saucelabs.com/66.85.52.224:443]' for 'POST' to 'https://oauth-autolazare-558fb:f8d0a4b4-e059-4b39-a9eb-366965b887b1@ondemand.us-west-1.saucelabs.com:443/wd/hub/session/23c4ee5d2a954d328883c0cb6703c309/frame/parent'
12:11:07.859 [Forwarding switchToParentFrame on session 23c4ee5d2a954d328883c0cb6703c309 to remote] DEBUG org.asynchttpclient.netty.request.NettyRequestSender -- Using open Channel [id: 0x5473078d, L:/192.168.1.146:56861 - R:ondemand.us-west-1.saucelabs.com/66.85.52.224:443] for POST '/wd/hub/session/23c4ee5d2a954d328883c0cb6703c309/frame/parent'
12:11:08.121 [AsyncHttpClient-1-2] DEBUG org.asynchttpclient.netty.handler.HttpHandler -- 

Request DefaultHttpRequest(decodeResult: success, version: HTTP/1.1)
POST /wd/hub/session/23c4ee5d2a954d328883c0cb6703c309/frame/parent HTTP/1.1
User-Agent: selenium/4.9.0 (java windows)
traceparent: 00-b7722d847a0242a063a9da50469adbc8-e2c6fdd8c2d4de49-01
Content-Length: 3
Content-Type: application/json; charset=utf-8
host: ondemand.us-west-1.saucelabs.com
authorization: Basic b2F1dGgtYXV0b2xhemFyZS01NThmYjpmOGQwYTRiNC1lMDU5LTRiMzktYTllYi0zNjY5NjViODg3YjE=
accept: */*

Response DefaultHttpResponse(decodeResult: success, version: HTTP/1.1)
HTTP/1.1 200 OK
content-length: 15
content-type: application/json;charset=UTF-8
date: Thu, 11 May 2023 16:11:06 GMT
server: monocle/0.42
x-request-id: b61fc826-bbe5-48cc-8191-6a76cdf49648

12:11:08.121 [AsyncHttpClient-1-2] DEBUG org.asynchttpclient.netty.channel.ChannelManager -- Adding key: https://ondemand.us-west-1.saucelabs.com:443 for channel [id: 0x5473078d, L:/192.168.1.146:56861 - R:ondemand.us-west-1.saucelabs.com/66.85.52.224:443]
12:11:08.126 [Forwarding switchToFrame on session 23c4ee5d2a954d328883c0cb6703c309 to remote] DEBUG org.asynchttpclient.netty.request.NettyRequestSender -- Using pooled Channel '[id: 0x5473078d, L:/192.168.1.146:56861 - R:ondemand.us-west-1.saucelabs.com/66.85.52.224:443]' for 'POST' to 'https://oauth-autolazare-558fb:f8d0a4b4-e059-4b39-a9eb-366965b887b1@ondemand.us-west-1.saucelabs.com:443/wd/hub/session/23c4ee5d2a954d328883c0cb6703c309/frame'
12:11:08.126 [Forwarding switchToFrame on session 23c4ee5d2a954d328883c0cb6703c309 to remote] DEBUG org.asynchttpclient.netty.request.NettyRequestSender -- Using open Channel [id: 0x5473078d, L:/192.168.1.146:56861 - R:ondemand.us-west-1.saucelabs.com/66.85.52.224:443] for POST '/wd/hub/session/23c4ee5d2a954d328883c0cb6703c309/frame'
12:11:08.407 [AsyncHttpClient-1-2] DEBUG org.asynchttpclient.netty.handler.HttpHandler -- 

Request DefaultHttpRequest(decodeResult: success, version: HTTP/1.1)
POST /wd/hub/session/23c4ee5d2a954d328883c0cb6703c309/frame HTTP/1.1
User-Agent: selenium/4.9.0 (java windows)
traceparent: 00-ca66acde0778f72e56954e74a85f0afd-b973e4baa6b2f43a-01
Content-Length: 106
Content-Type: application/json; charset=utf-8
host: ondemand.us-west-1.saucelabs.com
authorization: Basic b2F1dGgtYXV0b2xhemFyZS01NThmYjpmOGQwYTRiNC1lMDU5LTRiMzktYTllYi0zNjY5NjViODg3YjE=
accept: */*

Response DefaultHttpResponse(decodeResult: success, version: HTTP/1.1)
HTTP/1.1 200 OK
content-length: 15
content-type: application/json;charset=UTF-8
date: Thu, 11 May 2023 16:11:07 GMT
server: monocle/0.42
x-request-id: 346f310a-7f27-4310-9569-5944ee576cc9

12:11:08.408 [AsyncHttpClient-1-2] DEBUG org.asynchttpclient.netty.channel.ChannelManager -- Adding key: https://ondemand.us-west-1.saucelabs.com:443 for channel [id: 0x5473078d, L:/192.168.1.146:56861 - R:ondemand.us-west-1.saucelabs.com/66.85.52.224:443]
12:11:08.418 [Forwarding executeScript on session 23c4ee5d2a954d328883c0cb6703c309 to remote] DEBUG org.asynchttpclient.netty.request.NettyRequestSender -- Using pooled Channel '[id: 0x5473078d, L:/192.168.1.146:56861 - R:ondemand.us-west-1.saucelabs.com/66.85.52.224:443]' for 'POST' to 'https://oauth-autolazare-558fb:f8d0a4b4-e059-4b39-a9eb-366965b887b1@ondemand.us-west-1.saucelabs.com:443/wd/hub/session/23c4ee5d2a954d328883c0cb6703c309/execute/sync'
12:11:08.419 [Forwarding executeScript on session 23c4ee5d2a954d328883c0cb6703c309 to remote] DEBUG org.asynchttpclient.netty.request.NettyRequestSender -- Using open Channel [id: 0x5473078d, L:/192.168.1.146:56861 - R:ondemand.us-west-1.saucelabs.com/66.85.52.224:443] for POST '/wd/hub/session/23c4ee5d2a954d328883c0cb6703c309/execute/sync'
12:11:09.179 [AsyncHttpClient-1-2] DEBUG org.asynchttpclient.netty.handler.HttpHandler -- 

Request DefaultHttpRequest(decodeResult: success, version: HTTP/1.1)
POST /wd/hub/session/23c4ee5d2a954d328883c0cb6703c309/execute/sync HTTP/1.1
User-Agent: selenium/4.9.0 (java windows)
traceparent: 00-e722056b0ccba3f693e96ef79418cdf7-8920f3b5517b2182-01
Content-Length: 323605
Content-Type: application/json; charset=utf-8
host: ondemand.us-west-1.saucelabs.com
authorization: Basic b2F1dGgtYXV0b2xhemFyZS01NThmYjpmOGQwYTRiNC1lMDU5LTRiMzktYTllYi0zNjY5NjViODg3YjE=
accept: */*

Response DefaultHttpResponse(decodeResult: success, version: HTTP/1.1)
HTTP/1.1 200 OK
content-length: 15
content-type: application/json;charset=UTF-8
date: Thu, 11 May 2023 16:11:07 GMT
server: monocle/0.42
x-request-id: f200d46e-eb96-4fc8-b7f0-15cc9103f093

12:11:09.180 [AsyncHttpClient-1-2] DEBUG org.asynchttpclient.netty.channel.ChannelManager -- Adding key: https://ondemand.us-west-1.saucelabs.com:443 for channel [id: 0x5473078d, L:/192.168.1.146:56861 - R:ondemand.us-west-1.saucelabs.com/66.85.52.224:443]
12:11:09.204 [Forwarding findElements on session 23c4ee5d2a954d328883c0cb6703c309 to remote] DEBUG org.asynchttpclient.netty.request.NettyRequestSender -- Using pooled Channel '[id: 0x5473078d, L:/192.168.1.146:56861 - R:ondemand.us-west-1.saucelabs.com/66.85.52.224:443]' for 'POST' to 'https://oauth-autolazare-558fb:f8d0a4b4-e059-4b39-a9eb-366965b887b1@ondemand.us-west-1.saucelabs.com:443/wd/hub/session/23c4ee5d2a954d328883c0cb6703c309/elements'
12:11:09.205 [Forwarding findElements on session 23c4ee5d2a954d328883c0cb6703c309 to remote] DEBUG org.asynchttpclient.netty.request.NettyRequestSender -- Using open Channel [id: 0x5473078d, L:/192.168.1.146:56861 - R:ondemand.us-west-1.saucelabs.com/66.85.52.224:443] for POST '/wd/hub/session/23c4ee5d2a954d328883c0cb6703c309/elements'
12:11:09.430 [AsyncHttpClient-1-2] DEBUG org.asynchttpclient.netty.handler.HttpHandler -- 

Request DefaultHttpRequest(decodeResult: success, version: HTTP/1.1)
POST /wd/hub/session/23c4ee5d2a954d328883c0cb6703c309/elements HTTP/1.1
User-Agent: selenium/4.9.0 (java windows)
traceparent: 00-1ec063c80106c424968ff682663875d4-c9f5787171f7c86c-01
Content-Length: 98
Content-Type: application/json; charset=utf-8
host: ondemand.us-west-1.saucelabs.com
authorization: Basic b2F1dGgtYXV0b2xhemFyZS01NThmYjpmOGQwYTRiNC1lMDU5LTRiMzktYTllYi0zNjY5NjViODg3YjE=
accept: */*

Response DefaultHttpResponse(decodeResult: success, version: HTTP/1.1)
HTTP/1.1 200 OK
content-length: 187
content-type: application/json;charset=UTF-8
date: Thu, 11 May 2023 16:11:08 GMT
server: monocle/0.42
x-request-id: 851497b5-6812-47fd-a27c-1e2639b19964

12:11:09.430 [AsyncHttpClient-1-2] DEBUG org.asynchttpclient.netty.channel.ChannelManager -- Adding key: https://ondemand.us-west-1.saucelabs.com:443 for channel [id: 0x5473078d, L:/192.168.1.146:56861 - R:ondemand.us-west-1.saucelabs.com/66.85.52.224:443]
12:11:09.432 [Forwarding switchToFrame on session 23c4ee5d2a954d328883c0cb6703c309 to remote] DEBUG org.asynchttpclient.netty.request.NettyRequestSender -- Using pooled Channel '[id: 0x5473078d, L:/192.168.1.146:56861 - R:ondemand.us-west-1.saucelabs.com/66.85.52.224:443]' for 'POST' to 'https://oauth-autolazare-558fb:f8d0a4b4-e059-4b39-a9eb-366965b887b1@ondemand.us-west-1.saucelabs.com:443/wd/hub/session/23c4ee5d2a954d328883c0cb6703c309/frame'
12:11:09.432 [Forwarding switchToFrame on session 23c4ee5d2a954d328883c0cb6703c309 to remote] DEBUG org.asynchttpclient.netty.request.NettyRequestSender -- Using open Channel [id: 0x5473078d, L:/192.168.1.146:56861 - R:ondemand.us-west-1.saucelabs.com/66.85.52.224:443] for POST '/wd/hub/session/23c4ee5d2a954d328883c0cb6703c309/frame'
12:11:09.636 [AsyncHttpClient-1-2] DEBUG org.asynchttpclient.netty.handler.HttpHandler -- 

Request DefaultHttpRequest(decodeResult: success, version: HTTP/1.1)
POST /wd/hub/session/23c4ee5d2a954d328883c0cb6703c309/frame HTTP/1.1
User-Agent: selenium/4.9.0 (java windows)
traceparent: 00-a0f915ef1fa993949599d7aa8348fd29-d91007219f1835de-01
Content-Length: 106
Content-Type: application/json; charset=utf-8
host: ondemand.us-west-1.saucelabs.com
authorization: Basic b2F1dGgtYXV0b2xhemFyZS01NThmYjpmOGQwYTRiNC1lMDU5LTRiMzktYTllYi0zNjY5NjViODg3YjE=
accept: */*

Response DefaultHttpResponse(decodeResult: success, version: HTTP/1.1)
HTTP/1.1 200 OK
content-length: 15
content-type: application/json;charset=UTF-8
date: Thu, 11 May 2023 16:11:08 GMT
server: monocle/0.42
x-request-id: 3180f97c-e0db-42e0-88de-22a02ac4dd96

12:11:09.636 [AsyncHttpClient-1-2] DEBUG org.asynchttpclient.netty.channel.ChannelManager -- Adding key: https://ondemand.us-west-1.saucelabs.com:443 for channel [id: 0x5473078d, L:/192.168.1.146:56861 - R:ondemand.us-west-1.saucelabs.com/66.85.52.224:443]
12:11:09.651 [Forwarding executeScript on session 23c4ee5d2a954d328883c0cb6703c309 to remote] DEBUG org.asynchttpclient.netty.request.NettyRequestSender -- Using pooled Channel '[id: 0x5473078d, L:/192.168.1.146:56861 - R:ondemand.us-west-1.saucelabs.com/66.85.52.224:443]' for 'POST' to 'https://oauth-autolazare-558fb:f8d0a4b4-e059-4b39-a9eb-366965b887b1@ondemand.us-west-1.saucelabs.com:443/wd/hub/session/23c4ee5d2a954d328883c0cb6703c309/execute/sync'
12:11:09.651 [Forwarding executeScript on session 23c4ee5d2a954d328883c0cb6703c309 to remote] DEBUG org.asynchttpclient.netty.request.NettyRequestSender -- Using open Channel [id: 0x5473078d, L:/192.168.1.146:56861 - R:ondemand.us-west-1.saucelabs.com/66.85.52.224:443] for POST '/wd/hub/session/23c4ee5d2a954d328883c0cb6703c309/execute/sync'
12:11:10.607 [AsyncHttpClient-1-2] DEBUG org.asynchttpclient.netty.handler.HttpHandler -- 

Request DefaultHttpRequest(decodeResult: success, version: HTTP/1.1)
POST /wd/hub/session/23c4ee5d2a954d328883c0cb6703c309/execute/sync HTTP/1.1
User-Agent: selenium/4.9.0 (java windows)
traceparent: 00-51a70af0f0ca5352d0a0c41c00099f64-c2454c37a0263e59-01
Content-Length: 323605
Content-Type: application/json; charset=utf-8
host: ondemand.us-west-1.saucelabs.com
authorization: Basic b2F1dGgtYXV0b2xhemFyZS01NThmYjpmOGQwYTRiNC1lMDU5LTRiMzktYTllYi0zNjY5NjViODg3YjE=
accept: */*

Response DefaultHttpResponse(decodeResult: success, version: HTTP/1.1)
HTTP/1.1 200 OK
content-length: 15
content-type: application/json;charset=UTF-8
date: Thu, 11 May 2023 16:11:08 GMT
server: monocle/0.42
x-request-id: e7b141fe-8894-4145-998e-5f27c6075dc7

12:11:10.608 [AsyncHttpClient-1-2] DEBUG org.asynchttpclient.netty.channel.ChannelManager -- Adding key: https://ondemand.us-west-1.saucelabs.com:443 for channel [id: 0x5473078d, L:/192.168.1.146:56861 - R:ondemand.us-west-1.saucelabs.com/66.85.52.224:443]
12:11:10.616 [Forwarding findElements on session 23c4ee5d2a954d328883c0cb6703c309 to remote] DEBUG org.asynchttpclient.netty.request.NettyRequestSender -- Using pooled Channel '[id: 0x5473078d, L:/192.168.1.146:56861 - R:ondemand.us-west-1.saucelabs.com/66.85.52.224:443]' for 'POST' to 'https://oauth-autolazare-558fb:f8d0a4b4-e059-4b39-a9eb-366965b887b1@ondemand.us-west-1.saucelabs.com:443/wd/hub/session/23c4ee5d2a954d328883c0cb6703c309/elements'
12:11:10.616 [Forwarding findElements on session 23c4ee5d2a954d328883c0cb6703c309 to remote] DEBUG org.asynchttpclient.netty.request.NettyRequestSender -- Using open Channel [id: 0x5473078d, L:/192.168.1.146:56861 - R:ondemand.us-west-1.saucelabs.com/66.85.52.224:443] for POST '/wd/hub/session/23c4ee5d2a954d328883c0cb6703c309/elements'
12:11:10.787 [AsyncHttpClient-1-2] DEBUG org.asynchttpclient.netty.handler.HttpHandler -- 

Request DefaultHttpRequest(decodeResult: success, version: HTTP/1.1)
POST /wd/hub/session/23c4ee5d2a954d328883c0cb6703c309/elements HTTP/1.1
User-Agent: selenium/4.9.0 (java windows)
traceparent: 00-7f0ff2fb71eb0b866730ff28cca4a6d5-6ed1a8114d0f086f-01
Content-Length: 98
Content-Type: application/json; charset=utf-8
host: ondemand.us-west-1.saucelabs.com
authorization: Basic b2F1dGgtYXV0b2xhemFyZS01NThmYjpmOGQwYTRiNC1lMDU5LTRiMzktYTllYi0zNjY5NjViODg3YjE=
accept: */*

Response DefaultHttpResponse(decodeResult: success, version: HTTP/1.1)
HTTP/1.1 200 OK
content-length: 13
content-type: application/json;charset=UTF-8
date: Thu, 11 May 2023 16:11:09 GMT
server: monocle/0.42
x-request-id: 9e8a65ec-a02c-4fb4-9e1e-9f81c0670ad1

12:11:10.787 [AsyncHttpClient-1-2] DEBUG org.asynchttpclient.netty.channel.ChannelManager -- Adding key: https://ondemand.us-west-1.saucelabs.com:443 for channel [id: 0x5473078d, L:/192.168.1.146:56861 - R:ondemand.us-west-1.saucelabs.com/66.85.52.224:443]
12:11:10.802 [Forwarding switchToParentFrame on session 23c4ee5d2a954d328883c0cb6703c309 to remote] DEBUG org.asynchttpclient.netty.request.NettyRequestSender -- Using pooled Channel '[id: 0x5473078d, L:/192.168.1.146:56861 - R:ondemand.us-west-1.saucelabs.com/66.85.52.224:443]' for 'POST' to 'https://oauth-autolazare-558fb:f8d0a4b4-e059-4b39-a9eb-366965b887b1@ondemand.us-west-1.saucelabs.com:443/wd/hub/session/23c4ee5d2a954d328883c0cb6703c309/frame/parent'
12:11:10.803 [Forwarding switchToParentFrame on session 23c4ee5d2a954d328883c0cb6703c309 to remote] DEBUG org.asynchttpclient.netty.request.NettyRequestSender -- Using open Channel [id: 0x5473078d, L:/192.168.1.146:56861 - R:ondemand.us-west-1.saucelabs.com/66.85.52.224:443] for POST '/wd/hub/session/23c4ee5d2a954d328883c0cb6703c309/frame/parent'
12:11:10.962 [AsyncHttpClient-1-2] DEBUG org.asynchttpclient.netty.handler.HttpHandler -- 

Request DefaultHttpRequest(decodeResult: success, version: HTTP/1.1)
POST /wd/hub/session/23c4ee5d2a954d328883c0cb6703c309/frame/parent HTTP/1.1
User-Agent: selenium/4.9.0 (java windows)
traceparent: 00-130b2fae67e4b4ec22a7d8330fcc137e-60c7e21fbcb65fe9-01
Content-Length: 3
Content-Type: application/json; charset=utf-8
host: ondemand.us-west-1.saucelabs.com
authorization: Basic b2F1dGgtYXV0b2xhemFyZS01NThmYjpmOGQwYTRiNC1lMDU5LTRiMzktYTllYi0zNjY5NjViODg3YjE=
accept: */*

Response DefaultHttpResponse(decodeResult: success, version: HTTP/1.1)
HTTP/1.1 200 OK
content-length: 15
content-type: application/json;charset=UTF-8
date: Thu, 11 May 2023 16:11:09 GMT
server: monocle/0.42
x-request-id: fe134170-8c3a-43e6-b3a7-ba30e7da84af

12:11:10.968 [AsyncHttpClient-1-2] DEBUG org.asynchttpclient.netty.channel.ChannelManager -- Adding key: https://ondemand.us-west-1.saucelabs.com:443 for channel [id: 0x5473078d, L:/192.168.1.146:56861 - R:ondemand.us-west-1.saucelabs.com/66.85.52.224:443]
12:11:10.973 [Forwarding switchToFrame on session 23c4ee5d2a954d328883c0cb6703c309 to remote] DEBUG org.asynchttpclient.netty.request.NettyRequestSender -- Using pooled Channel '[id: 0x5473078d, L:/192.168.1.146:56861 - R:ondemand.us-west-1.saucelabs.com/66.85.52.224:443]' for 'POST' to 'https://oauth-autolazare-558fb:f8d0a4b4-e059-4b39-a9eb-366965b887b1@ondemand.us-west-1.saucelabs.com:443/wd/hub/session/23c4ee5d2a954d328883c0cb6703c309/frame'
12:11:10.973 [Forwarding switchToFrame on session 23c4ee5d2a954d328883c0cb6703c309 to remote] DEBUG org.asynchttpclient.netty.request.NettyRequestSender -- Using open Channel [id: 0x5473078d, L:/192.168.1.146:56861 - R:ondemand.us-west-1.saucelabs.com/66.85.52.224:443] for POST '/wd/hub/session/23c4ee5d2a954d328883c0cb6703c309/frame'
12:11:11.172 [AsyncHttpClient-1-2] DEBUG org.asynchttpclient.netty.handler.HttpHandler -- 

Request DefaultHttpRequest(decodeResult: success, version: HTTP/1.1)
POST /wd/hub/session/23c4ee5d2a954d328883c0cb6703c309/frame HTTP/1.1
User-Agent: selenium/4.9.0 (java windows)
traceparent: 00-12524fae8d1342f5ffcfc26c729287e0-2f304cbf66e200a1-01
Content-Length: 106
Content-Type: application/json; charset=utf-8
host: ondemand.us-west-1.saucelabs.com
authorization: Basic b2F1dGgtYXV0b2xhemFyZS01NThmYjpmOGQwYTRiNC1lMDU5LTRiMzktYTllYi0zNjY5NjViODg3YjE=
accept: */*

Response DefaultHttpResponse(decodeResult: success, version: HTTP/1.1)
HTTP/1.1 200 OK
content-length: 15
content-type: application/json;charset=UTF-8
date: Thu, 11 May 2023 16:11:09 GMT
server: monocle/0.42
x-request-id: e051844b-cbf2-4c6b-9681-d38d9f919184

12:11:11.173 [AsyncHttpClient-1-2] DEBUG org.asynchttpclient.netty.channel.ChannelManager -- Adding key: https://ondemand.us-west-1.saucelabs.com:443 for channel [id: 0x5473078d, L:/192.168.1.146:56861 - R:ondemand.us-west-1.saucelabs.com/66.85.52.224:443]
12:11:11.180 [Forwarding executeScript on session 23c4ee5d2a954d328883c0cb6703c309 to remote] DEBUG org.asynchttpclient.netty.request.NettyRequestSender -- Using pooled Channel '[id: 0x5473078d, L:/192.168.1.146:56861 - R:ondemand.us-west-1.saucelabs.com/66.85.52.224:443]' for 'POST' to 'https://oauth-autolazare-558fb:f8d0a4b4-e059-4b39-a9eb-366965b887b1@ondemand.us-west-1.saucelabs.com:443/wd/hub/session/23c4ee5d2a954d328883c0cb6703c309/execute/sync'
12:11:11.185 [Forwarding executeScript on session 23c4ee5d2a954d328883c0cb6703c309 to remote] DEBUG org.asynchttpclient.netty.request.NettyRequestSender -- Using open Channel [id: 0x5473078d, L:/192.168.1.146:56861 - R:ondemand.us-west-1.saucelabs.com/66.85.52.224:443] for POST '/wd/hub/session/23c4ee5d2a954d328883c0cb6703c309/execute/sync'
12:11:11.968 [AsyncHttpClient-1-2] DEBUG org.asynchttpclient.netty.handler.HttpHandler -- 

Request DefaultHttpRequest(decodeResult: success, version: HTTP/1.1)
POST /wd/hub/session/23c4ee5d2a954d328883c0cb6703c309/execute/sync HTTP/1.1
User-Agent: selenium/4.9.0 (java windows)
traceparent: 00-f495713e938fdc78766b39fc63b2fe18-99f9fed4b0788a66-01
Content-Length: 323605
Content-Type: application/json; charset=utf-8
host: ondemand.us-west-1.saucelabs.com
authorization: Basic b2F1dGgtYXV0b2xhemFyZS01NThmYjpmOGQwYTRiNC1lMDU5LTRiMzktYTllYi0zNjY5NjViODg3YjE=
accept: */*

Response DefaultHttpResponse(decodeResult: success, version: HTTP/1.1)
HTTP/1.1 200 OK
content-length: 15
content-type: application/json;charset=UTF-8
date: Thu, 11 May 2023 16:11:10 GMT
server: monocle/0.42
x-request-id: f04100b0-3cad-4c98-b951-ff90f135273d

12:11:11.969 [AsyncHttpClient-1-2] DEBUG org.asynchttpclient.netty.channel.ChannelManager -- Adding key: https://ondemand.us-west-1.saucelabs.com:443 for channel [id: 0x5473078d, L:/192.168.1.146:56861 - R:ondemand.us-west-1.saucelabs.com/66.85.52.224:443]
12:11:11.974 [Forwarding findElements on session 23c4ee5d2a954d328883c0cb6703c309 to remote] DEBUG org.asynchttpclient.netty.request.NettyRequestSender -- Using pooled Channel '[id: 0x5473078d, L:/192.168.1.146:56861 - R:ondemand.us-west-1.saucelabs.com/66.85.52.224:443]' for 'POST' to 'https://oauth-autolazare-558fb:f8d0a4b4-e059-4b39-a9eb-366965b887b1@ondemand.us-west-1.saucelabs.com:443/wd/hub/session/23c4ee5d2a954d328883c0cb6703c309/elements'
12:11:11.974 [Forwarding findElements on session 23c4ee5d2a954d328883c0cb6703c309 to remote] DEBUG org.asynchttpclient.netty.request.NettyRequestSender -- Using open Channel [id: 0x5473078d, L:/192.168.1.146:56861 - R:ondemand.us-west-1.saucelabs.com/66.85.52.224:443] for POST '/wd/hub/session/23c4ee5d2a954d328883c0cb6703c309/elements'
12:11:12.159 [AsyncHttpClient-1-2] DEBUG org.asynchttpclient.netty.handler.HttpHandler -- 

Request DefaultHttpRequest(decodeResult: success, version: HTTP/1.1)
POST /wd/hub/session/23c4ee5d2a954d328883c0cb6703c309/elements HTTP/1.1
User-Agent: selenium/4.9.0 (java windows)
traceparent: 00-fe7ba8d025523586fa229e7e327f2cc7-89762313ad60e312-01
Content-Length: 98
Content-Type: application/json; charset=utf-8
host: ondemand.us-west-1.saucelabs.com
authorization: Basic b2F1dGgtYXV0b2xhemFyZS01NThmYjpmOGQwYTRiNC1lMDU5LTRiMzktYTllYi0zNjY5NjViODg3YjE=
accept: */*

Response DefaultHttpResponse(decodeResult: success, version: HTTP/1.1)
HTTP/1.1 200 OK
content-length: 13
content-type: application/json;charset=UTF-8
date: Thu, 11 May 2023 16:11:10 GMT
server: monocle/0.42
x-request-id: 4fed6068-c08d-4024-be1c-b0162c6870da

12:11:12.160 [AsyncHttpClient-1-2] DEBUG org.asynchttpclient.netty.channel.ChannelManager -- Adding key: https://ondemand.us-west-1.saucelabs.com:443 for channel [id: 0x5473078d, L:/192.168.1.146:56861 - R:ondemand.us-west-1.saucelabs.com/66.85.52.224:443]
12:11:12.162 [Forwarding switchToParentFrame on session 23c4ee5d2a954d328883c0cb6703c309 to remote] DEBUG org.asynchttpclient.netty.request.NettyRequestSender -- Using pooled Channel '[id: 0x5473078d, L:/192.168.1.146:56861 - R:ondemand.us-west-1.saucelabs.com/66.85.52.224:443]' for 'POST' to 'https://oauth-autolazare-558fb:f8d0a4b4-e059-4b39-a9eb-366965b887b1@ondemand.us-west-1.saucelabs.com:443/wd/hub/session/23c4ee5d2a954d328883c0cb6703c309/frame/parent'
12:11:12.162 [Forwarding switchToParentFrame on session 23c4ee5d2a954d328883c0cb6703c309 to remote] DEBUG org.asynchttpclient.netty.request.NettyRequestSender -- Using open Channel [id: 0x5473078d, L:/192.168.1.146:56861 - R:ondemand.us-west-1.saucelabs.com/66.85.52.224:443] for POST '/wd/hub/session/23c4ee5d2a954d328883c0cb6703c309/frame/parent'
12:11:12.343 [AsyncHttpClient-1-2] DEBUG org.asynchttpclient.netty.handler.HttpHandler -- 

Request DefaultHttpRequest(decodeResult: success, version: HTTP/1.1)
POST /wd/hub/session/23c4ee5d2a954d328883c0cb6703c309/frame/parent HTTP/1.1
User-Agent: selenium/4.9.0 (java windows)
traceparent: 00-50aaff0aa713017eb5ef3cbea4740beb-aa5b0c69a93445ca-01
Content-Length: 3
Content-Type: application/json; charset=utf-8
host: ondemand.us-west-1.saucelabs.com
authorization: Basic b2F1dGgtYXV0b2xhemFyZS01NThmYjpmOGQwYTRiNC1lMDU5LTRiMzktYTllYi0zNjY5NjViODg3YjE=
accept: */*

Response DefaultHttpResponse(decodeResult: success, version: HTTP/1.1)
HTTP/1.1 200 OK
content-length: 15
content-type: application/json;charset=UTF-8
date: Thu, 11 May 2023 16:11:11 GMT
server: monocle/0.42
x-request-id: 84380baf-448f-4274-b127-27b6311182b7

12:11:12.343 [AsyncHttpClient-1-2] DEBUG org.asynchttpclient.netty.channel.ChannelManager -- Adding key: https://ondemand.us-west-1.saucelabs.com:443 for channel [id: 0x5473078d, L:/192.168.1.146:56861 - R:ondemand.us-west-1.saucelabs.com/66.85.52.224:443]
12:11:12.345 [Forwarding switchToParentFrame on session 23c4ee5d2a954d328883c0cb6703c309 to remote] DEBUG org.asynchttpclient.netty.request.NettyRequestSender -- Using pooled Channel '[id: 0x5473078d, L:/192.168.1.146:56861 - R:ondemand.us-west-1.saucelabs.com/66.85.52.224:443]' for 'POST' to 'https://oauth-autolazare-558fb:f8d0a4b4-e059-4b39-a9eb-366965b887b1@ondemand.us-west-1.saucelabs.com:443/wd/hub/session/23c4ee5d2a954d328883c0cb6703c309/frame/parent'
12:11:12.345 [Forwarding switchToParentFrame on session 23c4ee5d2a954d328883c0cb6703c309 to remote] DEBUG org.asynchttpclient.netty.request.NettyRequestSender -- Using open Channel [id: 0x5473078d, L:/192.168.1.146:56861 - R:ondemand.us-west-1.saucelabs.com/66.85.52.224:443] for POST '/wd/hub/session/23c4ee5d2a954d328883c0cb6703c309/frame/parent'
12:11:12.534 [AsyncHttpClient-1-2] DEBUG org.asynchttpclient.netty.handler.HttpHandler -- 

Request DefaultHttpRequest(decodeResult: success, version: HTTP/1.1)
POST /wd/hub/session/23c4ee5d2a954d328883c0cb6703c309/frame/parent HTTP/1.1
User-Agent: selenium/4.9.0 (java windows)
traceparent: 00-f96e7eddf262375c855c5f4a31fdf0fd-10bc7229fce89a6b-01
Content-Length: 3
Content-Type: application/json; charset=utf-8
host: ondemand.us-west-1.saucelabs.com
authorization: Basic b2F1dGgtYXV0b2xhemFyZS01NThmYjpmOGQwYTRiNC1lMDU5LTRiMzktYTllYi0zNjY5NjViODg3YjE=
accept: */*

Response DefaultHttpResponse(decodeResult: success, version: HTTP/1.1)
HTTP/1.1 200 OK
content-length: 15
content-type: application/json;charset=UTF-8
date: Thu, 11 May 2023 16:11:11 GMT
server: monocle/0.42
x-request-id: 17161d4c-b2fe-4f66-b050-ade1dd4af9ee

12:11:12.535 [AsyncHttpClient-1-2] DEBUG org.asynchttpclient.netty.channel.ChannelManager -- Adding key: https://ondemand.us-west-1.saucelabs.com:443 for channel [id: 0x5473078d, L:/192.168.1.146:56861 - R:ondemand.us-west-1.saucelabs.com/66.85.52.224:443]
12:11:12.537 [Forwarding switchToFrame on session 23c4ee5d2a954d328883c0cb6703c309 to remote] DEBUG org.asynchttpclient.netty.request.NettyRequestSender -- Using pooled Channel '[id: 0x5473078d, L:/192.168.1.146:56861 - R:ondemand.us-west-1.saucelabs.com/66.85.52.224:443]' for 'POST' to 'https://oauth-autolazare-558fb:f8d0a4b4-e059-4b39-a9eb-366965b887b1@ondemand.us-west-1.saucelabs.com:443/wd/hub/session/23c4ee5d2a954d328883c0cb6703c309/frame'
12:11:12.537 [Forwarding switchToFrame on session 23c4ee5d2a954d328883c0cb6703c309 to remote] DEBUG org.asynchttpclient.netty.request.NettyRequestSender -- Using open Channel [id: 0x5473078d, L:/192.168.1.146:56861 - R:ondemand.us-west-1.saucelabs.com/66.85.52.224:443] for POST '/wd/hub/session/23c4ee5d2a954d328883c0cb6703c309/frame'
12:11:12.730 [AsyncHttpClient-1-2] DEBUG org.asynchttpclient.netty.handler.HttpHandler -- 

Request DefaultHttpRequest(decodeResult: success, version: HTTP/1.1)
POST /wd/hub/session/23c4ee5d2a954d328883c0cb6703c309/frame HTTP/1.1
User-Agent: selenium/4.9.0 (java windows)
traceparent: 00-6e442fda9c8e280cb3437017a163bd98-be3ee44ce090286b-01
Content-Length: 106
Content-Type: application/json; charset=utf-8
host: ondemand.us-west-1.saucelabs.com
authorization: Basic b2F1dGgtYXV0b2xhemFyZS01NThmYjpmOGQwYTRiNC1lMDU5LTRiMzktYTllYi0zNjY5NjViODg3YjE=
accept: */*

Response DefaultHttpResponse(decodeResult: success, version: HTTP/1.1)
HTTP/1.1 200 OK
content-length: 15
content-type: application/json;charset=UTF-8
date: Thu, 11 May 2023 16:11:11 GMT
server: monocle/0.42
x-request-id: f0bcdc60-f8c0-4cf8-acc1-f8d853365ecc

12:11:12.731 [AsyncHttpClient-1-2] DEBUG org.asynchttpclient.netty.channel.ChannelManager -- Adding key: https://ondemand.us-west-1.saucelabs.com:443 for channel [id: 0x5473078d, L:/192.168.1.146:56861 - R:ondemand.us-west-1.saucelabs.com/66.85.52.224:443]
12:11:12.756 [Forwarding executeScript on session 23c4ee5d2a954d328883c0cb6703c309 to remote] DEBUG org.asynchttpclient.netty.request.NettyRequestSender -- Using pooled Channel '[id: 0x5473078d, L:/192.168.1.146:56861 - R:ondemand.us-west-1.saucelabs.com/66.85.52.224:443]' for 'POST' to 'https://oauth-autolazare-558fb:f8d0a4b4-e059-4b39-a9eb-366965b887b1@ondemand.us-west-1.saucelabs.com:443/wd/hub/session/23c4ee5d2a954d328883c0cb6703c309/execute/sync'
12:11:12.756 [Forwarding executeScript on session 23c4ee5d2a954d328883c0cb6703c309 to remote] DEBUG org.asynchttpclient.netty.request.NettyRequestSender -- Using open Channel [id: 0x5473078d, L:/192.168.1.146:56861 - R:ondemand.us-west-1.saucelabs.com/66.85.52.224:443] for POST '/wd/hub/session/23c4ee5d2a954d328883c0cb6703c309/execute/sync'
12:11:13.587 [AsyncHttpClient-1-2] DEBUG org.asynchttpclient.netty.handler.HttpHandler -- 

Request DefaultHttpRequest(decodeResult: success, version: HTTP/1.1)
POST /wd/hub/session/23c4ee5d2a954d328883c0cb6703c309/execute/sync HTTP/1.1
User-Agent: selenium/4.9.0 (java windows)
traceparent: 00-b87cc7ff33605fc4cdece51dd32f361e-73239d5df629b208-01
Content-Length: 323605
Content-Type: application/json; charset=utf-8
host: ondemand.us-west-1.saucelabs.com
authorization: Basic b2F1dGgtYXV0b2xhemFyZS01NThmYjpmOGQwYTRiNC1lMDU5LTRiMzktYTllYi0zNjY5NjViODg3YjE=
accept: */*

Response DefaultHttpResponse(decodeResult: success, version: HTTP/1.1)
HTTP/1.1 200 OK
content-length: 15
content-type: application/json;charset=UTF-8
date: Thu, 11 May 2023 16:11:11 GMT
server: monocle/0.42
x-request-id: c77b3c2b-4691-47ab-802f-243e06da2991

12:11:13.587 [AsyncHttpClient-1-2] DEBUG org.asynchttpclient.netty.channel.ChannelManager -- Adding key: https://ondemand.us-west-1.saucelabs.com:443 for channel [id: 0x5473078d, L:/192.168.1.146:56861 - R:ondemand.us-west-1.saucelabs.com/66.85.52.224:443]
12:11:13.592 [Forwarding findElements on session 23c4ee5d2a954d328883c0cb6703c309 to remote] DEBUG org.asynchttpclient.netty.request.NettyRequestSender -- Using pooled Channel '[id: 0x5473078d, L:/192.168.1.146:56861 - R:ondemand.us-west-1.saucelabs.com/66.85.52.224:443]' for 'POST' to 'https://oauth-autolazare-558fb:f8d0a4b4-e059-4b39-a9eb-366965b887b1@ondemand.us-west-1.saucelabs.com:443/wd/hub/session/23c4ee5d2a954d328883c0cb6703c309/elements'
12:11:13.594 [Forwarding findElements on session 23c4ee5d2a954d328883c0cb6703c309 to remote] DEBUG org.asynchttpclient.netty.request.NettyRequestSender -- Using open Channel [id: 0x5473078d, L:/192.168.1.146:56861 - R:ondemand.us-west-1.saucelabs.com/66.85.52.224:443] for POST '/wd/hub/session/23c4ee5d2a954d328883c0cb6703c309/elements'
12:11:13.755 [AsyncHttpClient-1-2] DEBUG org.asynchttpclient.netty.handler.HttpHandler -- 

Request DefaultHttpRequest(decodeResult: success, version: HTTP/1.1)
POST /wd/hub/session/23c4ee5d2a954d328883c0cb6703c309/elements HTTP/1.1
User-Agent: selenium/4.9.0 (java windows)
traceparent: 00-7dae383c67076c4a7d9805a033cdcf68-298a5c290dbfdb41-01
Content-Length: 98
Content-Type: application/json; charset=utf-8
host: ondemand.us-west-1.saucelabs.com
authorization: Basic b2F1dGgtYXV0b2xhemFyZS01NThmYjpmOGQwYTRiNC1lMDU5LTRiMzktYTllYi0zNjY5NjViODg3YjE=
accept: */*

Response DefaultHttpResponse(decodeResult: success, version: HTTP/1.1)
HTTP/1.1 200 OK
content-length: 187
content-type: application/json;charset=UTF-8
date: Thu, 11 May 2023 16:11:12 GMT
server: monocle/0.42
x-request-id: f92bbc27-b719-4133-844b-6a61f20d2310

12:11:13.755 [AsyncHttpClient-1-2] DEBUG org.asynchttpclient.netty.channel.ChannelManager -- Adding key: https://ondemand.us-west-1.saucelabs.com:443 for channel [id: 0x5473078d, L:/192.168.1.146:56861 - R:ondemand.us-west-1.saucelabs.com/66.85.52.224:443]
12:11:13.759 [Forwarding switchToFrame on session 23c4ee5d2a954d328883c0cb6703c309 to remote] DEBUG org.asynchttpclient.netty.request.NettyRequestSender -- Using pooled Channel '[id: 0x5473078d, L:/192.168.1.146:56861 - R:ondemand.us-west-1.saucelabs.com/66.85.52.224:443]' for 'POST' to 'https://oauth-autolazare-558fb:f8d0a4b4-e059-4b39-a9eb-366965b887b1@ondemand.us-west-1.saucelabs.com:443/wd/hub/session/23c4ee5d2a954d328883c0cb6703c309/frame'
12:11:13.759 [Forwarding switchToFrame on session 23c4ee5d2a954d328883c0cb6703c309 to remote] DEBUG org.asynchttpclient.netty.request.NettyRequestSender -- Using open Channel [id: 0x5473078d, L:/192.168.1.146:56861 - R:ondemand.us-west-1.saucelabs.com/66.85.52.224:443] for POST '/wd/hub/session/23c4ee5d2a954d328883c0cb6703c309/frame'
12:11:13.979 [AsyncHttpClient-1-2] DEBUG org.asynchttpclient.netty.handler.HttpHandler -- 

Request DefaultHttpRequest(decodeResult: success, version: HTTP/1.1)
POST /wd/hub/session/23c4ee5d2a954d328883c0cb6703c309/frame HTTP/1.1
User-Agent: selenium/4.9.0 (java windows)
traceparent: 00-5b568f77a031a324da5e68ffb7729904-ab32c94a04c563be-01
Content-Length: 106
Content-Type: application/json; charset=utf-8
host: ondemand.us-west-1.saucelabs.com
authorization: Basic b2F1dGgtYXV0b2xhemFyZS01NThmYjpmOGQwYTRiNC1lMDU5LTRiMzktYTllYi0zNjY5NjViODg3YjE=
accept: */*

Response DefaultHttpResponse(decodeResult: success, version: HTTP/1.1)
HTTP/1.1 200 OK
content-length: 15
content-type: application/json;charset=UTF-8
date: Thu, 11 May 2023 16:11:12 GMT
server: monocle/0.42
x-request-id: 87ea00ae-2d95-4686-90a6-129cfe0184fe

12:11:13.979 [AsyncHttpClient-1-2] DEBUG org.asynchttpclient.netty.channel.ChannelManager -- Adding key: https://ondemand.us-west-1.saucelabs.com:443 for channel [id: 0x5473078d, L:/192.168.1.146:56861 - R:ondemand.us-west-1.saucelabs.com/66.85.52.224:443]
12:11:13.993 [Forwarding executeScript on session 23c4ee5d2a954d328883c0cb6703c309 to remote] DEBUG org.asynchttpclient.netty.request.NettyRequestSender -- Using pooled Channel '[id: 0x5473078d, L:/192.168.1.146:56861 - R:ondemand.us-west-1.saucelabs.com/66.85.52.224:443]' for 'POST' to 'https://oauth-autolazare-558fb:f8d0a4b4-e059-4b39-a9eb-366965b887b1@ondemand.us-west-1.saucelabs.com:443/wd/hub/session/23c4ee5d2a954d328883c0cb6703c309/execute/sync'
12:11:13.993 [Forwarding executeScript on session 23c4ee5d2a954d328883c0cb6703c309 to remote] DEBUG org.asynchttpclient.netty.request.NettyRequestSender -- Using open Channel [id: 0x5473078d, L:/192.168.1.146:56861 - R:ondemand.us-west-1.saucelabs.com/66.85.52.224:443] for POST '/wd/hub/session/23c4ee5d2a954d328883c0cb6703c309/execute/sync'
12:11:14.669 [AsyncHttpClient-1-2] DEBUG org.asynchttpclient.netty.handler.HttpHandler -- 

Request DefaultHttpRequest(decodeResult: success, version: HTTP/1.1)
POST /wd/hub/session/23c4ee5d2a954d328883c0cb6703c309/execute/sync HTTP/1.1
User-Agent: selenium/4.9.0 (java windows)
traceparent: 00-0f1703d1daddd421131ef9c7ea65dc4a-75b8e3d96ebbba5d-01
Content-Length: 323605
Content-Type: application/json; charset=utf-8
host: ondemand.us-west-1.saucelabs.com
authorization: Basic b2F1dGgtYXV0b2xhemFyZS01NThmYjpmOGQwYTRiNC1lMDU5LTRiMzktYTllYi0zNjY5NjViODg3YjE=
accept: */*

Response DefaultHttpResponse(decodeResult: success, version: HTTP/1.1)
HTTP/1.1 200 OK
content-length: 15
content-type: application/json;charset=UTF-8
date: Thu, 11 May 2023 16:11:13 GMT
server: monocle/0.42
x-request-id: 902befd2-08f1-4905-8a9a-627a15124c8d

12:11:14.669 [AsyncHttpClient-1-2] DEBUG org.asynchttpclient.netty.channel.ChannelManager -- Adding key: https://ondemand.us-west-1.saucelabs.com:443 for channel [id: 0x5473078d, L:/192.168.1.146:56861 - R:ondemand.us-west-1.saucelabs.com/66.85.52.224:443]
12:11:14.686 [Forwarding findElements on session 23c4ee5d2a954d328883c0cb6703c309 to remote] DEBUG org.asynchttpclient.netty.request.NettyRequestSender -- Using pooled Channel '[id: 0x5473078d, L:/192.168.1.146:56861 - R:ondemand.us-west-1.saucelabs.com/66.85.52.224:443]' for 'POST' to 'https://oauth-autolazare-558fb:f8d0a4b4-e059-4b39-a9eb-366965b887b1@ondemand.us-west-1.saucelabs.com:443/wd/hub/session/23c4ee5d2a954d328883c0cb6703c309/elements'
12:11:14.686 [Forwarding findElements on session 23c4ee5d2a954d328883c0cb6703c309 to remote] DEBUG org.asynchttpclient.netty.request.NettyRequestSender -- Using open Channel [id: 0x5473078d, L:/192.168.1.146:56861 - R:ondemand.us-west-1.saucelabs.com/66.85.52.224:443] for POST '/wd/hub/session/23c4ee5d2a954d328883c0cb6703c309/elements'
12:11:14.945 [AsyncHttpClient-1-2] DEBUG org.asynchttpclient.netty.handler.HttpHandler -- 

Request DefaultHttpRequest(decodeResult: success, version: HTTP/1.1)
POST /wd/hub/session/23c4ee5d2a954d328883c0cb6703c309/elements HTTP/1.1
User-Agent: selenium/4.9.0 (java windows)
traceparent: 00-5f97ab1cf21294a2836c82c6ec5ddefc-d4ac838756c0c1d0-01
Content-Length: 98
Content-Type: application/json; charset=utf-8
host: ondemand.us-west-1.saucelabs.com
authorization: Basic b2F1dGgtYXV0b2xhemFyZS01NThmYjpmOGQwYTRiNC1lMDU5LTRiMzktYTllYi0zNjY5NjViODg3YjE=
accept: */*

Response DefaultHttpResponse(decodeResult: success, version: HTTP/1.1)
HTTP/1.1 200 OK
content-length: 13
content-type: application/json;charset=UTF-8
date: Thu, 11 May 2023 16:11:13 GMT
server: monocle/0.42
x-request-id: a977f664-e016-4b7c-9174-c12c8ff0655d

12:11:14.945 [AsyncHttpClient-1-2] DEBUG org.asynchttpclient.netty.channel.ChannelManager -- Adding key: https://ondemand.us-west-1.saucelabs.com:443 for channel [id: 0x5473078d, L:/192.168.1.146:56861 - R:ondemand.us-west-1.saucelabs.com/66.85.52.224:443]
12:11:14.949 [Forwarding switchToParentFrame on session 23c4ee5d2a954d328883c0cb6703c309 to remote] DEBUG org.asynchttpclient.netty.request.NettyRequestSender -- Using pooled Channel '[id: 0x5473078d, L:/192.168.1.146:56861 - R:ondemand.us-west-1.saucelabs.com/66.85.52.224:443]' for 'POST' to 'https://oauth-autolazare-558fb:f8d0a4b4-e059-4b39-a9eb-366965b887b1@ondemand.us-west-1.saucelabs.com:443/wd/hub/session/23c4ee5d2a954d328883c0cb6703c309/frame/parent'
12:11:14.949 [Forwarding switchToParentFrame on session 23c4ee5d2a954d328883c0cb6703c309 to remote] DEBUG org.asynchttpclient.netty.request.NettyRequestSender -- Using open Channel [id: 0x5473078d, L:/192.168.1.146:56861 - R:ondemand.us-west-1.saucelabs.com/66.85.52.224:443] for POST '/wd/hub/session/23c4ee5d2a954d328883c0cb6703c309/frame/parent'
12:11:15.113 [AsyncHttpClient-1-2] DEBUG org.asynchttpclient.netty.handler.HttpHandler -- 

Request DefaultHttpRequest(decodeResult: success, version: HTTP/1.1)
POST /wd/hub/session/23c4ee5d2a954d328883c0cb6703c309/frame/parent HTTP/1.1
User-Agent: selenium/4.9.0 (java windows)
traceparent: 00-f679626bd875dbc3d2e3750b7fb8b682-3ea2a97b8572e9cd-01
Content-Length: 3
Content-Type: application/json; charset=utf-8
host: ondemand.us-west-1.saucelabs.com
authorization: Basic b2F1dGgtYXV0b2xhemFyZS01NThmYjpmOGQwYTRiNC1lMDU5LTRiMzktYTllYi0zNjY5NjViODg3YjE=
accept: */*

Response DefaultHttpResponse(decodeResult: success, version: HTTP/1.1)
HTTP/1.1 200 OK
content-length: 15
content-type: application/json;charset=UTF-8
date: Thu, 11 May 2023 16:11:13 GMT
server: monocle/0.42
x-request-id: 3595e432-a8dd-4fcc-9c7c-4749c1e5b3de

12:11:15.113 [AsyncHttpClient-1-2] DEBUG org.asynchttpclient.netty.channel.ChannelManager -- Adding key: https://ondemand.us-west-1.saucelabs.com:443 for channel [id: 0x5473078d, L:/192.168.1.146:56861 - R:ondemand.us-west-1.saucelabs.com/66.85.52.224:443]
12:11:15.118 [Forwarding switchToFrame on session 23c4ee5d2a954d328883c0cb6703c309 to remote] DEBUG org.asynchttpclient.netty.request.NettyRequestSender -- Using pooled Channel '[id: 0x5473078d, L:/192.168.1.146:56861 - R:ondemand.us-west-1.saucelabs.com/66.85.52.224:443]' for 'POST' to 'https://oauth-autolazare-558fb:f8d0a4b4-e059-4b39-a9eb-366965b887b1@ondemand.us-west-1.saucelabs.com:443/wd/hub/session/23c4ee5d2a954d328883c0cb6703c309/frame'
12:11:15.118 [Forwarding switchToFrame on session 23c4ee5d2a954d328883c0cb6703c309 to remote] DEBUG org.asynchttpclient.netty.request.NettyRequestSender -- Using open Channel [id: 0x5473078d, L:/192.168.1.146:56861 - R:ondemand.us-west-1.saucelabs.com/66.85.52.224:443] for POST '/wd/hub/session/23c4ee5d2a954d328883c0cb6703c309/frame'
12:11:15.362 [AsyncHttpClient-1-2] DEBUG org.asynchttpclient.netty.handler.HttpHandler -- 

Request DefaultHttpRequest(decodeResult: success, version: HTTP/1.1)
POST /wd/hub/session/23c4ee5d2a954d328883c0cb6703c309/frame HTTP/1.1
User-Agent: selenium/4.9.0 (java windows)
traceparent: 00-8deaa8f04ec5f680853518f8a1f67495-646442a54a9b4689-01
Content-Length: 106
Content-Type: application/json; charset=utf-8
host: ondemand.us-west-1.saucelabs.com
authorization: Basic b2F1dGgtYXV0b2xhemFyZS01NThmYjpmOGQwYTRiNC1lMDU5LTRiMzktYTllYi0zNjY5NjViODg3YjE=
accept: */*

Response DefaultHttpResponse(decodeResult: success, version: HTTP/1.1)
HTTP/1.1 200 OK
content-length: 15
content-type: application/json;charset=UTF-8
date: Thu, 11 May 2023 16:11:13 GMT
server: monocle/0.42
x-request-id: 9d25aea4-4be8-4d23-ac14-16b4f23d9f79

12:11:15.363 [AsyncHttpClient-1-2] DEBUG org.asynchttpclient.netty.channel.ChannelManager -- Adding key: https://ondemand.us-west-1.saucelabs.com:443 for channel [id: 0x5473078d, L:/192.168.1.146:56861 - R:ondemand.us-west-1.saucelabs.com/66.85.52.224:443]
12:11:15.385 [Forwarding executeScript on session 23c4ee5d2a954d328883c0cb6703c309 to remote] DEBUG org.asynchttpclient.netty.request.NettyRequestSender -- Using pooled Channel '[id: 0x5473078d, L:/192.168.1.146:56861 - R:ondemand.us-west-1.saucelabs.com/66.85.52.224:443]' for 'POST' to 'https://oauth-autolazare-558fb:f8d0a4b4-e059-4b39-a9eb-366965b887b1@ondemand.us-west-1.saucelabs.com:443/wd/hub/session/23c4ee5d2a954d328883c0cb6703c309/execute/sync'
12:11:15.385 [Forwarding executeScript on session 23c4ee5d2a954d328883c0cb6703c309 to remote] DEBUG org.asynchttpclient.netty.request.NettyRequestSender -- Using open Channel [id: 0x5473078d, L:/192.168.1.146:56861 - R:ondemand.us-west-1.saucelabs.com/66.85.52.224:443] for POST '/wd/hub/session/23c4ee5d2a954d328883c0cb6703c309/execute/sync'
12:11:16.330 [AsyncHttpClient-1-2] DEBUG org.asynchttpclient.netty.handler.HttpHandler -- 

Request DefaultHttpRequest(decodeResult: success, version: HTTP/1.1)
POST /wd/hub/session/23c4ee5d2a954d328883c0cb6703c309/execute/sync HTTP/1.1
User-Agent: selenium/4.9.0 (java windows)
traceparent: 00-778dd7f66c28dd4d25ce9247e05271f8-9551415f6b00f136-01
Content-Length: 323605
Content-Type: application/json; charset=utf-8
host: ondemand.us-west-1.saucelabs.com
authorization: Basic b2F1dGgtYXV0b2xhemFyZS01NThmYjpmOGQwYTRiNC1lMDU5LTRiMzktYTllYi0zNjY5NjViODg3YjE=
accept: */*

Response DefaultHttpResponse(decodeResult: success, version: HTTP/1.1)
HTTP/1.1 200 OK
content-length: 15
content-type: application/json;charset=UTF-8
date: Thu, 11 May 2023 16:11:14 GMT
server: monocle/0.42
x-request-id: 5798b2fc-6144-4e5f-ae6f-94e5beb96573

[...]
traceparent: 00-7d38862294e4c6f3f0dc8952ae41e5e7-ab427ff8008d6e2f-01
Content-Length: 99
Content-Type: application/json; charset=utf-8
host: ondemand.us-west-1.saucelabs.com
authorization: Basic b2F1dGgtYXV0b2xhemFyZS01NThmYjpmOGQwYTRiNC1lMDU5LTRiMzktYTllYi0zNjY5NjViODg3YjE=
accept: */*

Response DefaultHttpResponse(decodeResult: success, version: HTTP/1.1)
HTTP/1.1 200 OK
content-length: 15
content-type: application/json;charset=UTF-8
date: Thu, 11 May 2023 16:11:42 GMT
server: monocle/0.42
x-request-id: f6c61d3b-5311-4382-9ca5-f5c7fe5d5415

12:11:43.992 [AsyncHttpClient-1-2] DEBUG org.asynchttpclient.netty.channel.ChannelManager -- Adding key: https://ondemand.us-west-1.saucelabs.com:443 for channel [id: 0x5473078d, L:/192.168.1.146:56861 - R:ondemand.us-west-1.saucelabs.com/66.85.52.224:443]
12:11:44.005 [Forwarding findElements on session 23c4ee5d2a954d328883c0cb6703c309 to remote] DEBUG org.asynchttpclient.netty.request.NettyRequestSender -- Using pooled Channel '[id: 0x5473078d, L:/192.168.1.146:56861 - R:ondemand.us-west-1.saucelabs.com/66.85.52.224:443]' for 'POST' to 'https://oauth-autolazare-558fb:f8d0a4b4-e059-4b39-a9eb-366965b887b1@ondemand.us-west-1.saucelabs.com:443/wd/hub/session/23c4ee5d2a954d328883c0cb6703c309/elements'
12:11:44.005 [Forwarding findElements on session 23c4ee5d2a954d328883c0cb6703c309 to remote] DEBUG org.asynchttpclient.netty.request.NettyRequestSender -- Using open Channel [id: 0x5473078d, L:/192.168.1.146:56861 - R:ondemand.us-west-1.saucelabs.com/66.85.52.224:443] for POST '/wd/hub/session/23c4ee5d2a954d328883c0cb6703c309/elements'
12:11:44.194 [AsyncHttpClient-1-2] DEBUG org.asynchttpclient.netty.handler.HttpHandler -- 

Request DefaultHttpRequest(decodeResult: success, version: HTTP/1.1)
POST /wd/hub/session/23c4ee5d2a954d328883c0cb6703c309/elements HTTP/1.1
User-Agent: selenium/4.9.0 (java windows)
traceparent: 00-fd4e168e89b6b5eeb37aaa4c7df86ce9-f2d081daad8edffa-01
Content-Length: 98
Content-Type: application/json; charset=utf-8
host: ondemand.us-west-1.saucelabs.com
authorization: Basic b2F1dGgtYXV0b2xhemFyZS01NThmYjpmOGQwYTRiNC1lMDU5LTRiMzktYTllYi0zNjY5NjViODg3YjE=
accept: */*

Response DefaultHttpResponse(decodeResult: success, version: HTTP/1.1)
HTTP/1.1 200 OK
content-length: 13
content-type: application/json;charset=UTF-8
date: Thu, 11 May 2023 16:11:42 GMT
server: monocle/0.42
x-request-id: 4e9c265b-780a-4a6e-8174-6e1778fe4875

12:11:44.197 [AsyncHttpClient-1-2] DEBUG org.asynchttpclient.netty.channel.ChannelManager -- Adding key: https://ondemand.us-west-1.saucelabs.com:443 for channel [id: 0x5473078d, L:/192.168.1.146:56861 - R:ondemand.us-west-1.saucelabs.com/66.85.52.224:443]
12:11:44.200 [Forwarding switchToParentFrame on session 23c4ee5d2a954d328883c0cb6703c309 to remote] DEBUG org.asynchttpclient.netty.request.NettyRequestSender -- Using pooled Channel '[id: 0x5473078d, L:/192.168.1.146:56861 - R:ondemand.us-west-1.saucelabs.com/66.85.52.224:443]' for 'POST' to 'https://oauth-autolazare-558fb:f8d0a4b4-e059-4b39-a9eb-366965b887b1@ondemand.us-west-1.saucelabs.com:443/wd/hub/session/23c4ee5d2a954d328883c0cb6703c309/frame/parent'
12:11:44.200 [Forwarding switchToParentFrame on session 23c4ee5d2a954d328883c0cb6703c309 to remote] DEBUG org.asynchttpclient.netty.request.NettyRequestSender -- Using open Channel [id: 0x5473078d, L:/192.168.1.146:56861 - R:ondemand.us-west-1.saucelabs.com/66.85.52.224:443] for POST '/wd/hub/session/23c4ee5d2a954d328883c0cb6703c309/frame/parent'
12:11:44.369 [AsyncHttpClient-1-2] DEBUG org.asynchttpclient.netty.handler.HttpHandler -- 

Request DefaultHttpRequest(decodeResult: success, version: HTTP/1.1)
POST /wd/hub/session/23c4ee5d2a954d328883c0cb6703c309/frame/parent HTTP/1.1
User-Agent: selenium/4.9.0 (java windows)
traceparent: 00-2649263a0d506b882763deebcf7a59be-fc7cf8ffba653e2c-01
Content-Length: 3
Content-Type: application/json; charset=utf-8
host: ondemand.us-west-1.saucelabs.com
authorization: Basic b2F1dGgtYXV0b2xhemFyZS01NThmYjpmOGQwYTRiNC1lMDU5LTRiMzktYTllYi0zNjY5NjViODg3YjE=
accept: */*

Response DefaultHttpResponse(decodeResult: success, version: HTTP/1.1)
HTTP/1.1 200 OK
content-length: 15
content-type: application/json;charset=UTF-8
date: Thu, 11 May 2023 16:11:43 GMT
server: monocle/0.42
x-request-id: 3588bb92-3a28-49f3-bd08-366e44b78c7d

12:11:44.369 [AsyncHttpClient-1-2] DEBUG org.asynchttpclient.netty.channel.ChannelManager -- Adding key: https://ondemand.us-west-1.saucelabs.com:443 for channel [id: 0x5473078d, L:/192.168.1.146:56861 - R:ondemand.us-west-1.saucelabs.com/66.85.52.224:443]
12:11:44.369 [Forwarding switchToFrame on session 23c4ee5d2a954d328883c0cb6703c309 to remote] DEBUG org.asynchttpclient.netty.request.NettyRequestSender -- Using pooled Channel '[id: 0x5473078d, L:/192.168.1.146:56861 - R:ondemand.us-west-1.saucelabs.com/66.85.52.224:443]' for 'POST' to 'https://oauth-autolazare-558fb:f8d0a4b4-e059-4b39-a9eb-366965b887b1@ondemand.us-west-1.saucelabs.com:443/wd/hub/session/23c4ee5d2a954d328883c0cb6703c309/frame'
12:11:44.369 [Forwarding switchToFrame on session 23c4ee5d2a954d328883c0cb6703c309 to remote] DEBUG org.asynchttpclient.netty.request.NettyRequestSender -- Using open Channel [id: 0x5473078d, L:/192.168.1.146:56861 - R:ondemand.us-west-1.saucelabs.com/66.85.52.224:443] for POST '/wd/hub/session/23c4ee5d2a954d328883c0cb6703c309/frame'
12:11:44.551 [AsyncHttpClient-1-2] DEBUG org.asynchttpclient.netty.handler.HttpHandler -- 

Request DefaultHttpRequest(decodeResult: success, version: HTTP/1.1)
POST /wd/hub/session/23c4ee5d2a954d328883c0cb6703c309/frame HTTP/1.1
User-Agent: selenium/4.9.0 (java windows)
traceparent: 00-ee5bde93eee6b203d1d40fb027b52e62-81cfc2009bebfa38-01
Content-Length: 106
Content-Type: application/json; charset=utf-8
host: ondemand.us-west-1.saucelabs.com
authorization: Basic b2F1dGgtYXV0b2xhemFyZS01NThmYjpmOGQwYTRiNC1lMDU5LTRiMzktYTllYi0zNjY5NjViODg3YjE=
accept: */*

Response DefaultHttpResponse(decodeResult: success, version: HTTP/1.1)
HTTP/1.1 200 OK
content-length: 15
content-type: application/json;charset=UTF-8
date: Thu, 11 May 2023 16:11:43 GMT
server: monocle/0.42
x-request-id: d4fc1d86-17c1-49cf-9816-e6652ef9bec2

12:11:44.551 [AsyncHttpClient-1-2] DEBUG org.asynchttpclient.netty.channel.ChannelManager -- Adding key: https://ondemand.us-west-1.saucelabs.com:443 for channel [id: 0x5473078d, L:/192.168.1.146:56861 - R:ondemand.us-west-1.saucelabs.com/66.85.52.224:443]
12:11:44.551 [Forwarding executeScript on session 23c4ee5d2a954d328883c0cb6703c309 to remote] DEBUG org.asynchttpclient.netty.request.NettyRequestSender -- Using pooled Channel '[id: 0x5473078d, L:/192.168.1.146:56861 - R:ondemand.us-west-1.saucelabs.com/66.85.52.224:443]' for 'POST' to 'https://oauth-autolazare-558fb:f8d0a4b4-e059-4b39-a9eb-366965b887b1@ondemand.us-west-1.saucelabs.com:443/wd/hub/session/23c4ee5d2a954d328883c0cb6703c309/execute/sync'
12:11:44.551 [Forwarding executeScript on session 23c4ee5d2a954d328883c0cb6703c309 to remote] DEBUG org.asynchttpclient.netty.request.NettyRequestSender -- Using open Channel [id: 0x5473078d, L:/192.168.1.146:56861 - R:ondemand.us-west-1.saucelabs.com/66.85.52.224:443] for POST '/wd/hub/session/23c4ee5d2a954d328883c0cb6703c309/execute/sync'
12:11:44.765 [AsyncHttpClient-1-2] DEBUG org.asynchttpclient.netty.handler.HttpHandler -- 

Request DefaultHttpRequest(decodeResult: success, version: HTTP/1.1)
POST /wd/hub/session/23c4ee5d2a954d328883c0cb6703c309/execute/sync HTTP/1.1
User-Agent: selenium/4.9.0 (java windows)
traceparent: 00-0786b6d317e95ea65a99f2ef80510282-483b6358d4f8a15b-01
Content-Length: 99
Content-Type: application/json; charset=utf-8
host: ondemand.us-west-1.saucelabs.com
authorization: Basic b2F1dGgtYXV0b2xhemFyZS01NThmYjpmOGQwYTRiNC1lMDU5LTRiMzktYTllYi0zNjY5NjViODg3YjE=
accept: */*

Response DefaultHttpResponse(decodeResult: success, version: HTTP/1.1)
HTTP/1.1 200 OK
content-length: 15
content-type: application/json;charset=UTF-8
date: Thu, 11 May 2023 16:11:43 GMT
server: monocle/0.42
x-request-id: 8d4cf7bb-e58f-4582-ae0b-6c3f9765791e

12:11:44.765 [AsyncHttpClient-1-2] DEBUG org.asynchttpclient.netty.channel.ChannelManager -- Adding key: https://ondemand.us-west-1.saucelabs.com:443 for channel [id: 0x5473078d, L:/192.168.1.146:56861 - R:ondemand.us-west-1.saucelabs.com/66.85.52.224:443]
12:11:44.765 [Forwarding findElements on session 23c4ee5d2a954d328883c0cb6703c309 to remote] DEBUG org.asynchttpclient.netty.request.NettyRequestSender -- Using pooled Channel '[id: 0x5473078d, L:/192.168.1.146:56861 - R:ondemand.us-west-1.saucelabs.com/66.85.52.224:443]' for 'POST' to 'https://oauth-autolazare-558fb:f8d0a4b4-e059-4b39-a9eb-366965b887b1@ondemand.us-west-1.saucelabs.com:443/wd/hub/session/23c4ee5d2a954d328883c0cb6703c309/elements'
12:11:44.765 [Forwarding findElements on session 23c4ee5d2a954d328883c0cb6703c309 to remote] DEBUG org.asynchttpclient.netty.request.NettyRequestSender -- Using open Channel [id: 0x5473078d, L:/192.168.1.146:56861 - R:ondemand.us-west-1.saucelabs.com/66.85.52.224:443] for POST '/wd/hub/session/23c4ee5d2a954d328883c0cb6703c309/elements'
12:11:44.973 [AsyncHttpClient-1-2] DEBUG org.asynchttpclient.netty.handler.HttpHandler -- 

Request DefaultHttpRequest(decodeResult: success, version: HTTP/1.1)
POST /wd/hub/session/23c4ee5d2a954d328883c0cb6703c309/elements HTTP/1.1
User-Agent: selenium/4.9.0 (java windows)
traceparent: 00-3edb6ba527b47d836bfefe41b5008c23-bc251625a06bbcca-01
Content-Length: 98
Content-Type: application/json; charset=utf-8
host: ondemand.us-west-1.saucelabs.com
authorization: Basic b2F1dGgtYXV0b2xhemFyZS01NThmYjpmOGQwYTRiNC1lMDU5LTRiMzktYTllYi0zNjY5NjViODg3YjE=
accept: */*

Response DefaultHttpResponse(decodeResult: success, version: HTTP/1.1)
HTTP/1.1 200 OK
content-length: 13
content-type: application/json;charset=UTF-8
date: Thu, 11 May 2023 16:11:43 GMT
server: monocle/0.42
x-request-id: 92f79fd8-9251-41ee-9424-b20b2c1bf423

12:11:44.973 [AsyncHttpClient-1-2] DEBUG org.asynchttpclient.netty.channel.ChannelManager -- Adding key: https://ondemand.us-west-1.saucelabs.com:443 for channel [id: 0x5473078d, L:/192.168.1.146:56861 - R:ondemand.us-west-1.saucelabs.com/66.85.52.224:443]
12:11:44.973 [Forwarding switchToParentFrame on session 23c4ee5d2a954d328883c0cb6703c309 to remote] DEBUG org.asynchttpclient.netty.request.NettyRequestSender -- Using pooled Channel '[id: 0x5473078d, L:/192.168.1.146:56861 - R:ondemand.us-west-1.saucelabs.com/66.85.52.224:443]' for 'POST' to 'https://oauth-autolazare-558fb:f8d0a4b4-e059-4b39-a9eb-366965b887b1@ondemand.us-west-1.saucelabs.com:443/wd/hub/session/23c4ee5d2a954d328883c0cb6703c309/frame/parent'
12:11:44.973 [Forwarding switchToParentFrame on session 23c4ee5d2a954d328883c0cb6703c309 to remote] DEBUG org.asynchttpclient.netty.request.NettyRequestSender -- Using open Channel [id: 0x5473078d, L:/192.168.1.146:56861 - R:ondemand.us-west-1.saucelabs.com/66.85.52.224:443] for POST '/wd/hub/session/23c4ee5d2a954d328883c0cb6703c309/frame/parent'
12:11:45.150 [AsyncHttpClient-1-2] DEBUG org.asynchttpclient.netty.handler.HttpHandler -- 

Request DefaultHttpRequest(decodeResult: success, version: HTTP/1.1)
POST /wd/hub/session/23c4ee5d2a954d328883c0cb6703c309/frame/parent HTTP/1.1
User-Agent: selenium/4.9.0 (java windows)
traceparent: 00-6212fc4e4239b78c6bbaf4a1593e9322-5c1e3f76896960a9-01
Content-Length: 3
Content-Type: application/json; charset=utf-8
host: ondemand.us-west-1.saucelabs.com
authorization: Basic b2F1dGgtYXV0b2xhemFyZS01NThmYjpmOGQwYTRiNC1lMDU5LTRiMzktYTllYi0zNjY5NjViODg3YjE=
accept: */*

Response DefaultHttpResponse(decodeResult: success, version: HTTP/1.1)
HTTP/1.1 200 OK
content-length: 15
content-type: application/json;charset=UTF-8
date: Thu, 11 May 2023 16:11:43 GMT
server: monocle/0.42
x-request-id: 414b703d-ded5-4f80-bf81-57385d775f53

12:11:45.150 [AsyncHttpClient-1-2] DEBUG org.asynchttpclient.netty.channel.ChannelManager -- Adding key: https://ondemand.us-west-1.saucelabs.com:443 for channel [id: 0x5473078d, L:/192.168.1.146:56861 - R:ondemand.us-west-1.saucelabs.com/66.85.52.224:443]
12:11:45.152 [Forwarding executeAsyncScript on session 23c4ee5d2a954d328883c0cb6703c309 to remote] DEBUG org.asynchttpclient.netty.request.NettyRequestSender -- Using pooled Channel '[id: 0x5473078d, L:/192.168.1.146:56861 - R:ondemand.us-west-1.saucelabs.com/66.85.52.224:443]' for 'POST' to 'https://oauth-autolazare-558fb:f8d0a4b4-e059-4b39-a9eb-366965b887b1@ondemand.us-west-1.saucelabs.com:443/wd/hub/session/23c4ee5d2a954d328883c0cb6703c309/execute/async'
12:11:45.152 [Forwarding executeAsyncScript on session 23c4ee5d2a954d328883c0cb6703c309 to remote] DEBUG org.asynchttpclient.netty.request.NettyRequestSender -- Using open Channel [id: 0x5473078d, L:/192.168.1.146:56861 - R:ondemand.us-west-1.saucelabs.com/66.85.52.224:443] for POST '/wd/hub/session/23c4ee5d2a954d328883c0cb6703c309/execute/async'
12:11:48.261 [AsyncHttpClient-1-2] DEBUG org.asynchttpclient.netty.handler.HttpHandler -- 

Request DefaultHttpRequest(decodeResult: success, version: HTTP/1.1)
POST /wd/hub/session/23c4ee5d2a954d328883c0cb6703c309/execute/async HTTP/1.1
User-Agent: selenium/4.9.0 (java windows)
traceparent: 00-284bf5d92a7b298d76cccac2a65a326d-13d35a56819a5e89-01
Content-Length: 358
Content-Type: application/json; charset=utf-8
host: ondemand.us-west-1.saucelabs.com
authorization: Basic b2F1dGgtYXV0b2xhemFyZS01NThmYjpmOGQwYTRiNC1lMDU5LTRiMzktYTllYi0zNjY5NjViODg3YjE=
accept: */*

Response DefaultHttpResponse(decodeResult: success, version: HTTP/1.1)
HTTP/1.1 200 OK
content-type: application/json;charset=UTF-8
date: Thu, 11 May 2023 16:11:44 GMT
server: monocle/0.42
transfer-encoding: chunked
x-request-id: 1a80a7ea-ed89-4268-b950-2a74840e478b

12:11:48.695 [AsyncHttpClient-1-2] DEBUG org.asynchttpclient.netty.channel.ChannelManager -- Adding key: https://ondemand.us-west-1.saucelabs.com:443 for channel [id: 0x5473078d, L:/192.168.1.146:56861 - R:ondemand.us-west-1.saucelabs.com/66.85.52.224:443]
File already exists.
12:11:49.277 [Forwarding maximizeCurrentWindow on session 23c4ee5d2a954d328883c0cb6703c309 to remote] DEBUG org.asynchttpclient.netty.request.NettyRequestSender -- Using pooled Channel '[id: 0x5473078d, L:/192.168.1.146:56861 - R:ondemand.us-west-1.saucelabs.com/66.85.52.224:443]' for 'POST' to 'https://oauth-autolazare-558fb:f8d0a4b4-e059-4b39-a9eb-366965b887b1@ondemand.us-west-1.saucelabs.com:443/wd/hub/session/23c4ee5d2a954d328883c0cb6703c309/window/maximize'
12:11:49.277 [Forwarding maximizeCurrentWindow on session 23c4ee5d2a954d328883c0cb6703c309 to remote] DEBUG org.asynchttpclient.netty.request.NettyRequestSender -- Using open Channel [id: 0x5473078d, L:/192.168.1.146:56861 - R:ondemand.us-west-1.saucelabs.com/66.85.52.224:443] for POST '/wd/hub/session/23c4ee5d2a954d328883c0cb6703c309/window/maximize'
12:11:49.522 [AsyncHttpClient-1-2] DEBUG org.asynchttpclient.netty.handler.HttpHandler -- 

Request DefaultHttpRequest(decodeResult: success, version: HTTP/1.1)
POST /wd/hub/session/23c4ee5d2a954d328883c0cb6703c309/window/maximize HTTP/1.1
User-Agent: selenium/4.9.0 (java windows)
traceparent: 00-71b7729477a8ef803c939808e1356160-2b9aa3321dfa524c-01
Content-Length: 3
Content-Type: application/json; charset=utf-8
host: ondemand.us-west-1.saucelabs.com
authorization: Basic b2F1dGgtYXV0b2xhemFyZS01NThmYjpmOGQwYTRiNC1lMDU5LTRiMzktYTllYi0zNjY5NjViODg3YjE=
accept: */*

Response DefaultHttpResponse(decodeResult: success, version: HTTP/1.1)
HTTP/1.1 200 OK
content-length: 59
content-type: application/json;charset=UTF-8
date: Thu, 11 May 2023 16:11:48 GMT
server: monocle/0.42
x-request-id: 4d0bf819-0ab5-4ec4-8352-287ff3722558

12:11:49.522 [AsyncHttpClient-1-2] DEBUG org.asynchttpclient.netty.channel.ChannelManager -- Adding key: https://ondemand.us-west-1.saucelabs.com:443 for channel [id: 0x5473078d, L:/192.168.1.146:56861 - R:ondemand.us-west-1.saucelabs.com/66.85.52.224:443]
12:11:49.547 [Forwarding getTitle on session 23c4ee5d2a954d328883c0cb6703c309 to remote] DEBUG org.asynchttpclient.netty.request.NettyRequestSender -- Using pooled Channel '[id: 0x5473078d, L:/192.168.1.146:56861 - R:ondemand.us-west-1.saucelabs.com/66.85.52.224:443]' for 'GET' to 'https://oauth-autolazare-558fb:f8d0a4b4-e059-4b39-a9eb-366965b887b1@ondemand.us-west-1.saucelabs.com:443/wd/hub/session/23c4ee5d2a954d328883c0cb6703c309/title'
12:11:49.547 [Forwarding getTitle on session 23c4ee5d2a954d328883c0cb6703c309 to remote] DEBUG org.asynchttpclient.netty.request.NettyRequestSender -- Using open Channel [id: 0x5473078d, L:/192.168.1.146:56861 - R:ondemand.us-west-1.saucelabs.com/66.85.52.224:443] for GET '/wd/hub/session/23c4ee5d2a954d328883c0cb6703c309/title'
12:11:49.733 [AsyncHttpClient-1-2] DEBUG org.asynchttpclient.netty.handler.HttpHandler -- 

Request DefaultFullHttpRequest(decodeResult: success, version: HTTP/1.1, content: EmptyByteBufBE)
GET /wd/hub/session/23c4ee5d2a954d328883c0cb6703c309/title HTTP/1.1
User-Agent: selenium/4.9.0 (java windows)
Cache-Control: no-cache
traceparent: 00-96bc22df2e7ef9399099dd4bd77d8ea2-d865c983c25a8411-01
Content-Type: application/json; charset=utf-8
host: ondemand.us-west-1.saucelabs.com
authorization: Basic b2F1dGgtYXV0b2xhemFyZS01NThmYjpmOGQwYTRiNC1lMDU5LTRiMzktYTllYi0zNjY5NjViODg3YjE=
accept: */*

Response DefaultHttpResponse(decodeResult: success, version: HTTP/1.1)
HTTP/1.1 200 OK
content-length: 57
content-type: application/json;charset=UTF-8
date: Thu, 11 May 2023 16:11:48 GMT
server: monocle/0.42
x-request-id: 85df834b-daca-4ef3-aff2-f77051e97ab6

12:11:49.733 [AsyncHttpClient-1-2] DEBUG org.asynchttpclient.netty.channel.ChannelManager -- Adding key: https://ondemand.us-west-1.saucelabs.com:443 for channel [id: 0x5473078d, L:/192.168.1.146:56861 - R:ondemand.us-west-1.saucelabs.com/66.85.52.224:443]
12:11:49.733 [Forwarding quit on session 23c4ee5d2a954d328883c0cb6703c309 to remote] DEBUG org.asynchttpclient.netty.request.NettyRequestSender -- Using pooled Channel '[id: 0x5473078d, L:/192.168.1.146:56861 - R:ondemand.us-west-1.saucelabs.com/66.85.52.224:443]' for 'DELETE' to 'https://oauth-autolazare-558fb:f8d0a4b4-e059-4b39-a9eb-366965b887b1@ondemand.us-west-1.saucelabs.com:443/wd/hub/session/23c4ee5d2a954d328883c0cb6703c309'
12:11:49.733 [Forwarding quit on session 23c4ee5d2a954d328883c0cb6703c309 to remote] DEBUG org.asynchttpclient.netty.request.NettyRequestSender -- Using open Channel [id: 0x5473078d, L:/192.168.1.146:56861 - R:ondemand.us-west-1.saucelabs.com/66.85.52.224:443] for DELETE '/wd/hub/session/23c4ee5d2a954d328883c0cb6703c309'
12:11:50.076 [AsyncHttpClient-1-2] DEBUG org.asynchttpclient.netty.handler.HttpHandler -- 

Request DefaultFullHttpRequest(decodeResult: success, version: HTTP/1.1, content: EmptyByteBufBE)
DELETE /wd/hub/session/23c4ee5d2a954d328883c0cb6703c309 HTTP/1.1
User-Agent: selenium/4.9.0 (java windows)
traceparent: 00-9049001a1d7e3a9eff8648e53a4475ea-2b4c5ecf65d35bb7-01
Content-Type: application/json; charset=utf-8
host: ondemand.us-west-1.saucelabs.com
authorization: Basic b2F1dGgtYXV0b2xhemFyZS01NThmYjpmOGQwYTRiNC1lMDU5LTRiMzktYTllYi0zNjY5NjViODg3YjE=
accept: */*

Response DefaultHttpResponse(decodeResult: success, version: HTTP/1.1)
HTTP/1.1 200 OK
content-length: 13
content-type: application/json;charset=UTF-8
date: Thu, 11 May 2023 16:11:48 GMT
server: monocle/0.42
x-request-id: 2a0686d8-18ec-4a29-8cfe-4622ea7fd0e9

12:11:50.076 [AsyncHttpClient-1-2] DEBUG org.asynchttpclient.netty.channel.ChannelManager -- Adding key: https://ondemand.us-west-1.saucelabs.com:443 for channel [id: 0x5473078d, L:/192.168.1.146:56861 - R:ondemand.us-west-1.saucelabs.com/66.85.52.224:443]
  Given user navigate to the site               # stepDefinitions.Login.user_navigate_to_the_site()
]]></system-out>
    <system-err><![CDATA[May 11, 2023 12:10:48 PM org.openqa.selenium.remote.tracing.opentelemetry.OpenTelemetryTracer createTracer
INFO: Using OpenTelemetry for tracing
]]></system-err>
  </testcase>
</testsuite>