<?xml version="1.0" encoding="UTF-8"?>
<testng-results ignored="0" total="1" passed="1" failed="0" skipped="0">
  <reporter-output>
  </reporter-output>
  <suite started-at="2023-05-11T12:10:46 EDT" name="test google" finished-at="2023-05-11T12:11:52 EDT" duration-ms="65063">
    <groups>
      <group name="cucumber">
        <method signature="AbstractTestNGCucumberTests.runScenario(io.cucumber.testng.PickleWrapper,io.cucumber.testng.FeatureWrapper)[pri:0, instance:runner.Runner@4e928fbf]" name="runScenario" class="io.cucumber.testng.AbstractTestNGCucumberTests"/>
      </group> <!-- cucumber -->
    </groups>
    <test started-at="2023-05-11T12:10:46 EDT" name="Regression1" finished-at="2023-05-11T12:11:52 EDT" duration-ms="65063">
      <class name="runner.Runner">
        <test-method is-config="true" signature="setUpClass(org.testng.ITestContext)[pri:0, instance:runner.Runner@4e928fbf]" started-at="2023-05-11T12:10:47 EDT" name="setUpClass" finished-at="2023-05-11T12:10:47 EDT" duration-ms="832" status="PASS">
          <params>
            <param index="0">
              <value>
                <![CDATA[org.testng.TestRunner@69fe7090]]>
              </value>
            </param>
          </params>
          <reporter-output>
          </reporter-output>
        </test-method> <!-- setUpClass -->
        <test-method signature="runScenario(io.cucumber.testng.PickleWrapper,io.cucumber.testng.FeatureWrapper)[pri:0, instance:runner.Runner@4e928fbf]" started-at="2023-05-11T12:10:47 EDT" name="runScenario" description="Runs Cucumber Scenarios" data-provider="scenarios" finished-at="2023-05-11T12:11:50 EDT" duration-ms="62234" status="PASS">
          <params>
            <param index="0">
              <value>
                <![CDATA["Log in to page with valid credentials"]]>
              </value>
            </param>
            <param index="1">
              <value>
                <![CDATA["Login Page Functionnality"]]>
              </value>
            </param>
          </params>
          <reporter-output>
          </reporter-output>
        </test-method> <!-- runScenario -->
        <test-method is-config="true" signature="tearDownClass()[pri:0, instance:runner.Runner@4e928fbf]" started-at="2023-05-11T12:11:50 EDT" name="tearDownClass" finished-at="2023-05-11T12:11:52 EDT" duration-ms="1917" status="PASS">
          <reporter-output>
          </reporter-output>
        </test-method> <!-- tearDownClass -->
      </class> <!-- runner.Runner -->
    </test> <!-- Regression1 -->
  </suite> <!-- test google -->
</testng-results>
